{"/home/cecilia/Documents/CTable/frontend/src/App.tsx": {"path":"/home/cecilia/Documents/CTable/frontend/src/App.tsx","statementMap":{"0":{"start":{"line":9,"column":2},"end":{"line":15,"column":null}}},"fnMap":{"0":{"name":"App","decl":{"start":{"line":7,"column":9},"end":{"line":7,"column":15}},"loc":{"start":{"line":7,"column":15},"end":{"line":17,"column":null}},"line":7}},"branchMap":{},"s":{"0":2},"f":{"0":2},"b":{},"meta":{"lastBranch":0,"lastFunction":1,"lastStatement":1,"seen":{"f:7:9:7:15":0,"s:9:2:15:Infinity":0}}}
,"/home/cecilia/Documents/CTable/frontend/src/pages/EditProfile/index.tsx": {"path":"/home/cecilia/Documents/CTable/frontend/src/pages/EditProfile/index.tsx","statementMap":{"0":{"start":{"line":14,"column":34},"end":{"line":14,"column":null}},"1":{"start":{"line":15,"column":8},"end":{"line":15,"column":null}},"2":{"start":{"line":16,"column":38},"end":{"line":16,"column":null}},"3":{"start":{"line":19,"column":29},"end":{"line":23,"column":null}},"4":{"start":{"line":20,"column":4},"end":{"line":20,"column":null}},"5":{"start":{"line":20,"column":21},"end":{"line":20,"column":null}},"6":{"start":{"line":21,"column":17},"end":{"line":21,"column":null}},"7":{"start":{"line":22,"column":4},"end":{"line":22,"column":null}},"8":{"start":{"line":25,"column":43},"end":{"line":25,"column":null}},"9":{"start":{"line":28,"column":2},"end":{"line":36,"column":null}},"10":{"start":{"line":29,"column":4},"end":{"line":35,"column":null}},"11":{"start":{"line":30,"column":6},"end":{"line":30,"column":null}},"12":{"start":{"line":31,"column":6},"end":{"line":31,"column":null}},"13":{"start":{"line":32,"column":6},"end":{"line":32,"column":null}},"14":{"start":{"line":33,"column":6},"end":{"line":33,"column":null}},"15":{"start":{"line":34,"column":6},"end":{"line":34,"column":null}},"16":{"start":{"line":38,"column":19},"end":{"line":58,"column":null}},"17":{"start":{"line":39,"column":4},"end":{"line":57,"column":null}},"18":{"start":{"line":40,"column":6},"end":{"line":40,"column":null}},"19":{"start":{"line":41,"column":6},"end":{"line":41,"column":null}},"20":{"start":{"line":43,"column":6},"end":{"line":43,"column":null}},"21":{"start":{"line":45,"column":6},"end":{"line":45,"column":null}},"22":{"start":{"line":48,"column":6},"end":{"line":50,"column":null}},"23":{"start":{"line":49,"column":10},"end":{"line":49,"column":null}},"24":{"start":{"line":53,"column":6},"end":{"line":53,"column":null}},"25":{"start":{"line":54,"column":6},"end":{"line":56,"column":null}},"26":{"start":{"line":55,"column":8},"end":{"line":55,"column":null}},"27":{"start":{"line":60,"column":2},"end":{"line":123,"column":null}},"28":{"start":{"line":67,"column":27},"end":{"line":67,"column":null}}},"fnMap":{"0":{"name":"EditProfile","decl":{"start":{"line":13,"column":24},"end":{"line":13,"column":38}},"loc":{"start":{"line":13,"column":38},"end":{"line":125,"column":null}},"line":13},"1":{"name":"(anonymous_1)","decl":{"start":{"line":19,"column":29},"end":{"line":19,"column":30}},"loc":{"start":{"line":19,"column":54},"end":{"line":23,"column":null}},"line":19},"2":{"name":"(anonymous_2)","decl":{"start":{"line":28,"column":12},"end":{"line":28,"column":18}},"loc":{"start":{"line":28,"column":18},"end":{"line":36,"column":5}},"line":28},"3":{"name":"(anonymous_3)","decl":{"start":{"line":38,"column":19},"end":{"line":38,"column":26}},"loc":{"start":{"line":38,"column":52},"end":{"line":58,"column":null}},"line":38},"4":{"name":"(anonymous_4)","decl":{"start":{"line":48,"column":17},"end":{"line":48,"column":23}},"loc":{"start":{"line":48,"column":23},"end":{"line":50,"column":9}},"line":48},"5":{"name":"(anonymous_5)","decl":{"start":{"line":67,"column":21},"end":{"line":67,"column":27}},"loc":{"start":{"line":67,"column":27},"end":{"line":67,"column":null}},"line":67}},"branchMap":{"0":{"loc":{"start":{"line":20,"column":4},"end":{"line":20,"column":null}},"type":"if","locations":[{"start":{"line":20,"column":4},"end":{"line":20,"column":null}},{"start":{},"end":{}}],"line":20},"1":{"loc":{"start":{"line":29,"column":4},"end":{"line":35,"column":null}},"type":"if","locations":[{"start":{"line":29,"column":4},"end":{"line":35,"column":null}},{"start":{},"end":{}}],"line":29},"2":{"loc":{"start":{"line":30,"column":31},"end":{"line":30,"column":61}},"type":"binary-expr","locations":[{"start":{"line":30,"column":31},"end":{"line":30,"column":59}},{"start":{"line":30,"column":59},"end":{"line":30,"column":61}}],"line":30},"3":{"loc":{"start":{"line":31,"column":27},"end":{"line":31,"column":53}},"type":"binary-expr","locations":[{"start":{"line":31,"column":27},"end":{"line":31,"column":51}},{"start":{"line":31,"column":51},"end":{"line":31,"column":53}}],"line":31},"4":{"loc":{"start":{"line":32,"column":24},"end":{"line":32,"column":47}},"type":"binary-expr","locations":[{"start":{"line":32,"column":24},"end":{"line":32,"column":45}},{"start":{"line":32,"column":45},"end":{"line":32,"column":47}}],"line":32},"5":{"loc":{"start":{"line":33,"column":28},"end":{"line":33,"column":59}},"type":"binary-expr","locations":[{"start":{"line":33,"column":28},"end":{"line":33,"column":57}},{"start":{"line":33,"column":57},"end":{"line":33,"column":59}}],"line":33},"6":{"loc":{"start":{"line":54,"column":6},"end":{"line":56,"column":null}},"type":"if","locations":[{"start":{"line":54,"column":6},"end":{"line":56,"column":null}},{"start":{},"end":{}}],"line":54},"7":{"loc":{"start":{"line":63,"column":7},"end":{"line":68,"column":null}},"type":"binary-expr","locations":[{"start":{"line":63,"column":7},"end":{"line":63,"column":null}},{"start":{"line":64,"column":8},"end":{"line":68,"column":null}}],"line":63}},"s":{"0":8,"1":8,"2":8,"3":8,"4":3,"5":0,"6":3,"7":3,"8":8,"9":8,"10":3,"11":3,"12":3,"13":3,"14":3,"15":3,"16":8,"17":2,"18":2,"19":2,"20":1,"21":1,"22":1,"23":0,"24":1,"25":1,"26":1,"27":8,"28":0},"f":{"0":8,"1":3,"2":3,"3":2,"4":0,"5":0},"b":{"0":[0,3],"1":[3,0],"2":[3,0],"3":[3,0],"4":[3,0],"5":[3,0],"6":[1,0],"7":[8,2]},"meta":{"lastBranch":8,"lastFunction":6,"lastStatement":29,"seen":{"f:13:24:13:38":0,"s:14:34:14:Infinity":0,"s:15:8:15:Infinity":1,"s:16:38:16:Infinity":2,"s:19:29:23:Infinity":3,"f:19:29:19:30":1,"b:20:4:20:Infinity:undefined:undefined:undefined:undefined":0,"s:20:4:20:Infinity":4,"s:20:21:20:Infinity":5,"s:21:17:21:Infinity":6,"s:22:4:22:Infinity":7,"s:25:43:25:Infinity":8,"s:28:2:36:Infinity":9,"f:28:12:28:18":2,"b:29:4:35:Infinity:undefined:undefined:undefined:undefined":1,"s:29:4:35:Infinity":10,"s:30:6:30:Infinity":11,"b:30:31:30:59:30:59:30:61":2,"s:31:6:31:Infinity":12,"b:31:27:31:51:31:51:31:53":3,"s:32:6:32:Infinity":13,"b:32:24:32:45:32:45:32:47":4,"s:33:6:33:Infinity":14,"b:33:28:33:57:33:57:33:59":5,"s:34:6:34:Infinity":15,"s:38:19:58:Infinity":16,"f:38:19:38:26":3,"s:39:4:57:Infinity":17,"s:40:6:40:Infinity":18,"s:41:6:41:Infinity":19,"s:43:6:43:Infinity":20,"s:45:6:45:Infinity":21,"s:48:6:50:Infinity":22,"f:48:17:48:23":4,"s:49:10:49:Infinity":23,"s:53:6:53:Infinity":24,"b:54:6:56:Infinity:undefined:undefined:undefined:undefined":6,"s:54:6:56:Infinity":25,"s:55:8:55:Infinity":26,"s:60:2:123:Infinity":27,"b:63:7:63:Infinity:64:8:68:Infinity":7,"f:67:21:67:27":5,"s:67:27:67:Infinity":28}}}
,"/home/cecilia/Documents/CTable/frontend/src/pages/Feed/styles.ts": {"path":"/home/cecilia/Documents/CTable/frontend/src/pages/Feed/styles.ts","statementMap":{"0":{"start":{"line":4,"column":27},"end":{"line":5,"column":null}},"1":{"start":{"line":5,"column":33},"end":{"line":5,"column":56}},"2":{"start":{"line":10,"column":30},"end":{"line":10,"column":null}},"3":{"start":{"line":19,"column":29},"end":{"line":24,"column":null}},"4":{"start":{"line":24,"column":33},"end":{"line":24,"column":55}},"5":{"start":{"line":31,"column":24},"end":{"line":31,"column":null}}},"fnMap":{"0":{"name":"(anonymous_0)","decl":{"start":{"line":5,"column":24},"end":{"line":5,"column":33}},"loc":{"start":{"line":5,"column":33},"end":{"line":5,"column":56}},"line":5},"1":{"name":"(anonymous_1)","decl":{"start":{"line":24,"column":24},"end":{"line":24,"column":33}},"loc":{"start":{"line":24,"column":33},"end":{"line":24,"column":55}},"line":24}},"branchMap":{},"s":{"0":1,"1":8,"2":1,"3":1,"4":0,"5":1},"f":{"0":8,"1":0},"b":{},"meta":{"lastBranch":0,"lastFunction":2,"lastStatement":6,"seen":{"s:4:27:5:Infinity":0,"f:5:24:5:33":0,"s:5:33:5:56":1,"s:10:30:10:Infinity":2,"s:19:29:24:Infinity":3,"f:24:24:24:33":1,"s:24:33:24:55":4,"s:31:24:31:Infinity":5}}}
}
