{"/home/nicolas/Área de Trabalho/CTable/frontend/src/App.tsx": {"path":"/home/nicolas/Área de Trabalho/CTable/frontend/src/App.tsx","statementMap":{"0":{"start":{"line":9,"column":2},"end":{"line":15,"column":null}}},"fnMap":{"0":{"name":"App","decl":{"start":{"line":7,"column":9},"end":{"line":7,"column":15}},"loc":{"start":{"line":7,"column":15},"end":{"line":17,"column":null}},"line":7}},"branchMap":{},"s":{"0":2},"f":{"0":2},"b":{},"meta":{"lastBranch":0,"lastFunction":1,"lastStatement":1,"seen":{"f:7:9:7:15":0,"s:9:2:15:Infinity":0}}}
,"/home/nicolas/Área de Trabalho/CTable/frontend/src/API/Comment.ts": {"path":"/home/nicolas/Área de Trabalho/CTable/frontend/src/API/Comment.ts","statementMap":{"0":{"start":{"line":14,"column":22},"end":{"line":20,"column":null}},"1":{"start":{"line":15,"column":2},"end":{"line":19,"column":null}},"2":{"start":{"line":23,"column":2},"end":{"line":39,"column":null}},"3":{"start":{"line":25,"column":21},"end":{"line":28,"column":null}},"4":{"start":{"line":30,"column":4},"end":{"line":30,"column":null}},"5":{"start":{"line":34,"column":4},"end":{"line":36,"column":null}},"6":{"start":{"line":35,"column":6},"end":{"line":35,"column":null}},"7":{"start":{"line":37,"column":4},"end":{"line":37,"column":null}},"8":{"start":{"line":43,"column":2},"end":{"line":51,"column":null}},"9":{"start":{"line":45,"column":21},"end":{"line":45,"column":null}},"10":{"start":{"line":47,"column":4},"end":{"line":47,"column":null}},"11":{"start":{"line":49,"column":4},"end":{"line":49,"column":null}},"12":{"start":{"line":50,"column":4},"end":{"line":50,"column":null}},"13":{"start":{"line":57,"column":2},"end":{"line":64,"column":null}},"14":{"start":{"line":58,"column":21},"end":{"line":58,"column":null}},"15":{"start":{"line":60,"column":4},"end":{"line":60,"column":null}},"16":{"start":{"line":62,"column":4},"end":{"line":62,"column":null}},"17":{"start":{"line":63,"column":4},"end":{"line":63,"column":null}},"18":{"start":{"line":68,"column":2},"end":{"line":78,"column":null}},"19":{"start":{"line":70,"column":21},"end":{"line":70,"column":null}},"20":{"start":{"line":72,"column":4},"end":{"line":72,"column":null}},"21":{"start":{"line":74,"column":4},"end":{"line":76,"column":null}},"22":{"start":{"line":75,"column":6},"end":{"line":75,"column":null}},"23":{"start":{"line":77,"column":4},"end":{"line":77,"column":null}}},"fnMap":{"0":{"name":"(anonymous_0)","decl":{"start":{"line":14,"column":22},"end":{"line":14,"column":28}},"loc":{"start":{"line":14,"column":28},"end":{"line":20,"column":null}},"line":14},"1":{"name":"CreateComment","decl":{"start":{"line":22,"column":22},"end":{"line":22,"column":36}},"loc":{"start":{"line":22,"column":72},"end":{"line":40,"column":null}},"line":22},"2":{"name":"GetComments","decl":{"start":{"line":42,"column":22},"end":{"line":42,"column":34}},"loc":{"start":{"line":42,"column":78},"end":{"line":54,"column":null}},"line":42},"3":{"name":"GetUserComments","decl":{"start":{"line":56,"column":22},"end":{"line":56,"column":65}},"loc":{"start":{"line":56,"column":65},"end":{"line":65,"column":null}},"line":56},"4":{"name":"DeleteComment","decl":{"start":{"line":67,"column":22},"end":{"line":67,"column":36}},"loc":{"start":{"line":67,"column":55},"end":{"line":79,"column":null}},"line":67}},"branchMap":{"0":{"loc":{"start":{"line":34,"column":4},"end":{"line":36,"column":null}},"type":"if","locations":[{"start":{"line":34,"column":4},"end":{"line":36,"column":null}},{"start":{},"end":{}}],"line":34},"1":{"loc":{"start":{"line":34,"column":4},"end":{"line":34,"column":47}},"type":"binary-expr","locations":[{"start":{"line":34,"column":4},"end":{"line":34,"column":31}},{"start":{"line":34,"column":31},"end":{"line":34,"column":47}}],"line":34},"2":{"loc":{"start":{"line":74,"column":4},"end":{"line":76,"column":null}},"type":"if","locations":[{"start":{"line":74,"column":4},"end":{"line":76,"column":null}},{"start":{},"end":{}}],"line":74},"3":{"loc":{"start":{"line":74,"column":4},"end":{"line":74,"column":47}},"type":"binary-expr","locations":[{"start":{"line":74,"column":4},"end":{"line":74,"column":31}},{"start":{"line":74,"column":31},"end":{"line":74,"column":47}}],"line":74}},"s":{"0":1,"1":0,"2":0,"3":0,"4":0,"5":0,"6":0,"7":0,"8":0,"9":0,"10":0,"11":0,"12":0,"13":0,"14":0,"15":0,"16":0,"17":0,"18":0,"19":0,"20":0,"21":0,"22":0,"23":0},"f":{"0":0,"1":0,"2":0,"3":0,"4":0},"b":{"0":[0,0],"1":[0,0],"2":[0,0],"3":[0,0]},"meta":{"lastBranch":4,"lastFunction":5,"lastStatement":24,"seen":{"s:14:22:20:Infinity":0,"f:14:22:14:28":0,"s:15:2:19:Infinity":1,"f:22:22:22:36":1,"s:23:2:39:Infinity":2,"s:25:21:28:Infinity":3,"s:30:4:30:Infinity":4,"b:34:4:36:Infinity:undefined:undefined:undefined:undefined":0,"s:34:4:36:Infinity":5,"b:34:4:34:31:34:31:34:47":1,"s:35:6:35:Infinity":6,"s:37:4:37:Infinity":7,"f:42:22:42:34":2,"s:43:2:51:Infinity":8,"s:45:21:45:Infinity":9,"s:47:4:47:Infinity":10,"s:49:4:49:Infinity":11,"s:50:4:50:Infinity":12,"f:56:22:56:65":3,"s:57:2:64:Infinity":13,"s:58:21:58:Infinity":14,"s:60:4:60:Infinity":15,"s:62:4:62:Infinity":16,"s:63:4:63:Infinity":17,"f:67:22:67:36":4,"s:68:2:78:Infinity":18,"s:70:21:70:Infinity":19,"s:72:4:72:Infinity":20,"b:74:4:76:Infinity:undefined:undefined:undefined:undefined":2,"s:74:4:76:Infinity":21,"b:74:4:74:31:74:31:74:47":3,"s:75:6:75:Infinity":22,"s:77:4:77:Infinity":23}}}
,"/home/nicolas/Área de Trabalho/CTable/frontend/src/API/Community.ts": {"path":"/home/nicolas/Área de Trabalho/CTable/frontend/src/API/Community.ts","statementMap":{"0":{"start":{"line":16,"column":22},"end":{"line":22,"column":null}},"1":{"start":{"line":17,"column":2},"end":{"line":21,"column":null}},"2":{"start":{"line":26,"column":4},"end":{"line":35,"column":null}},"3":{"start":{"line":27,"column":6},"end":{"line":27,"column":null}},"4":{"start":{"line":28,"column":23},"end":{"line":28,"column":null}},"5":{"start":{"line":29,"column":6},"end":{"line":29,"column":null}},"6":{"start":{"line":31,"column":6},"end":{"line":33,"column":null}},"7":{"start":{"line":32,"column":10},"end":{"line":32,"column":null}},"8":{"start":{"line":34,"column":6},"end":{"line":34,"column":null}},"9":{"start":{"line":39,"column":2},"end":{"line":45,"column":null}},"10":{"start":{"line":40,"column":19},"end":{"line":40,"column":null}},"11":{"start":{"line":41,"column":2},"end":{"line":41,"column":null}},"12":{"start":{"line":43,"column":4},"end":{"line":43,"column":null}},"13":{"start":{"line":44,"column":4},"end":{"line":44,"column":null}},"14":{"start":{"line":49,"column":2},"end":{"line":58,"column":null}},"15":{"start":{"line":50,"column":21},"end":{"line":50,"column":null}},"16":{"start":{"line":52,"column":4},"end":{"line":52,"column":null}},"17":{"start":{"line":54,"column":4},"end":{"line":56,"column":null}},"18":{"start":{"line":55,"column":10},"end":{"line":55,"column":null}},"19":{"start":{"line":57,"column":4},"end":{"line":57,"column":null}},"20":{"start":{"line":62,"column":2},"end":{"line":71,"column":null}},"21":{"start":{"line":63,"column":21},"end":{"line":63,"column":null}},"22":{"start":{"line":65,"column":4},"end":{"line":65,"column":null}},"23":{"start":{"line":67,"column":4},"end":{"line":69,"column":null}},"24":{"start":{"line":68,"column":10},"end":{"line":68,"column":null}},"25":{"start":{"line":70,"column":4},"end":{"line":70,"column":null}},"26":{"start":{"line":75,"column":2},"end":{"line":83,"column":null}},"27":{"start":{"line":76,"column":21},"end":{"line":76,"column":null}},"28":{"start":{"line":77,"column":4},"end":{"line":77,"column":null}},"29":{"start":{"line":79,"column":4},"end":{"line":81,"column":null}},"30":{"start":{"line":80,"column":10},"end":{"line":80,"column":null}},"31":{"start":{"line":82,"column":4},"end":{"line":82,"column":null}},"32":{"start":{"line":87,"column":2},"end":{"line":99,"column":null}},"33":{"start":{"line":88,"column":21},"end":{"line":91,"column":null}},"34":{"start":{"line":93,"column":4},"end":{"line":93,"column":null}},"35":{"start":{"line":95,"column":4},"end":{"line":97,"column":null}},"36":{"start":{"line":96,"column":8},"end":{"line":96,"column":null}},"37":{"start":{"line":98,"column":4},"end":{"line":98,"column":null}},"38":{"start":{"line":103,"column":2},"end":{"line":112,"column":null}},"39":{"start":{"line":104,"column":21},"end":{"line":104,"column":null}},"40":{"start":{"line":106,"column":4},"end":{"line":106,"column":null}},"41":{"start":{"line":108,"column":4},"end":{"line":110,"column":null}},"42":{"start":{"line":109,"column":8},"end":{"line":109,"column":null}},"43":{"start":{"line":111,"column":4},"end":{"line":111,"column":null}},"44":{"start":{"line":116,"column":2},"end":{"line":122,"column":null}},"45":{"start":{"line":117,"column":21},"end":{"line":117,"column":null}},"46":{"start":{"line":118,"column":4},"end":{"line":118,"column":null}},"47":{"start":{"line":120,"column":4},"end":{"line":120,"column":null}},"48":{"start":{"line":121,"column":4},"end":{"line":121,"column":null}}},"fnMap":{"0":{"name":"(anonymous_0)","decl":{"start":{"line":16,"column":22},"end":{"line":16,"column":28}},"loc":{"start":{"line":16,"column":28},"end":{"line":22,"column":null}},"line":16},"1":{"name":"NewCommunity","decl":{"start":{"line":24,"column":22},"end":{"line":24,"column":35}},"loc":{"start":{"line":24,"column":57},"end":{"line":36,"column":null}},"line":24},"2":{"name":"GetUserCommunities","decl":{"start":{"line":38,"column":22},"end":{"line":38,"column":70}},"loc":{"start":{"line":38,"column":70},"end":{"line":46,"column":null}},"line":38},"3":{"name":"GetCommunityById","decl":{"start":{"line":48,"column":22},"end":{"line":48,"column":39}},"loc":{"start":{"line":48,"column":60},"end":{"line":59,"column":null}},"line":48},"4":{"name":"JoinCommunity","decl":{"start":{"line":61,"column":22},"end":{"line":61,"column":36}},"loc":{"start":{"line":61,"column":57},"end":{"line":72,"column":null}},"line":61},"5":{"name":"DeleteCommunity","decl":{"start":{"line":74,"column":22},"end":{"line":74,"column":38}},"loc":{"start":{"line":74,"column":59},"end":{"line":84,"column":null}},"line":74},"6":{"name":"UpdateCommunity","decl":{"start":{"line":86,"column":22},"end":{"line":86,"column":38}},"loc":{"start":{"line":86,"column":81},"end":{"line":100,"column":null}},"line":86},"7":{"name":"LeaveCommunity","decl":{"start":{"line":102,"column":22},"end":{"line":102,"column":37}},"loc":{"start":{"line":102,"column":58},"end":{"line":113,"column":null}},"line":102},"8":{"name":"GetAllCommunities","decl":{"start":{"line":115,"column":22},"end":{"line":115,"column":69}},"loc":{"start":{"line":115,"column":69},"end":{"line":123,"column":null}},"line":115}},"branchMap":{"0":{"loc":{"start":{"line":31,"column":6},"end":{"line":33,"column":null}},"type":"if","locations":[{"start":{"line":31,"column":6},"end":{"line":33,"column":null}},{"start":{},"end":{}}],"line":31},"1":{"loc":{"start":{"line":31,"column":6},"end":{"line":31,"column":49}},"type":"binary-expr","locations":[{"start":{"line":31,"column":6},"end":{"line":31,"column":33}},{"start":{"line":31,"column":33},"end":{"line":31,"column":49}}],"line":31},"2":{"loc":{"start":{"line":54,"column":4},"end":{"line":56,"column":null}},"type":"if","locations":[{"start":{"line":54,"column":4},"end":{"line":56,"column":null}},{"start":{},"end":{}}],"line":54},"3":{"loc":{"start":{"line":54,"column":4},"end":{"line":54,"column":63}},"type":"binary-expr","locations":[{"start":{"line":54,"column":4},"end":{"line":54,"column":31}},{"start":{"line":54,"column":31},"end":{"line":54,"column":63}}],"line":54},"4":{"loc":{"start":{"line":67,"column":4},"end":{"line":69,"column":null}},"type":"if","locations":[{"start":{"line":67,"column":4},"end":{"line":69,"column":null}},{"start":{},"end":{}}],"line":67},"5":{"loc":{"start":{"line":67,"column":4},"end":{"line":67,"column":47}},"type":"binary-expr","locations":[{"start":{"line":67,"column":4},"end":{"line":67,"column":31}},{"start":{"line":67,"column":31},"end":{"line":67,"column":47}}],"line":67},"6":{"loc":{"start":{"line":79,"column":4},"end":{"line":81,"column":null}},"type":"if","locations":[{"start":{"line":79,"column":4},"end":{"line":81,"column":null}},{"start":{},"end":{}}],"line":79},"7":{"loc":{"start":{"line":79,"column":4},"end":{"line":79,"column":47}},"type":"binary-expr","locations":[{"start":{"line":79,"column":4},"end":{"line":79,"column":31}},{"start":{"line":79,"column":31},"end":{"line":79,"column":47}}],"line":79},"8":{"loc":{"start":{"line":95,"column":4},"end":{"line":97,"column":null}},"type":"if","locations":[{"start":{"line":95,"column":4},"end":{"line":97,"column":null}},{"start":{},"end":{}}],"line":95},"9":{"loc":{"start":{"line":95,"column":4},"end":{"line":95,"column":47}},"type":"binary-expr","locations":[{"start":{"line":95,"column":4},"end":{"line":95,"column":31}},{"start":{"line":95,"column":31},"end":{"line":95,"column":47}}],"line":95},"10":{"loc":{"start":{"line":108,"column":4},"end":{"line":110,"column":null}},"type":"if","locations":[{"start":{"line":108,"column":4},"end":{"line":110,"column":null}},{"start":{},"end":{}}],"line":108},"11":{"loc":{"start":{"line":108,"column":4},"end":{"line":108,"column":47}},"type":"binary-expr","locations":[{"start":{"line":108,"column":4},"end":{"line":108,"column":31}},{"start":{"line":108,"column":31},"end":{"line":108,"column":47}}],"line":108}},"s":{"0":2,"1":0,"2":0,"3":0,"4":0,"5":0,"6":0,"7":0,"8":0,"9":0,"10":0,"11":0,"12":0,"13":0,"14":0,"15":0,"16":0,"17":0,"18":0,"19":0,"20":0,"21":0,"22":0,"23":0,"24":0,"25":0,"26":0,"27":0,"28":0,"29":0,"30":0,"31":0,"32":0,"33":0,"34":0,"35":0,"36":0,"37":0,"38":0,"39":0,"40":0,"41":0,"42":0,"43":0,"44":0,"45":0,"46":0,"47":0,"48":0},"f":{"0":0,"1":0,"2":0,"3":0,"4":0,"5":0,"6":0,"7":0,"8":0},"b":{"0":[0,0],"1":[0,0],"2":[0,0],"3":[0,0],"4":[0,0],"5":[0,0],"6":[0,0],"7":[0,0],"8":[0,0],"9":[0,0],"10":[0,0],"11":[0,0]},"meta":{"lastBranch":12,"lastFunction":9,"lastStatement":49,"seen":{"s:16:22:22:Infinity":0,"f:16:22:16:28":0,"s:17:2:21:Infinity":1,"f:24:22:24:35":1,"s:26:4:35:Infinity":2,"s:27:6:27:Infinity":3,"s:28:23:28:Infinity":4,"s:29:6:29:Infinity":5,"b:31:6:33:Infinity:undefined:undefined:undefined:undefined":0,"s:31:6:33:Infinity":6,"b:31:6:31:33:31:33:31:49":1,"s:32:10:32:Infinity":7,"s:34:6:34:Infinity":8,"f:38:22:38:70":2,"s:39:2:45:Infinity":9,"s:40:19:40:Infinity":10,"s:41:2:41:Infinity":11,"s:43:4:43:Infinity":12,"s:44:4:44:Infinity":13,"f:48:22:48:39":3,"s:49:2:58:Infinity":14,"s:50:21:50:Infinity":15,"s:52:4:52:Infinity":16,"b:54:4:56:Infinity:undefined:undefined:undefined:undefined":2,"s:54:4:56:Infinity":17,"b:54:4:54:31:54:31:54:63":3,"s:55:10:55:Infinity":18,"s:57:4:57:Infinity":19,"f:61:22:61:36":4,"s:62:2:71:Infinity":20,"s:63:21:63:Infinity":21,"s:65:4:65:Infinity":22,"b:67:4:69:Infinity:undefined:undefined:undefined:undefined":4,"s:67:4:69:Infinity":23,"b:67:4:67:31:67:31:67:47":5,"s:68:10:68:Infinity":24,"s:70:4:70:Infinity":25,"f:74:22:74:38":5,"s:75:2:83:Infinity":26,"s:76:21:76:Infinity":27,"s:77:4:77:Infinity":28,"b:79:4:81:Infinity:undefined:undefined:undefined:undefined":6,"s:79:4:81:Infinity":29,"b:79:4:79:31:79:31:79:47":7,"s:80:10:80:Infinity":30,"s:82:4:82:Infinity":31,"f:86:22:86:38":6,"s:87:2:99:Infinity":32,"s:88:21:91:Infinity":33,"s:93:4:93:Infinity":34,"b:95:4:97:Infinity:undefined:undefined:undefined:undefined":8,"s:95:4:97:Infinity":35,"b:95:4:95:31:95:31:95:47":9,"s:96:8:96:Infinity":36,"s:98:4:98:Infinity":37,"f:102:22:102:37":7,"s:103:2:112:Infinity":38,"s:104:21:104:Infinity":39,"s:106:4:106:Infinity":40,"b:108:4:110:Infinity:undefined:undefined:undefined:undefined":10,"s:108:4:110:Infinity":41,"b:108:4:108:31:108:31:108:47":11,"s:109:8:109:Infinity":42,"s:111:4:111:Infinity":43,"f:115:22:115:69":8,"s:116:2:122:Infinity":44,"s:117:21:117:Infinity":45,"s:118:4:118:Infinity":46,"s:120:4:120:Infinity":47,"s:121:4:121:Infinity":48}}}
,"/home/nicolas/Área de Trabalho/CTable/frontend/src/API/Project.ts": {"path":"/home/nicolas/Área de Trabalho/CTable/frontend/src/API/Project.ts","statementMap":{"0":{"start":{"line":18,"column":26},"end":{"line":18,"column":null}},"1":{"start":{"line":21,"column":2},"end":{"line":21,"column":null}},"2":{"start":{"line":24,"column":22},"end":{"line":30,"column":null}},"3":{"start":{"line":25,"column":2},"end":{"line":29,"column":null}},"4":{"start":{"line":33,"column":2},"end":{"line":42,"column":null}},"5":{"start":{"line":34,"column":21},"end":{"line":34,"column":null}},"6":{"start":{"line":36,"column":4},"end":{"line":36,"column":null}},"7":{"start":{"line":38,"column":4},"end":{"line":40,"column":null}},"8":{"start":{"line":39,"column":6},"end":{"line":39,"column":null}},"9":{"start":{"line":41,"column":4},"end":{"line":41,"column":null}},"10":{"start":{"line":46,"column":2},"end":{"line":57,"column":null}},"11":{"start":{"line":47,"column":21},"end":{"line":50,"column":null}},"12":{"start":{"line":51,"column":4},"end":{"line":51,"column":null}},"13":{"start":{"line":53,"column":4},"end":{"line":55,"column":null}},"14":{"start":{"line":54,"column":6},"end":{"line":54,"column":null}},"15":{"start":{"line":56,"column":4},"end":{"line":56,"column":null}},"16":{"start":{"line":63,"column":2},"end":{"line":72,"column":null}},"17":{"start":{"line":64,"column":21},"end":{"line":64,"column":null}},"18":{"start":{"line":66,"column":4},"end":{"line":66,"column":null}},"19":{"start":{"line":68,"column":4},"end":{"line":68,"column":null}},"20":{"start":{"line":70,"column":4},"end":{"line":70,"column":null}},"21":{"start":{"line":71,"column":4},"end":{"line":71,"column":null}},"22":{"start":{"line":76,"column":2},"end":{"line":84,"column":null}},"23":{"start":{"line":77,"column":4},"end":{"line":77,"column":null}},"24":{"start":{"line":80,"column":4},"end":{"line":82,"column":null}},"25":{"start":{"line":81,"column":6},"end":{"line":81,"column":null}},"26":{"start":{"line":83,"column":4},"end":{"line":83,"column":null}},"27":{"start":{"line":88,"column":2},"end":{"line":99,"column":null}},"28":{"start":{"line":89,"column":21},"end":{"line":89,"column":null}},"29":{"start":{"line":91,"column":4},"end":{"line":91,"column":null}},"30":{"start":{"line":93,"column":4},"end":{"line":93,"column":null}},"31":{"start":{"line":95,"column":4},"end":{"line":97,"column":null}},"32":{"start":{"line":96,"column":6},"end":{"line":96,"column":null}},"33":{"start":{"line":98,"column":4},"end":{"line":98,"column":null}},"34":{"start":{"line":103,"column":2},"end":{"line":110,"column":null}},"35":{"start":{"line":104,"column":21},"end":{"line":104,"column":null}},"36":{"start":{"line":106,"column":4},"end":{"line":106,"column":null}},"37":{"start":{"line":108,"column":4},"end":{"line":108,"column":null}},"38":{"start":{"line":109,"column":4},"end":{"line":109,"column":null}}},"fnMap":{"0":{"name":"parseDate","decl":{"start":{"line":16,"column":16},"end":{"line":16,"column":26}},"loc":{"start":{"line":16,"column":52},"end":{"line":22,"column":null}},"line":16},"1":{"name":"(anonymous_1)","decl":{"start":{"line":24,"column":22},"end":{"line":24,"column":28}},"loc":{"start":{"line":24,"column":28},"end":{"line":30,"column":null}},"line":24},"2":{"name":"NewProject","decl":{"start":{"line":32,"column":22},"end":{"line":32,"column":33}},"loc":{"start":{"line":32,"column":53},"end":{"line":43,"column":null}},"line":32},"3":{"name":"UpdateProject","decl":{"start":{"line":45,"column":22},"end":{"line":45,"column":36}},"loc":{"start":{"line":45,"column":75},"end":{"line":59,"column":null}},"line":45},"4":{"name":"GetFeedProjects","decl":{"start":{"line":61,"column":22},"end":{"line":61,"column":65}},"loc":{"start":{"line":61,"column":65},"end":{"line":73,"column":null}},"line":61},"5":{"name":"DeleteProject","decl":{"start":{"line":75,"column":22},"end":{"line":75,"column":36}},"loc":{"start":{"line":75,"column":55},"end":{"line":85,"column":null}},"line":75},"6":{"name":"GetUserProjects","decl":{"start":{"line":87,"column":22},"end":{"line":87,"column":65}},"loc":{"start":{"line":87,"column":65},"end":{"line":100,"column":null}},"line":87},"7":{"name":"GetProjectById","decl":{"start":{"line":102,"column":22},"end":{"line":102,"column":37}},"loc":{"start":{"line":102,"column":79},"end":{"line":111,"column":null}},"line":102}},"branchMap":{"0":{"loc":{"start":{"line":38,"column":4},"end":{"line":40,"column":null}},"type":"if","locations":[{"start":{"line":38,"column":4},"end":{"line":40,"column":null}},{"start":{},"end":{}}],"line":38},"1":{"loc":{"start":{"line":38,"column":4},"end":{"line":38,"column":47}},"type":"binary-expr","locations":[{"start":{"line":38,"column":4},"end":{"line":38,"column":31}},{"start":{"line":38,"column":31},"end":{"line":38,"column":47}}],"line":38},"2":{"loc":{"start":{"line":53,"column":4},"end":{"line":55,"column":null}},"type":"if","locations":[{"start":{"line":53,"column":4},"end":{"line":55,"column":null}},{"start":{},"end":{}}],"line":53},"3":{"loc":{"start":{"line":53,"column":4},"end":{"line":53,"column":47}},"type":"binary-expr","locations":[{"start":{"line":53,"column":4},"end":{"line":53,"column":31}},{"start":{"line":53,"column":31},"end":{"line":53,"column":47}}],"line":53},"4":{"loc":{"start":{"line":80,"column":4},"end":{"line":82,"column":null}},"type":"if","locations":[{"start":{"line":80,"column":4},"end":{"line":82,"column":null}},{"start":{},"end":{}}],"line":80},"5":{"loc":{"start":{"line":80,"column":4},"end":{"line":80,"column":47}},"type":"binary-expr","locations":[{"start":{"line":80,"column":4},"end":{"line":80,"column":31}},{"start":{"line":80,"column":31},"end":{"line":80,"column":47}}],"line":80},"6":{"loc":{"start":{"line":95,"column":4},"end":{"line":97,"column":null}},"type":"if","locations":[{"start":{"line":95,"column":4},"end":{"line":97,"column":null}},{"start":{},"end":{}}],"line":95},"7":{"loc":{"start":{"line":95,"column":4},"end":{"line":95,"column":47}},"type":"binary-expr","locations":[{"start":{"line":95,"column":4},"end":{"line":95,"column":31}},{"start":{"line":95,"column":31},"end":{"line":95,"column":47}}],"line":95}},"s":{"0":2,"1":2,"2":4,"3":0,"4":0,"5":0,"6":0,"7":0,"8":0,"9":0,"10":0,"11":0,"12":0,"13":0,"14":0,"15":0,"16":0,"17":0,"18":0,"19":0,"20":0,"21":0,"22":0,"23":0,"24":0,"25":0,"26":0,"27":0,"28":0,"29":0,"30":0,"31":0,"32":0,"33":0,"34":0,"35":0,"36":0,"37":0,"38":0},"f":{"0":2,"1":0,"2":0,"3":0,"4":0,"5":0,"6":0,"7":0},"b":{"0":[0,0],"1":[0,0],"2":[0,0],"3":[0,0],"4":[0,0],"5":[0,0],"6":[0,0],"7":[0,0]},"meta":{"lastBranch":8,"lastFunction":8,"lastStatement":39,"seen":{"f:16:16:16:26":0,"s:18:26:18:Infinity":0,"s:21:2:21:Infinity":1,"s:24:22:30:Infinity":2,"f:24:22:24:28":1,"s:25:2:29:Infinity":3,"f:32:22:32:33":2,"s:33:2:42:Infinity":4,"s:34:21:34:Infinity":5,"s:36:4:36:Infinity":6,"b:38:4:40:Infinity:undefined:undefined:undefined:undefined":0,"s:38:4:40:Infinity":7,"b:38:4:38:31:38:31:38:47":1,"s:39:6:39:Infinity":8,"s:41:4:41:Infinity":9,"f:45:22:45:36":3,"s:46:2:57:Infinity":10,"s:47:21:50:Infinity":11,"s:51:4:51:Infinity":12,"b:53:4:55:Infinity:undefined:undefined:undefined:undefined":2,"s:53:4:55:Infinity":13,"b:53:4:53:31:53:31:53:47":3,"s:54:6:54:Infinity":14,"s:56:4:56:Infinity":15,"f:61:22:61:65":4,"s:63:2:72:Infinity":16,"s:64:21:64:Infinity":17,"s:66:4:66:Infinity":18,"s:68:4:68:Infinity":19,"s:70:4:70:Infinity":20,"s:71:4:71:Infinity":21,"f:75:22:75:36":5,"s:76:2:84:Infinity":22,"s:77:4:77:Infinity":23,"b:80:4:82:Infinity:undefined:undefined:undefined:undefined":4,"s:80:4:82:Infinity":24,"b:80:4:80:31:80:31:80:47":5,"s:81:6:81:Infinity":25,"s:83:4:83:Infinity":26,"f:87:22:87:65":6,"s:88:2:99:Infinity":27,"s:89:21:89:Infinity":28,"s:91:4:91:Infinity":29,"s:93:4:93:Infinity":30,"b:95:4:97:Infinity:undefined:undefined:undefined:undefined":6,"s:95:4:97:Infinity":31,"b:95:4:95:31:95:31:95:47":7,"s:96:6:96:Infinity":32,"s:98:4:98:Infinity":33,"f:102:22:102:37":7,"s:103:2:110:Infinity":34,"s:104:21:104:Infinity":35,"s:106:4:106:Infinity":36,"s:108:4:108:Infinity":37,"s:109:4:109:Infinity":38}}}
,"/home/nicolas/Área de Trabalho/CTable/frontend/src/API/api.ts": {"path":"/home/nicolas/Área de Trabalho/CTable/frontend/src/API/api.ts","statementMap":{"0":{"start":{"line":3,"column":12},"end":{"line":5,"column":null}}},"fnMap":{},"branchMap":{"0":{"loc":{"start":{"line":4,"column":11},"end":{"line":4,"column":null}},"type":"binary-expr","locations":[{"start":{"line":4,"column":11},"end":{"line":4,"column":43}},{"start":{"line":4,"column":43},"end":{"line":4,"column":null}}],"line":4}},"s":{"0":5},"f":{},"b":{"0":[5,5]},"meta":{"lastBranch":1,"lastFunction":0,"lastStatement":1,"seen":{"s:3:12:5:Infinity":0,"b:4:11:4:43:4:43:4:Infinity":0}}}
,"/home/nicolas/Área de Trabalho/CTable/frontend/src/components/common/Keyword/index.tsx": {"path":"/home/nicolas/Área de Trabalho/CTable/frontend/src/components/common/Keyword/index.tsx","statementMap":{"0":{"start":{"line":10,"column":47},"end":{"line":19,"column":null}},"1":{"start":{"line":11,"column":2},"end":{"line":17,"column":null}},"2":{"start":{"line":21,"column":32},"end":{"line":21,"column":null}}},"fnMap":{"0":{"name":"(anonymous_0)","decl":{"start":{"line":10,"column":47},"end":{"line":10,"column":48}},"loc":{"start":{"line":10,"column":75},"end":{"line":19,"column":null}},"line":10}},"branchMap":{},"s":{"0":1,"1":2,"2":1},"f":{"0":2},"b":{},"meta":{"lastBranch":0,"lastFunction":1,"lastStatement":3,"seen":{"s:10:47:19:Infinity":0,"f:10:47:10:48":0,"s:11:2:17:Infinity":1,"s:21:32:21:Infinity":2}}}
,"/home/nicolas/Área de Trabalho/CTable/frontend/src/components/common/Modal/index.tsx": {"path":"/home/nicolas/Área de Trabalho/CTable/frontend/src/components/common/Modal/index.tsx","statementMap":{"0":{"start":{"line":11,"column":36},"end":{"line":30,"column":null}},"1":{"start":{"line":12,"column":2},"end":{"line":14,"column":null}},"2":{"start":{"line":13,"column":4},"end":{"line":13,"column":null}},"3":{"start":{"line":17,"column":29},"end":{"line":19,"column":null}},"4":{"start":{"line":18,"column":4},"end":{"line":18,"column":null}},"5":{"start":{"line":21,"column":2},"end":{"line":28,"column":null}}},"fnMap":{"0":{"name":"(anonymous_0)","decl":{"start":{"line":11,"column":36},"end":{"line":11,"column":37}},"loc":{"start":{"line":11,"column":78},"end":{"line":30,"column":null}},"line":11},"1":{"name":"(anonymous_1)","decl":{"start":{"line":17,"column":29},"end":{"line":17,"column":30}},"loc":{"start":{"line":17,"column":54},"end":{"line":19,"column":null}},"line":17}},"branchMap":{"0":{"loc":{"start":{"line":12,"column":2},"end":{"line":14,"column":null}},"type":"if","locations":[{"start":{"line":12,"column":2},"end":{"line":14,"column":null}},{"start":{},"end":{}}],"line":12}},"s":{"0":1,"1":5,"2":1,"3":4,"4":2,"5":4},"f":{"0":5,"1":2},"b":{"0":[1,4]},"meta":{"lastBranch":1,"lastFunction":2,"lastStatement":6,"seen":{"s:11:36:30:Infinity":0,"f:11:36:11:37":0,"b:12:2:14:Infinity:undefined:undefined:undefined:undefined":0,"s:12:2:14:Infinity":1,"s:13:4:13:Infinity":2,"s:17:29:19:Infinity":3,"f:17:29:17:30":1,"s:18:4:18:Infinity":4,"s:21:2:28:Infinity":5}}}
,"/home/nicolas/Área de Trabalho/CTable/frontend/src/components/common/Toast/index.tsx": {"path":"/home/nicolas/Área de Trabalho/CTable/frontend/src/components/common/Toast/index.tsx","statementMap":{"0":{"start":{"line":15,"column":36},"end":{"line":37,"column":null}},"1":{"start":{"line":18,"column":2},"end":{"line":27,"column":null}},"2":{"start":{"line":19,"column":18},"end":{"line":21,"column":null}},"3":{"start":{"line":20,"column":6},"end":{"line":20,"column":null}},"4":{"start":{"line":24,"column":4},"end":{"line":26,"column":null}},"5":{"start":{"line":25,"column":6},"end":{"line":25,"column":null}},"6":{"start":{"line":29,"column":2},"end":{"line":35,"column":null}}},"fnMap":{"0":{"name":"(anonymous_0)","decl":{"start":{"line":15,"column":36},"end":{"line":15,"column":37}},"loc":{"start":{"line":15,"column":68},"end":{"line":37,"column":null}},"line":15},"1":{"name":"(anonymous_1)","decl":{"start":{"line":18,"column":12},"end":{"line":18,"column":18}},"loc":{"start":{"line":18,"column":18},"end":{"line":27,"column":5}},"line":18},"2":{"name":"(anonymous_2)","decl":{"start":{"line":19,"column":29},"end":{"line":19,"column":35}},"loc":{"start":{"line":19,"column":35},"end":{"line":21,"column":7}},"line":19},"3":{"name":"(anonymous_3)","decl":{"start":{"line":24,"column":11},"end":{"line":24,"column":17}},"loc":{"start":{"line":24,"column":17},"end":{"line":26,"column":null}},"line":24}},"branchMap":{},"s":{"0":1,"1":4,"2":4,"3":1,"4":4,"5":4,"6":4},"f":{"0":4,"1":4,"2":1,"3":4},"b":{},"meta":{"lastBranch":0,"lastFunction":4,"lastStatement":7,"seen":{"s:15:36:37:Infinity":0,"f:15:36:15:37":0,"s:18:2:27:Infinity":1,"f:18:12:18:18":1,"s:19:18:21:Infinity":2,"f:19:29:19:35":2,"s:20:6:20:Infinity":3,"s:24:4:26:Infinity":4,"f:24:11:24:17":3,"s:25:6:25:Infinity":5,"s:29:2:35:Infinity":6}}}
,"/home/nicolas/Área de Trabalho/CTable/frontend/src/components/domain/CreationForm/styles.ts": {"path":"/home/nicolas/Área de Trabalho/CTable/frontend/src/components/domain/CreationForm/styles.ts","statementMap":{"0":{"start":{"line":4,"column":29},"end":{"line":6,"column":null}},"1":{"start":{"line":6,"column":25},"end":{"line":6,"column":48}},"2":{"start":{"line":16,"column":26},"end":{"line":16,"column":null}},"3":{"start":{"line":22,"column":21},"end":{"line":26,"column":null}},"4":{"start":{"line":26,"column":20},"end":{"line":26,"column":37}},"5":{"start":{"line":31,"column":21},"end":{"line":50,"column":null}},"6":{"start":{"line":37,"column":31},"end":{"line":37,"column":54}},"7":{"start":{"line":39,"column":20},"end":{"line":39,"column":37}},"8":{"start":{"line":44,"column":22},"end":{"line":44,"column":45}},"9":{"start":{"line":49,"column":29},"end":{"line":49,"column":48}},"10":{"start":{"line":50,"column":37},"end":{"line":50,"column":56}},"11":{"start":{"line":54,"column":29},"end":{"line":62,"column":null}},"12":{"start":{"line":62,"column":22},"end":{"line":62,"column":45}},"13":{"start":{"line":72,"column":22},"end":{"line":97,"column":null}},"14":{"start":{"line":78,"column":31},"end":{"line":78,"column":54}},"15":{"start":{"line":80,"column":20},"end":{"line":80,"column":37}},"16":{"start":{"line":92,"column":29},"end":{"line":92,"column":48}},"17":{"start":{"line":93,"column":37},"end":{"line":93,"column":56}},"18":{"start":{"line":97,"column":22},"end":{"line":97,"column":45}},"19":{"start":{"line":102,"column":29},"end":{"line":102,"column":null}},"20":{"start":{"line":108,"column":33},"end":{"line":114,"column":null}},"21":{"start":{"line":114,"column":31},"end":{"line":114,"column":54}},"22":{"start":{"line":125,"column":32},"end":{"line":133,"column":null}},"23":{"start":{"line":129,"column":20},"end":{"line":129,"column":37}},"24":{"start":{"line":133,"column":33},"end":{"line":133,"column":56}},"25":{"start":{"line":138,"column":28},"end":{"line":138,"column":null}},"26":{"start":{"line":144,"column":28},"end":{"line":157,"column":null}},"27":{"start":{"line":148,"column":20},"end":{"line":148,"column":37}},"28":{"start":{"line":149,"column":31},"end":{"line":149,"column":49}},"29":{"start":{"line":157,"column":33},"end":{"line":157,"column":60}},"30":{"start":{"line":162,"column":24},"end":{"line":184,"column":null}},"31":{"start":{"line":169,"column":31},"end":{"line":169,"column":54}},"32":{"start":{"line":171,"column":20},"end":{"line":171,"column":37}},"33":{"start":{"line":178,"column":22},"end":{"line":178,"column":45}},"34":{"start":{"line":183,"column":29},"end":{"line":183,"column":48}},"35":{"start":{"line":184,"column":37},"end":{"line":184,"column":56}},"36":{"start":{"line":189,"column":30},"end":{"line":192,"column":null}},"37":{"start":{"line":192,"column":20},"end":{"line":192,"column":43}}},"fnMap":{"0":{"name":"(anonymous_0)","decl":{"start":{"line":6,"column":16},"end":{"line":6,"column":25}},"loc":{"start":{"line":6,"column":25},"end":{"line":6,"column":48}},"line":6},"1":{"name":"(anonymous_1)","decl":{"start":{"line":26,"column":11},"end":{"line":26,"column":20}},"loc":{"start":{"line":26,"column":20},"end":{"line":26,"column":37}},"line":26},"2":{"name":"(anonymous_2)","decl":{"start":{"line":37,"column":22},"end":{"line":37,"column":31}},"loc":{"start":{"line":37,"column":31},"end":{"line":37,"column":54}},"line":37},"3":{"name":"(anonymous_3)","decl":{"start":{"line":39,"column":11},"end":{"line":39,"column":20}},"loc":{"start":{"line":39,"column":20},"end":{"line":39,"column":37}},"line":39},"4":{"name":"(anonymous_4)","decl":{"start":{"line":44,"column":13},"end":{"line":44,"column":22}},"loc":{"start":{"line":44,"column":22},"end":{"line":44,"column":45}},"line":44},"5":{"name":"(anonymous_5)","decl":{"start":{"line":49,"column":20},"end":{"line":49,"column":29}},"loc":{"start":{"line":49,"column":29},"end":{"line":49,"column":48}},"line":49},"6":{"name":"(anonymous_6)","decl":{"start":{"line":50,"column":28},"end":{"line":50,"column":37}},"loc":{"start":{"line":50,"column":37},"end":{"line":50,"column":56}},"line":50},"7":{"name":"(anonymous_7)","decl":{"start":{"line":62,"column":13},"end":{"line":62,"column":22}},"loc":{"start":{"line":62,"column":22},"end":{"line":62,"column":45}},"line":62},"8":{"name":"(anonymous_8)","decl":{"start":{"line":78,"column":22},"end":{"line":78,"column":31}},"loc":{"start":{"line":78,"column":31},"end":{"line":78,"column":54}},"line":78},"9":{"name":"(anonymous_9)","decl":{"start":{"line":80,"column":11},"end":{"line":80,"column":20}},"loc":{"start":{"line":80,"column":20},"end":{"line":80,"column":37}},"line":80},"10":{"name":"(anonymous_10)","decl":{"start":{"line":92,"column":20},"end":{"line":92,"column":29}},"loc":{"start":{"line":92,"column":29},"end":{"line":92,"column":48}},"line":92},"11":{"name":"(anonymous_11)","decl":{"start":{"line":93,"column":28},"end":{"line":93,"column":37}},"loc":{"start":{"line":93,"column":37},"end":{"line":93,"column":56}},"line":93},"12":{"name":"(anonymous_12)","decl":{"start":{"line":97,"column":13},"end":{"line":97,"column":22}},"loc":{"start":{"line":97,"column":22},"end":{"line":97,"column":45}},"line":97},"13":{"name":"(anonymous_13)","decl":{"start":{"line":114,"column":22},"end":{"line":114,"column":31}},"loc":{"start":{"line":114,"column":31},"end":{"line":114,"column":54}},"line":114},"14":{"name":"(anonymous_14)","decl":{"start":{"line":129,"column":11},"end":{"line":129,"column":20}},"loc":{"start":{"line":129,"column":20},"end":{"line":129,"column":37}},"line":129},"15":{"name":"(anonymous_15)","decl":{"start":{"line":133,"column":24},"end":{"line":133,"column":33}},"loc":{"start":{"line":133,"column":33},"end":{"line":133,"column":56}},"line":133},"16":{"name":"(anonymous_16)","decl":{"start":{"line":148,"column":11},"end":{"line":148,"column":20}},"loc":{"start":{"line":148,"column":20},"end":{"line":148,"column":37}},"line":148},"17":{"name":"(anonymous_17)","decl":{"start":{"line":149,"column":22},"end":{"line":149,"column":31}},"loc":{"start":{"line":149,"column":31},"end":{"line":149,"column":49}},"line":149},"18":{"name":"(anonymous_18)","decl":{"start":{"line":157,"column":24},"end":{"line":157,"column":33}},"loc":{"start":{"line":157,"column":33},"end":{"line":157,"column":60}},"line":157},"19":{"name":"(anonymous_19)","decl":{"start":{"line":169,"column":22},"end":{"line":169,"column":31}},"loc":{"start":{"line":169,"column":31},"end":{"line":169,"column":54}},"line":169},"20":{"name":"(anonymous_20)","decl":{"start":{"line":171,"column":11},"end":{"line":171,"column":20}},"loc":{"start":{"line":171,"column":20},"end":{"line":171,"column":37}},"line":171},"21":{"name":"(anonymous_21)","decl":{"start":{"line":178,"column":13},"end":{"line":178,"column":22}},"loc":{"start":{"line":178,"column":22},"end":{"line":178,"column":45}},"line":178},"22":{"name":"(anonymous_22)","decl":{"start":{"line":183,"column":20},"end":{"line":183,"column":29}},"loc":{"start":{"line":183,"column":29},"end":{"line":183,"column":48}},"line":183},"23":{"name":"(anonymous_23)","decl":{"start":{"line":184,"column":28},"end":{"line":184,"column":37}},"loc":{"start":{"line":184,"column":37},"end":{"line":184,"column":56}},"line":184},"24":{"name":"(anonymous_24)","decl":{"start":{"line":192,"column":11},"end":{"line":192,"column":20}},"loc":{"start":{"line":192,"column":20},"end":{"line":192,"column":43}},"line":192}},"branchMap":{},"s":{"0":2,"1":20,"2":2,"3":2,"4":86,"5":2,"6":33,"7":33,"8":33,"9":33,"10":33,"11":2,"12":13,"13":2,"14":13,"15":13,"16":13,"17":13,"18":13,"19":2,"20":2,"21":0,"22":2,"23":0,"24":0,"25":2,"26":2,"27":20,"28":20,"29":20,"30":2,"31":20,"32":20,"33":20,"34":20,"35":20,"36":2,"37":20},"f":{"0":20,"1":86,"2":33,"3":33,"4":33,"5":33,"6":33,"7":13,"8":13,"9":13,"10":13,"11":13,"12":13,"13":0,"14":0,"15":0,"16":20,"17":20,"18":20,"19":20,"20":20,"21":20,"22":20,"23":20,"24":20},"b":{},"meta":{"lastBranch":0,"lastFunction":25,"lastStatement":38,"seen":{"s:4:29:6:Infinity":0,"f:6:16:6:25":0,"s:6:25:6:48":1,"s:16:26:16:Infinity":2,"s:22:21:26:Infinity":3,"f:26:11:26:20":1,"s:26:20:26:37":4,"s:31:21:50:Infinity":5,"f:37:22:37:31":2,"s:37:31:37:54":6,"f:39:11:39:20":3,"s:39:20:39:37":7,"f:44:13:44:22":4,"s:44:22:44:45":8,"f:49:20:49:29":5,"s:49:29:49:48":9,"f:50:28:50:37":6,"s:50:37:50:56":10,"s:54:29:62:Infinity":11,"f:62:13:62:22":7,"s:62:22:62:45":12,"s:72:22:97:Infinity":13,"f:78:22:78:31":8,"s:78:31:78:54":14,"f:80:11:80:20":9,"s:80:20:80:37":15,"f:92:20:92:29":10,"s:92:29:92:48":16,"f:93:28:93:37":11,"s:93:37:93:56":17,"f:97:13:97:22":12,"s:97:22:97:45":18,"s:102:29:102:Infinity":19,"s:108:33:114:Infinity":20,"f:114:22:114:31":13,"s:114:31:114:54":21,"s:125:32:133:Infinity":22,"f:129:11:129:20":14,"s:129:20:129:37":23,"f:133:24:133:33":15,"s:133:33:133:56":24,"s:138:28:138:Infinity":25,"s:144:28:157:Infinity":26,"f:148:11:148:20":16,"s:148:20:148:37":27,"f:149:22:149:31":17,"s:149:31:149:49":28,"f:157:24:157:33":18,"s:157:33:157:60":29,"s:162:24:184:Infinity":30,"f:169:22:169:31":19,"s:169:31:169:54":31,"f:171:11:171:20":20,"s:171:20:171:37":32,"f:178:13:178:22":21,"s:178:22:178:45":33,"f:183:20:183:29":22,"s:183:29:183:48":34,"f:184:28:184:37":23,"s:184:37:184:56":35,"s:189:30:192:Infinity":36,"f:192:11:192:20":24,"s:192:20:192:43":37}}}
,"/home/nicolas/Área de Trabalho/CTable/frontend/src/components/domain/Postcard/index.tsx": {"path":"/home/nicolas/Área de Trabalho/CTable/frontend/src/components/domain/Postcard/index.tsx","statementMap":{"0":{"start":{"line":15,"column":18},"end":{"line":19,"column":null}},"1":{"start":{"line":16,"column":2},"end":{"line":19,"column":null}},"2":{"start":{"line":23,"column":20},"end":{"line":26,"column":null}},"3":{"start":{"line":24,"column":2},"end":{"line":26,"column":null}},"4":{"start":{"line":31,"column":21},"end":{"line":34,"column":null}},"5":{"start":{"line":32,"column":2},"end":{"line":34,"column":null}},"6":{"start":{"line":46,"column":22},"end":{"line":46,"column":null}},"7":{"start":{"line":48,"column":34},"end":{"line":48,"column":null}},"8":{"start":{"line":49,"column":8},"end":{"line":49,"column":null}},"9":{"start":{"line":50,"column":8},"end":{"line":50,"column":null}},"10":{"start":{"line":51,"column":48},"end":{"line":51,"column":null}},"11":{"start":{"line":52,"column":38},"end":{"line":52,"column":null}},"12":{"start":{"line":55,"column":46},"end":{"line":55,"column":null}},"13":{"start":{"line":56,"column":36},"end":{"line":56,"column":null}},"14":{"start":{"line":57,"column":52},"end":{"line":57,"column":null}},"15":{"start":{"line":58,"column":28},"end":{"line":58,"column":null}},"16":{"start":{"line":59,"column":30},"end":{"line":59,"column":null}},"17":{"start":{"line":61,"column":44},"end":{"line":61,"column":null}},"18":{"start":{"line":63,"column":21},"end":{"line":63,"column":null}},"19":{"start":{"line":65,"column":2},"end":{"line":69,"column":null}},"20":{"start":{"line":66,"column":4},"end":{"line":68,"column":null}},"21":{"start":{"line":67,"column":8},"end":{"line":67,"column":null}},"22":{"start":{"line":72,"column":6},"end":{"line":77,"column":null}},"23":{"start":{"line":73,"column":23},"end":{"line":73,"column":null}},"24":{"start":{"line":74,"column":10},"end":{"line":74,"column":null}},"25":{"start":{"line":76,"column":10},"end":{"line":76,"column":null}},"26":{"start":{"line":81,"column":2},"end":{"line":93,"column":null}},"27":{"start":{"line":83,"column":6},"end":{"line":85,"column":null}},"28":{"start":{"line":84,"column":8},"end":{"line":84,"column":null}},"29":{"start":{"line":87,"column":4},"end":{"line":89,"column":null}},"30":{"start":{"line":88,"column":6},"end":{"line":88,"column":null}},"31":{"start":{"line":90,"column":4},"end":{"line":92,"column":null}},"32":{"start":{"line":91,"column":6},"end":{"line":91,"column":null}},"33":{"start":{"line":95,"column":26},"end":{"line":103,"column":null}},"34":{"start":{"line":96,"column":23},"end":{"line":96,"column":null}},"35":{"start":{"line":98,"column":4},"end":{"line":102,"column":null}},"36":{"start":{"line":99,"column":8},"end":{"line":99,"column":null}},"37":{"start":{"line":101,"column":8},"end":{"line":101,"column":null}},"38":{"start":{"line":105,"column":31},"end":{"line":124,"column":null}},"39":{"start":{"line":106,"column":4},"end":{"line":123,"column":null}},"40":{"start":{"line":107,"column":19},"end":{"line":107,"column":null}},"41":{"start":{"line":109,"column":7},"end":{"line":109,"column":null}},"42":{"start":{"line":109,"column":16},"end":{"line":109,"column":null}},"43":{"start":{"line":111,"column":7},"end":{"line":116,"column":null}},"44":{"start":{"line":112,"column":11},"end":{"line":112,"column":null}},"45":{"start":{"line":114,"column":11},"end":{"line":114,"column":null}},"46":{"start":{"line":115,"column":11},"end":{"line":115,"column":null}},"47":{"start":{"line":115,"column":28},"end":{"line":115,"column":47}},"48":{"start":{"line":118,"column":7},"end":{"line":118,"column":null}},"49":{"start":{"line":119,"column":7},"end":{"line":119,"column":null}},"50":{"start":{"line":122,"column":6},"end":{"line":122,"column":null}},"51":{"start":{"line":126,"column":30},"end":{"line":151,"column":null}},"52":{"start":{"line":127,"column":4},"end":{"line":127,"column":null}},"53":{"start":{"line":129,"column":4},"end":{"line":132,"column":null}},"54":{"start":{"line":130,"column":8},"end":{"line":130,"column":null}},"55":{"start":{"line":131,"column":8},"end":{"line":131,"column":null}},"56":{"start":{"line":134,"column":4},"end":{"line":134,"column":null}},"57":{"start":{"line":134,"column":29},"end":{"line":134,"column":null}},"58":{"start":{"line":136,"column":4},"end":{"line":150,"column":null}},"59":{"start":{"line":137,"column":8},"end":{"line":137,"column":null}},"60":{"start":{"line":138,"column":8},"end":{"line":138,"column":null}},"61":{"start":{"line":140,"column":8},"end":{"line":140,"column":null}},"62":{"start":{"line":141,"column":8},"end":{"line":141,"column":null}},"63":{"start":{"line":142,"column":8},"end":{"line":142,"column":null}},"64":{"start":{"line":145,"column":8},"end":{"line":147,"column":null}},"65":{"start":{"line":146,"column":12},"end":{"line":146,"column":null}},"66":{"start":{"line":149,"column":8},"end":{"line":149,"column":null}},"67":{"start":{"line":153,"column":45},"end":{"line":164,"column":null}},"68":{"start":{"line":154,"column":4},"end":{"line":154,"column":null}},"69":{"start":{"line":154,"column":26},"end":{"line":154,"column":null}},"70":{"start":{"line":155,"column":4},"end":{"line":163,"column":null}},"71":{"start":{"line":156,"column":8},"end":{"line":156,"column":null}},"72":{"start":{"line":157,"column":8},"end":{"line":157,"column":null}},"73":{"start":{"line":158,"column":8},"end":{"line":158,"column":null}},"74":{"start":{"line":159,"column":8},"end":{"line":159,"column":null}},"75":{"start":{"line":161,"column":8},"end":{"line":161,"column":null}},"76":{"start":{"line":162,"column":8},"end":{"line":162,"column":null}},"77":{"start":{"line":166,"column":26},"end":{"line":188,"column":null}},"78":{"start":{"line":168,"column":4},"end":{"line":168,"column":null}},"79":{"start":{"line":168,"column":35},"end":{"line":168,"column":null}},"80":{"start":{"line":171,"column":19},"end":{"line":171,"column":null}},"81":{"start":{"line":174,"column":4},"end":{"line":182,"column":null}},"82":{"start":{"line":181,"column":8},"end":{"line":181,"column":null}},"83":{"start":{"line":185,"column":4},"end":{"line":187,"column":null}},"84":{"start":{"line":186,"column":8},"end":{"line":186,"column":null}},"85":{"start":{"line":190,"column":21},"end":{"line":195,"column":null}},"86":{"start":{"line":191,"column":6},"end":{"line":191,"column":null}},"87":{"start":{"line":191,"column":23},"end":{"line":191,"column":null}},"88":{"start":{"line":192,"column":6},"end":{"line":194,"column":null}},"89":{"start":{"line":197,"column":2},"end":{"line":348,"column":null}},"90":{"start":{"line":203,"column":25},"end":{"line":203,"column":null}},"91":{"start":{"line":216,"column":41},"end":{"line":216,"column":null}},"92":{"start":{"line":216,"column":63},"end":{"line":216,"column":68}},"93":{"start":{"line":226,"column":20},"end":{"line":226,"column":null}},"94":{"start":{"line":227,"column":20},"end":{"line":227,"column":47}},"95":{"start":{"line":238,"column":43},"end":{"line":238,"column":null}},"96":{"start":{"line":250,"column":41},"end":{"line":250,"column":null}},"97":{"start":{"line":272,"column":45},"end":{"line":272,"column":null}},"98":{"start":{"line":274,"column":28},"end":{"line":296,"column":null}},"99":{"start":{"line":287,"column":67},"end":{"line":287,"column":null}},"100":{"start":{"line":307,"column":23},"end":{"line":307,"column":null}},"101":{"start":{"line":315,"column":52},"end":{"line":315,"column":81}},"102":{"start":{"line":327,"column":23},"end":{"line":327,"column":null}},"103":{"start":{"line":335,"column":52},"end":{"line":335,"column":78}}},"fnMap":{"0":{"name":"(anonymous_0)","decl":{"start":{"line":15,"column":18},"end":{"line":15,"column":null}},"loc":{"start":{"line":16,"column":2},"end":{"line":19,"column":null}},"line":16},"1":{"name":"(anonymous_1)","decl":{"start":{"line":23,"column":20},"end":{"line":23,"column":null}},"loc":{"start":{"line":24,"column":2},"end":{"line":26,"column":null}},"line":24},"2":{"name":"(anonymous_2)","decl":{"start":{"line":31,"column":21},"end":{"line":31,"column":null}},"loc":{"start":{"line":32,"column":2},"end":{"line":34,"column":null}},"line":32},"3":{"name":"Postcard","decl":{"start":{"line":45,"column":24},"end":{"line":45,"column":33}},"loc":{"start":{"line":45,"column":103},"end":{"line":350,"column":null}},"line":45},"4":{"name":"(anonymous_4)","decl":{"start":{"line":65,"column":12},"end":{"line":65,"column":18}},"loc":{"start":{"line":65,"column":18},"end":{"line":69,"column":5}},"line":65},"5":{"name":"loadComments","decl":{"start":{"line":71,"column":17},"end":{"line":71,"column":32}},"loc":{"start":{"line":71,"column":32},"end":{"line":78,"column":null}},"line":71},"6":{"name":"(anonymous_6)","decl":{"start":{"line":81,"column":12},"end":{"line":81,"column":18}},"loc":{"start":{"line":81,"column":18},"end":{"line":93,"column":5}},"line":81},"7":{"name":"handleClickOutside","decl":{"start":{"line":82,"column":13},"end":{"line":82,"column":32}},"loc":{"start":{"line":82,"column":51},"end":{"line":86,"column":null}},"line":82},"8":{"name":"(anonymous_8)","decl":{"start":{"line":90,"column":11},"end":{"line":90,"column":17}},"loc":{"start":{"line":90,"column":17},"end":{"line":92,"column":null}},"line":90},"9":{"name":"(anonymous_9)","decl":{"start":{"line":95,"column":26},"end":{"line":95,"column":32}},"loc":{"start":{"line":95,"column":32},"end":{"line":103,"column":null}},"line":95},"10":{"name":"(anonymous_10)","decl":{"start":{"line":105,"column":31},"end":{"line":105,"column":43}},"loc":{"start":{"line":105,"column":43},"end":{"line":124,"column":null}},"line":105},"11":{"name":"(anonymous_11)","decl":{"start":{"line":115,"column":22},"end":{"line":115,"column":28}},"loc":{"start":{"line":115,"column":28},"end":{"line":115,"column":47}},"line":115},"12":{"name":"(anonymous_12)","decl":{"start":{"line":126,"column":30},"end":{"line":126,"column":37}},"loc":{"start":{"line":126,"column":60},"end":{"line":151,"column":null}},"line":126},"13":{"name":"(anonymous_13)","decl":{"start":{"line":153,"column":45},"end":{"line":153,"column":57}},"loc":{"start":{"line":153,"column":57},"end":{"line":164,"column":null}},"line":153},"14":{"name":"(anonymous_14)","decl":{"start":{"line":166,"column":26},"end":{"line":166,"column":27}},"loc":{"start":{"line":166,"column":51},"end":{"line":188,"column":null}},"line":166},"15":{"name":"(anonymous_15)","decl":{"start":{"line":190,"column":21},"end":{"line":190,"column":22}},"loc":{"start":{"line":190,"column":46},"end":{"line":195,"column":null}},"line":190},"16":{"name":"(anonymous_16)","decl":{"start":{"line":203,"column":19},"end":{"line":203,"column":25}},"loc":{"start":{"line":203,"column":25},"end":{"line":203,"column":null}},"line":203},"17":{"name":"(anonymous_17)","decl":{"start":{"line":216,"column":35},"end":{"line":216,"column":41}},"loc":{"start":{"line":216,"column":41},"end":{"line":216,"column":null}},"line":216},"18":{"name":"(anonymous_18)","decl":{"start":{"line":216,"column":55},"end":{"line":216,"column":63}},"loc":{"start":{"line":216,"column":63},"end":{"line":216,"column":68}},"line":216},"19":{"name":"(anonymous_19)","decl":{"start":{"line":225,"column":43},"end":{"line":225,"column":49}},"loc":{"start":{"line":225,"column":49},"end":{"line":227,"column":50}},"line":225},"20":{"name":"(anonymous_20)","decl":{"start":{"line":238,"column":37},"end":{"line":238,"column":43}},"loc":{"start":{"line":238,"column":43},"end":{"line":238,"column":null}},"line":238},"21":{"name":"(anonymous_21)","decl":{"start":{"line":250,"column":34},"end":{"line":250,"column":35}},"loc":{"start":{"line":250,"column":41},"end":{"line":250,"column":null}},"line":250},"22":{"name":"(anonymous_22)","decl":{"start":{"line":270,"column":38},"end":{"line":270,"column":39}},"loc":{"start":{"line":270,"column":51},"end":{"line":298,"column":25}},"line":270},"23":{"name":"(anonymous_23)","decl":{"start":{"line":287,"column":61},"end":{"line":287,"column":67}},"loc":{"start":{"line":287,"column":67},"end":{"line":287,"column":null}},"line":287},"24":{"name":"(anonymous_24)","decl":{"start":{"line":307,"column":17},"end":{"line":307,"column":23}},"loc":{"start":{"line":307,"column":23},"end":{"line":307,"column":null}},"line":307},"25":{"name":"(anonymous_25)","decl":{"start":{"line":315,"column":46},"end":{"line":315,"column":52}},"loc":{"start":{"line":315,"column":52},"end":{"line":315,"column":81}},"line":315},"26":{"name":"(anonymous_26)","decl":{"start":{"line":327,"column":17},"end":{"line":327,"column":23}},"loc":{"start":{"line":327,"column":23},"end":{"line":327,"column":null}},"line":327},"27":{"name":"(anonymous_27)","decl":{"start":{"line":335,"column":46},"end":{"line":335,"column":52}},"loc":{"start":{"line":335,"column":52},"end":{"line":335,"column":78}},"line":335}},"branchMap":{"0":{"loc":{"start":{"line":45,"column":61},"end":{"line":45,"column":85}},"type":"default-arg","locations":[{"start":{"line":45,"column":75},"end":{"line":45,"column":85}}],"line":45},"1":{"loc":{"start":{"line":63,"column":21},"end":{"line":63,"column":null}},"type":"binary-expr","locations":[{"start":{"line":63,"column":21},"end":{"line":63,"column":41}},{"start":{"line":63,"column":41},"end":{"line":63,"column":null}}],"line":63},"2":{"loc":{"start":{"line":66,"column":4},"end":{"line":68,"column":null}},"type":"if","locations":[{"start":{"line":66,"column":4},"end":{"line":68,"column":null}},{"start":{},"end":{}}],"line":66},"3":{"loc":{"start":{"line":66,"column":8},"end":{"line":66,"column":39}},"type":"binary-expr","locations":[{"start":{"line":66,"column":8},"end":{"line":66,"column":28}},{"start":{"line":66,"column":28},"end":{"line":66,"column":39}}],"line":66},"4":{"loc":{"start":{"line":83,"column":6},"end":{"line":85,"column":null}},"type":"if","locations":[{"start":{"line":83,"column":6},"end":{"line":85,"column":null}},{"start":{},"end":{}}],"line":83},"5":{"loc":{"start":{"line":83,"column":10},"end":{"line":83,"column":78}},"type":"binary-expr","locations":[{"start":{"line":83,"column":10},"end":{"line":83,"column":29}},{"start":{"line":83,"column":29},"end":{"line":83,"column":78}}],"line":83},"6":{"loc":{"start":{"line":87,"column":4},"end":{"line":89,"column":null}},"type":"if","locations":[{"start":{"line":87,"column":4},"end":{"line":89,"column":null}},{"start":{},"end":{}}],"line":87},"7":{"loc":{"start":{"line":96,"column":23},"end":{"line":96,"column":null}},"type":"binary-expr","locations":[{"start":{"line":96,"column":23},"end":{"line":96,"column":43}},{"start":{"line":96,"column":43},"end":{"line":96,"column":null}}],"line":96},"8":{"loc":{"start":{"line":98,"column":4},"end":{"line":102,"column":null}},"type":"if","locations":[{"start":{"line":98,"column":4},"end":{"line":102,"column":null}},{"start":{"line":100,"column":11},"end":{"line":102,"column":null}}],"line":98},"9":{"loc":{"start":{"line":107,"column":19},"end":{"line":107,"column":null}},"type":"binary-expr","locations":[{"start":{"line":107,"column":19},"end":{"line":107,"column":39}},{"start":{"line":107,"column":39},"end":{"line":107,"column":66}},{"start":{"line":107,"column":66},"end":{"line":107,"column":null}}],"line":107},"10":{"loc":{"start":{"line":109,"column":7},"end":{"line":109,"column":null}},"type":"if","locations":[{"start":{"line":109,"column":7},"end":{"line":109,"column":null}},{"start":{},"end":{}}],"line":109},"11":{"loc":{"start":{"line":111,"column":7},"end":{"line":116,"column":null}},"type":"if","locations":[{"start":{"line":111,"column":7},"end":{"line":116,"column":null}},{"start":{"line":113,"column":14},"end":{"line":116,"column":null}}],"line":111},"12":{"loc":{"start":{"line":129,"column":4},"end":{"line":132,"column":null}},"type":"if","locations":[{"start":{"line":129,"column":4},"end":{"line":132,"column":null}},{"start":{},"end":{}}],"line":129},"13":{"loc":{"start":{"line":134,"column":4},"end":{"line":134,"column":null}},"type":"if","locations":[{"start":{"line":134,"column":4},"end":{"line":134,"column":null}},{"start":{},"end":{}}],"line":134},"14":{"loc":{"start":{"line":145,"column":8},"end":{"line":147,"column":null}},"type":"if","locations":[{"start":{"line":145,"column":8},"end":{"line":147,"column":null}},{"start":{},"end":{}}],"line":145},"15":{"loc":{"start":{"line":154,"column":4},"end":{"line":154,"column":null}},"type":"if","locations":[{"start":{"line":154,"column":4},"end":{"line":154,"column":null}},{"start":{},"end":{}}],"line":154},"16":{"loc":{"start":{"line":168,"column":4},"end":{"line":168,"column":null}},"type":"if","locations":[{"start":{"line":168,"column":4},"end":{"line":168,"column":null}},{"start":{},"end":{}}],"line":168},"17":{"loc":{"start":{"line":174,"column":4},"end":{"line":182,"column":null}},"type":"if","locations":[{"start":{"line":174,"column":4},"end":{"line":182,"column":null}},{"start":{},"end":{}}],"line":174},"18":{"loc":{"start":{"line":175,"column":8},"end":{"line":179,"column":null}},"type":"binary-expr","locations":[{"start":{"line":175,"column":8},"end":{"line":175,"column":null}},{"start":{"line":176,"column":8},"end":{"line":176,"column":null}},{"start":{"line":177,"column":8},"end":{"line":177,"column":null}},{"start":{"line":178,"column":8},"end":{"line":178,"column":null}},{"start":{"line":179,"column":8},"end":{"line":179,"column":null}}],"line":175},"19":{"loc":{"start":{"line":185,"column":4},"end":{"line":187,"column":null}},"type":"if","locations":[{"start":{"line":185,"column":4},"end":{"line":187,"column":null}},{"start":{},"end":{}}],"line":185},"20":{"loc":{"start":{"line":191,"column":6},"end":{"line":191,"column":null}},"type":"if","locations":[{"start":{"line":191,"column":6},"end":{"line":191,"column":null}},{"start":{},"end":{}}],"line":191},"21":{"loc":{"start":{"line":199,"column":7},"end":{"line":204,"column":null}},"type":"binary-expr","locations":[{"start":{"line":199,"column":7},"end":{"line":199,"column":null}},{"start":{"line":200,"column":8},"end":{"line":204,"column":null}}],"line":199},"22":{"loc":{"start":{"line":208,"column":19},"end":{"line":208,"column":75}},"type":"binary-expr","locations":[{"start":{"line":208,"column":19},"end":{"line":208,"column":45}},{"start":{"line":208,"column":45},"end":{"line":208,"column":75}}],"line":208},"23":{"loc":{"start":{"line":210,"column":19},"end":{"line":210,"column":57}},"type":"binary-expr","locations":[{"start":{"line":210,"column":19},"end":{"line":210,"column":49}},{"start":{"line":210,"column":49},"end":{"line":210,"column":57}}],"line":210},"24":{"loc":{"start":{"line":214,"column":9},"end":{"line":232,"column":null}},"type":"binary-expr","locations":[{"start":{"line":214,"column":9},"end":{"line":214,"column":null}},{"start":{"line":215,"column":10},"end":{"line":232,"column":null}}],"line":214},"25":{"loc":{"start":{"line":220,"column":13},"end":{"line":230,"column":null}},"type":"binary-expr","locations":[{"start":{"line":220,"column":13},"end":{"line":220,"column":null}},{"start":{"line":221,"column":14},"end":{"line":230,"column":null}}],"line":220},"26":{"loc":{"start":{"line":222,"column":17},"end":{"line":223,"column":null}},"type":"binary-expr","locations":[{"start":{"line":222,"column":17},"end":{"line":222,"column":null}},{"start":{"line":223,"column":20},"end":{"line":223,"column":null}}],"line":222},"27":{"loc":{"start":{"line":244,"column":9},"end":{"line":301,"column":null}},"type":"binary-expr","locations":[{"start":{"line":244,"column":9},"end":{"line":244,"column":null}},{"start":{"line":245,"column":12},"end":{"line":301,"column":null}}],"line":244},"28":{"loc":{"start":{"line":260,"column":38},"end":{"line":260,"column":null}},"type":"binary-expr","locations":[{"start":{"line":260,"column":38},"end":{"line":260,"column":61}},{"start":{"line":260,"column":61},"end":{"line":260,"column":null}}],"line":260},"29":{"loc":{"start":{"line":262,"column":29},"end":{"line":262,"column":null}},"type":"cond-expr","locations":[{"start":{"line":262,"column":51},"end":{"line":262,"column":67}},{"start":{"line":262,"column":67},"end":{"line":262,"column":null}}],"line":262},"30":{"loc":{"start":{"line":268,"column":17},"end":{"line":299,"column":null}},"type":"binary-expr","locations":[{"start":{"line":268,"column":17},"end":{"line":268,"column":null}},{"start":{"line":269,"column":20},"end":{"line":299,"column":null}}],"line":268},"31":{"loc":{"start":{"line":272,"column":45},"end":{"line":272,"column":null}},"type":"binary-expr","locations":[{"start":{"line":272,"column":45},"end":{"line":272,"column":64}},{"start":{"line":272,"column":64},"end":{"line":272,"column":null}}],"line":272},"32":{"loc":{"start":{"line":280,"column":57},"end":{"line":280,"column":87}},"type":"binary-expr","locations":[{"start":{"line":280,"column":57},"end":{"line":280,"column":77}},{"start":{"line":280,"column":77},"end":{"line":280,"column":87}}],"line":280},"33":{"loc":{"start":{"line":285,"column":45},"end":{"line":291,"column":null}},"type":"binary-expr","locations":[{"start":{"line":285,"column":45},"end":{"line":285,"column":null}},{"start":{"line":286,"column":48},"end":{"line":291,"column":null}}],"line":285},"34":{"loc":{"start":{"line":275,"column":52},"end":{"line":275,"column":null}},"type":"binary-expr","locations":[{"start":{"line":275,"column":52},"end":{"line":275,"column":73}},{"start":{"line":275,"column":73},"end":{"line":275,"column":null}}],"line":275}},"s":{"0":1,"1":0,"2":1,"3":21,"4":1,"5":12,"6":21,"7":21,"8":21,"9":21,"10":21,"11":21,"12":21,"13":21,"14":21,"15":21,"16":21,"17":21,"18":21,"19":21,"20":10,"21":2,"22":2,"23":2,"24":2,"25":0,"26":21,"27":0,"28":0,"29":13,"30":4,"31":13,"32":13,"33":21,"34":1,"35":1,"36":1,"37":0,"38":21,"39":2,"40":2,"41":2,"42":0,"43":2,"44":0,"45":2,"46":1,"47":0,"48":1,"49":1,"50":1,"51":21,"52":1,"53":1,"54":0,"55":0,"56":1,"57":0,"58":1,"59":1,"60":1,"61":1,"62":1,"63":1,"64":0,"65":0,"66":1,"67":21,"68":0,"69":0,"70":0,"71":0,"72":0,"73":0,"74":0,"75":0,"76":0,"77":21,"78":12,"79":0,"80":12,"81":12,"82":12,"83":0,"84":0,"85":21,"86":1,"87":1,"88":0,"89":21,"90":0,"91":4,"92":4,"93":2,"94":2,"95":2,"96":1,"97":1,"98":1,"99":0,"100":0,"101":0,"102":0,"103":0},"f":{"0":0,"1":21,"2":12,"3":21,"4":10,"5":2,"6":13,"7":0,"8":13,"9":1,"10":2,"11":0,"12":1,"13":0,"14":12,"15":1,"16":0,"17":4,"18":4,"19":2,"20":2,"21":1,"22":1,"23":0,"24":0,"25":0,"26":0,"27":0},"b":{"0":[21],"1":[21,0],"2":[2,8],"3":[10,2],"4":[0,0],"5":[0,0],"6":[4,9],"7":[1,0],"8":[1,0],"9":[2,0,0],"10":[0,2],"11":[0,2],"12":[0,1],"13":[0,1],"14":[0,0],"15":[0,0],"16":[0,12],"17":[12,0],"18":[12,0,0,0,0],"19":[0,0],"20":[1,0],"21":[21,3],"22":[21,21],"23":[21,0],"24":[21,12],"25":[12,4],"26":[4,4],"27":[21,5],"28":[5,4],"29":[1,4],"30":[5,1],"31":[1,1],"32":[1,0],"33":[1,0],"34":[1,0]},"meta":{"lastBranch":35,"lastFunction":28,"lastStatement":104,"seen":{"s:15:18:19:Infinity":0,"f:15:18:15:Infinity":0,"s:16:2:19:Infinity":1,"s:23:20:26:Infinity":2,"f:23:20:23:Infinity":1,"s:24:2:26:Infinity":3,"s:31:21:34:Infinity":4,"f:31:21:31:Infinity":2,"s:32:2:34:Infinity":5,"f:45:24:45:33":3,"b:45:75:45:85":0,"s:46:22:46:Infinity":6,"s:48:34:48:Infinity":7,"s:49:8:49:Infinity":8,"s:50:8:50:Infinity":9,"s:51:48:51:Infinity":10,"s:52:38:52:Infinity":11,"s:55:46:55:Infinity":12,"s:56:36:56:Infinity":13,"s:57:52:57:Infinity":14,"s:58:28:58:Infinity":15,"s:59:30:59:Infinity":16,"s:61:44:61:Infinity":17,"s:63:21:63:Infinity":18,"b:63:21:63:41:63:41:63:Infinity":1,"s:65:2:69:Infinity":19,"f:65:12:65:18":4,"b:66:4:68:Infinity:undefined:undefined:undefined:undefined":2,"s:66:4:68:Infinity":20,"b:66:8:66:28:66:28:66:39":3,"s:67:8:67:Infinity":21,"f:71:17:71:32":5,"s:72:6:77:Infinity":22,"s:73:23:73:Infinity":23,"s:74:10:74:Infinity":24,"s:76:10:76:Infinity":25,"s:81:2:93:Infinity":26,"f:81:12:81:18":6,"f:82:13:82:32":7,"b:83:6:85:Infinity:undefined:undefined:undefined:undefined":4,"s:83:6:85:Infinity":27,"b:83:10:83:29:83:29:83:78":5,"s:84:8:84:Infinity":28,"b:87:4:89:Infinity:undefined:undefined:undefined:undefined":6,"s:87:4:89:Infinity":29,"s:88:6:88:Infinity":30,"s:90:4:92:Infinity":31,"f:90:11:90:17":8,"s:91:6:91:Infinity":32,"s:95:26:103:Infinity":33,"f:95:26:95:32":9,"s:96:23:96:Infinity":34,"b:96:23:96:43:96:43:96:Infinity":7,"b:98:4:102:Infinity:100:11:102:Infinity":8,"s:98:4:102:Infinity":35,"s:99:8:99:Infinity":36,"s:101:8:101:Infinity":37,"s:105:31:124:Infinity":38,"f:105:31:105:43":10,"s:106:4:123:Infinity":39,"s:107:19:107:Infinity":40,"b:107:19:107:39:107:39:107:66:107:66:107:Infinity":9,"b:109:7:109:Infinity:undefined:undefined:undefined:undefined":10,"s:109:7:109:Infinity":41,"s:109:16:109:Infinity":42,"b:111:7:116:Infinity:113:14:116:Infinity":11,"s:111:7:116:Infinity":43,"s:112:11:112:Infinity":44,"s:114:11:114:Infinity":45,"s:115:11:115:Infinity":46,"f:115:22:115:28":11,"s:115:28:115:47":47,"s:118:7:118:Infinity":48,"s:119:7:119:Infinity":49,"s:122:6:122:Infinity":50,"s:126:30:151:Infinity":51,"f:126:30:126:37":12,"s:127:4:127:Infinity":52,"b:129:4:132:Infinity:undefined:undefined:undefined:undefined":12,"s:129:4:132:Infinity":53,"s:130:8:130:Infinity":54,"s:131:8:131:Infinity":55,"b:134:4:134:Infinity:undefined:undefined:undefined:undefined":13,"s:134:4:134:Infinity":56,"s:134:29:134:Infinity":57,"s:136:4:150:Infinity":58,"s:137:8:137:Infinity":59,"s:138:8:138:Infinity":60,"s:140:8:140:Infinity":61,"s:141:8:141:Infinity":62,"s:142:8:142:Infinity":63,"b:145:8:147:Infinity:undefined:undefined:undefined:undefined":14,"s:145:8:147:Infinity":64,"s:146:12:146:Infinity":65,"s:149:8:149:Infinity":66,"s:153:45:164:Infinity":67,"f:153:45:153:57":13,"b:154:4:154:Infinity:undefined:undefined:undefined:undefined":15,"s:154:4:154:Infinity":68,"s:154:26:154:Infinity":69,"s:155:4:163:Infinity":70,"s:156:8:156:Infinity":71,"s:157:8:157:Infinity":72,"s:158:8:158:Infinity":73,"s:159:8:159:Infinity":74,"s:161:8:161:Infinity":75,"s:162:8:162:Infinity":76,"s:166:26:188:Infinity":77,"f:166:26:166:27":14,"b:168:4:168:Infinity:undefined:undefined:undefined:undefined":16,"s:168:4:168:Infinity":78,"s:168:35:168:Infinity":79,"s:171:19:171:Infinity":80,"b:174:4:182:Infinity:undefined:undefined:undefined:undefined":17,"s:174:4:182:Infinity":81,"b:175:8:175:Infinity:176:8:176:Infinity:177:8:177:Infinity:178:8:178:Infinity:179:8:179:Infinity":18,"s:181:8:181:Infinity":82,"b:185:4:187:Infinity:undefined:undefined:undefined:undefined":19,"s:185:4:187:Infinity":83,"s:186:8:186:Infinity":84,"s:190:21:195:Infinity":85,"f:190:21:190:22":15,"b:191:6:191:Infinity:undefined:undefined:undefined:undefined":20,"s:191:6:191:Infinity":86,"s:191:23:191:Infinity":87,"s:192:6:194:Infinity":88,"s:197:2:348:Infinity":89,"b:199:7:199:Infinity:200:8:204:Infinity":21,"f:203:19:203:25":16,"s:203:25:203:Infinity":90,"b:208:19:208:45:208:45:208:75":22,"b:210:19:210:49:210:49:210:57":23,"b:214:9:214:Infinity:215:10:232:Infinity":24,"f:216:35:216:41":17,"s:216:41:216:Infinity":91,"f:216:55:216:63":18,"s:216:63:216:68":92,"b:220:13:220:Infinity:221:14:230:Infinity":25,"b:222:17:222:Infinity:223:20:223:Infinity":26,"f:225:43:225:49":19,"s:226:20:226:Infinity":93,"s:227:20:227:47":94,"f:238:37:238:43":20,"s:238:43:238:Infinity":95,"b:244:9:244:Infinity:245:12:301:Infinity":27,"f:250:34:250:35":21,"s:250:41:250:Infinity":96,"b:260:38:260:61:260:61:260:Infinity":28,"b:262:51:262:67:262:67:262:Infinity":29,"b:268:17:268:Infinity:269:20:299:Infinity":30,"f:270:38:270:39":22,"s:272:45:272:Infinity":97,"b:272:45:272:64:272:64:272:Infinity":31,"s:274:28:296:Infinity":98,"b:280:57:280:77:280:77:280:87":32,"b:285:45:285:Infinity:286:48:291:Infinity":33,"f:287:61:287:67":23,"s:287:67:287:Infinity":99,"b:275:52:275:73:275:73:275:Infinity":34,"f:307:17:307:23":24,"s:307:23:307:Infinity":100,"f:315:46:315:52":25,"s:315:52:315:81":101,"f:327:17:327:23":26,"s:327:23:327:Infinity":102,"f:335:46:335:52":27,"s:335:52:335:78":103}}}
,"/home/nicolas/Área de Trabalho/CTable/frontend/src/components/domain/Searchbar/index.tsx": {"path":"/home/nicolas/Área de Trabalho/CTable/frontend/src/components/domain/Searchbar/index.tsx","statementMap":{"0":{"start":{"line":12,"column":26},"end":{"line":12,"column":null}},"1":{"start":{"line":13,"column":10},"end":{"line":13,"column":null}},"2":{"start":{"line":15,"column":10},"end":{"line":15,"column":null}},"3":{"start":{"line":17,"column":34},"end":{"line":17,"column":null}},"4":{"start":{"line":18,"column":34},"end":{"line":18,"column":null}},"5":{"start":{"line":21,"column":44},"end":{"line":21,"column":null}},"6":{"start":{"line":22,"column":38},"end":{"line":22,"column":null}},"7":{"start":{"line":25,"column":54},"end":{"line":25,"column":null}},"8":{"start":{"line":26,"column":48},"end":{"line":26,"column":null}},"9":{"start":{"line":28,"column":24},"end":{"line":47,"column":null}},"10":{"start":{"line":29,"column":8},"end":{"line":29,"column":null}},"11":{"start":{"line":30,"column":8},"end":{"line":46,"column":null}},"12":{"start":{"line":31,"column":12},"end":{"line":31,"column":null}},"13":{"start":{"line":32,"column":12},"end":{"line":45,"column":null}},"14":{"start":{"line":34,"column":56},"end":{"line":37,"column":null}},"15":{"start":{"line":35,"column":52},"end":{"line":35,"column":54}},"16":{"start":{"line":36,"column":50},"end":{"line":36,"column":52}},"17":{"start":{"line":39,"column":16},"end":{"line":39,"column":null}},"18":{"start":{"line":40,"column":16},"end":{"line":40,"column":null}},"19":{"start":{"line":42,"column":16},"end":{"line":42,"column":null}},"20":{"start":{"line":44,"column":16},"end":{"line":44,"column":null}},"21":{"start":{"line":50,"column":4},"end":{"line":75,"column":null}},"22":{"start":{"line":51,"column":8},"end":{"line":55,"column":null}},"23":{"start":{"line":52,"column":12},"end":{"line":52,"column":null}},"24":{"start":{"line":53,"column":12},"end":{"line":53,"column":null}},"25":{"start":{"line":54,"column":12},"end":{"line":54,"column":null}},"26":{"start":{"line":57,"column":27},"end":{"line":57,"column":null}},"27":{"start":{"line":60,"column":30},"end":{"line":64,"column":null}},"28":{"start":{"line":61,"column":12},"end":{"line":63,"column":null}},"29":{"start":{"line":63,"column":44},"end":{"line":63,"column":83}},"30":{"start":{"line":67,"column":30},"end":{"line":70,"column":null}},"31":{"start":{"line":68,"column":12},"end":{"line":69,"column":null}},"32":{"start":{"line":69,"column":44},"end":{"line":69,"column":83}},"33":{"start":{"line":72,"column":8},"end":{"line":72,"column":null}},"34":{"start":{"line":73,"column":8},"end":{"line":73,"column":null}},"35":{"start":{"line":78,"column":4},"end":{"line":86,"column":null}},"36":{"start":{"line":80,"column":12},"end":{"line":82,"column":null}},"37":{"start":{"line":81,"column":16},"end":{"line":81,"column":null}},"38":{"start":{"line":84,"column":8},"end":{"line":84,"column":null}},"39":{"start":{"line":85,"column":8},"end":{"line":85,"column":null}},"40":{"start":{"line":85,"column":21},"end":{"line":85,"column":null}},"41":{"start":{"line":89,"column":38},"end":{"line":93,"column":null}},"42":{"start":{"line":90,"column":8},"end":{"line":90,"column":null}},"43":{"start":{"line":91,"column":8},"end":{"line":91,"column":null}},"44":{"start":{"line":92,"column":8},"end":{"line":92,"column":null}},"45":{"start":{"line":95,"column":36},"end":{"line":99,"column":null}},"46":{"start":{"line":96,"column":8},"end":{"line":96,"column":null}},"47":{"start":{"line":97,"column":8},"end":{"line":97,"column":null}},"48":{"start":{"line":98,"column":8},"end":{"line":98,"column":null}},"49":{"start":{"line":101,"column":23},"end":{"line":101,"column":null}},"50":{"start":{"line":103,"column":4},"end":{"line":159,"column":null}},"51":{"start":{"line":110,"column":33},"end":{"line":110,"column":null}},"52":{"start":{"line":128,"column":40},"end":{"line":135,"column":null}},"53":{"start":{"line":130,"column":59},"end":{"line":130,"column":null}},"54":{"start":{"line":145,"column":40},"end":{"line":151,"column":null}},"55":{"start":{"line":147,"column":59},"end":{"line":147,"column":null}}},"fnMap":{"0":{"name":"Searchbar","decl":{"start":{"line":11,"column":24},"end":{"line":11,"column":36}},"loc":{"start":{"line":11,"column":36},"end":{"line":161,"column":null}},"line":11},"1":{"name":"(anonymous_1)","decl":{"start":{"line":28,"column":24},"end":{"line":28,"column":36}},"loc":{"start":{"line":28,"column":36},"end":{"line":47,"column":null}},"line":28},"2":{"name":"(anonymous_2)","decl":{"start":{"line":35,"column":46},"end":{"line":35,"column":52}},"loc":{"start":{"line":35,"column":52},"end":{"line":35,"column":54}},"line":35},"3":{"name":"(anonymous_3)","decl":{"start":{"line":36,"column":44},"end":{"line":36,"column":50}},"loc":{"start":{"line":36,"column":50},"end":{"line":36,"column":52}},"line":36},"4":{"name":"(anonymous_4)","decl":{"start":{"line":50,"column":14},"end":{"line":50,"column":20}},"loc":{"start":{"line":50,"column":20},"end":{"line":75,"column":7}},"line":50},"5":{"name":"(anonymous_5)","decl":{"start":{"line":60,"column":52},"end":{"line":60,"column":null}},"loc":{"start":{"line":61,"column":12},"end":{"line":63,"column":null}},"line":61},"6":{"name":"(anonymous_6)","decl":{"start":{"line":63,"column":36},"end":{"line":63,"column":44}},"loc":{"start":{"line":63,"column":44},"end":{"line":63,"column":83}},"line":63},"7":{"name":"(anonymous_7)","decl":{"start":{"line":67,"column":49},"end":{"line":67,"column":null}},"loc":{"start":{"line":68,"column":12},"end":{"line":69,"column":null}},"line":68},"8":{"name":"(anonymous_8)","decl":{"start":{"line":69,"column":36},"end":{"line":69,"column":44}},"loc":{"start":{"line":69,"column":44},"end":{"line":69,"column":83}},"line":69},"9":{"name":"(anonymous_9)","decl":{"start":{"line":78,"column":14},"end":{"line":78,"column":20}},"loc":{"start":{"line":78,"column":20},"end":{"line":86,"column":7}},"line":78},"10":{"name":"handleClickOutside","decl":{"start":{"line":79,"column":17},"end":{"line":79,"column":36}},"loc":{"start":{"line":79,"column":55},"end":{"line":83,"column":null}},"line":79},"11":{"name":"(anonymous_11)","decl":{"start":{"line":85,"column":15},"end":{"line":85,"column":21}},"loc":{"start":{"line":85,"column":21},"end":{"line":85,"column":null}},"line":85},"12":{"name":"(anonymous_12)","decl":{"start":{"line":89,"column":38},"end":{"line":89,"column":39}},"loc":{"start":{"line":89,"column":63},"end":{"line":93,"column":null}},"line":89},"13":{"name":"(anonymous_13)","decl":{"start":{"line":95,"column":36},"end":{"line":95,"column":37}},"loc":{"start":{"line":95,"column":59},"end":{"line":99,"column":null}},"line":95},"14":{"name":"(anonymous_14)","decl":{"start":{"line":110,"column":26},"end":{"line":110,"column":27}},"loc":{"start":{"line":110,"column":33},"end":{"line":110,"column":null}},"line":110},"15":{"name":"(anonymous_15)","decl":{"start":{"line":127,"column":61},"end":{"line":127,"column":null}},"loc":{"start":{"line":128,"column":40},"end":{"line":135,"column":null}},"line":128},"16":{"name":"(anonymous_16)","decl":{"start":{"line":130,"column":53},"end":{"line":130,"column":59}},"loc":{"start":{"line":130,"column":59},"end":{"line":130,"column":null}},"line":130},"17":{"name":"(anonymous_17)","decl":{"start":{"line":144,"column":58},"end":{"line":144,"column":59}},"loc":{"start":{"line":145,"column":40},"end":{"line":151,"column":null}},"line":145},"18":{"name":"(anonymous_18)","decl":{"start":{"line":147,"column":53},"end":{"line":147,"column":59}},"loc":{"start":{"line":147,"column":59},"end":{"line":147,"column":null}},"line":147}},"branchMap":{"0":{"loc":{"start":{"line":30,"column":8},"end":{"line":46,"column":null}},"type":"if","locations":[{"start":{"line":30,"column":8},"end":{"line":46,"column":null}},{"start":{},"end":{}}],"line":30},"1":{"loc":{"start":{"line":30,"column":12},"end":{"line":30,"column":69}},"type":"binary-expr","locations":[{"start":{"line":30,"column":12},"end":{"line":30,"column":43}},{"start":{"line":30,"column":43},"end":{"line":30,"column":69}}],"line":30},"2":{"loc":{"start":{"line":51,"column":8},"end":{"line":55,"column":null}},"type":"if","locations":[{"start":{"line":51,"column":8},"end":{"line":55,"column":null}},{"start":{},"end":{}}],"line":51},"3":{"loc":{"start":{"line":61,"column":12},"end":{"line":63,"column":null}},"type":"binary-expr","locations":[{"start":{"line":61,"column":12},"end":{"line":61,"column":null}},{"start":{"line":62,"column":12},"end":{"line":62,"column":null}},{"start":{"line":63,"column":12},"end":{"line":63,"column":null}}],"line":61},"4":{"loc":{"start":{"line":68,"column":12},"end":{"line":69,"column":null}},"type":"binary-expr","locations":[{"start":{"line":68,"column":12},"end":{"line":68,"column":null}},{"start":{"line":69,"column":12},"end":{"line":69,"column":null}}],"line":68},"5":{"loc":{"start":{"line":80,"column":12},"end":{"line":82,"column":null}},"type":"if","locations":[{"start":{"line":80,"column":12},"end":{"line":82,"column":null}},{"start":{},"end":{}}],"line":80},"6":{"loc":{"start":{"line":80,"column":16},"end":{"line":80,"column":90}},"type":"binary-expr","locations":[{"start":{"line":80,"column":16},"end":{"line":80,"column":38}},{"start":{"line":80,"column":38},"end":{"line":80,"column":90}}],"line":80},"7":{"loc":{"start":{"line":101,"column":23},"end":{"line":101,"column":null}},"type":"binary-expr","locations":[{"start":{"line":101,"column":23},"end":{"line":101,"column":57}},{"start":{"line":101,"column":57},"end":{"line":101,"column":null}}],"line":101},"8":{"loc":{"start":{"line":115,"column":13},"end":{"line":157,"column":null}},"type":"binary-expr","locations":[{"start":{"line":115,"column":13},"end":{"line":115,"column":26}},{"start":{"line":115,"column":26},"end":{"line":115,"column":null}},{"start":{"line":116,"column":16},"end":{"line":157,"column":null}}],"line":115},"9":{"loc":{"start":{"line":117,"column":21},"end":{"line":155,"column":null}},"type":"cond-expr","locations":[{"start":{"line":118,"column":24},"end":{"line":118,"column":null}},{"start":{"line":119,"column":24},"end":{"line":155,"column":null}}],"line":117},"10":{"loc":{"start":{"line":119,"column":24},"end":{"line":155,"column":null}},"type":"cond-expr","locations":[{"start":{"line":120,"column":24},"end":{"line":120,"column":null}},{"start":{"line":122,"column":24},"end":{"line":155,"column":null}}],"line":119},"11":{"loc":{"start":{"line":124,"column":29},"end":{"line":137,"column":null}},"type":"binary-expr","locations":[{"start":{"line":124,"column":29},"end":{"line":124,"column":null}},{"start":{"line":125,"column":32},"end":{"line":137,"column":null}}],"line":124},"12":{"loc":{"start":{"line":134,"column":45},"end":{"line":134,"column":null}},"type":"binary-expr","locations":[{"start":{"line":134,"column":45},"end":{"line":134,"column":71}},{"start":{"line":134,"column":71},"end":{"line":134,"column":null}}],"line":134},"13":{"loc":{"start":{"line":141,"column":29},"end":{"line":153,"column":null}},"type":"binary-expr","locations":[{"start":{"line":141,"column":29},"end":{"line":141,"column":null}},{"start":{"line":142,"column":32},"end":{"line":153,"column":null}}],"line":141},"14":{"loc":{"start":{"line":147,"column":83},"end":{"line":147,"column":108}},"type":"binary-expr","locations":[{"start":{"line":147,"column":83},"end":{"line":147,"column":94}},{"start":{"line":147,"column":94},"end":{"line":147,"column":108}}],"line":147},"15":{"loc":{"start":{"line":150,"column":56},"end":{"line":150,"column":89}},"type":"binary-expr","locations":[{"start":{"line":150,"column":56},"end":{"line":150,"column":79}},{"start":{"line":150,"column":79},"end":{"line":150,"column":89}}],"line":150},"16":{"loc":{"start":{"line":146,"column":49},"end":{"line":146,"column":null}},"type":"binary-expr","locations":[{"start":{"line":146,"column":49},"end":{"line":146,"column":60}},{"start":{"line":146,"column":60},"end":{"line":146,"column":null}}],"line":146}},"s":{"0":46,"1":46,"2":46,"3":46,"4":46,"5":46,"6":46,"7":46,"8":46,"9":46,"10":6,"11":6,"12":6,"13":6,"14":6,"15":0,"16":0,"17":6,"18":6,"19":0,"20":6,"21":46,"22":20,"23":8,"24":8,"25":8,"26":12,"27":12,"28":3,"29":0,"30":12,"31":3,"32":0,"33":12,"34":12,"35":46,"36":1,"37":1,"38":6,"39":6,"40":6,"41":46,"42":1,"43":1,"44":1,"45":46,"46":1,"47":1,"48":1,"49":46,"50":46,"51":7,"52":1,"53":1,"54":3,"55":1},"f":{"0":46,"1":6,"2":0,"3":0,"4":20,"5":3,"6":0,"7":3,"8":0,"9":6,"10":1,"11":6,"12":1,"13":1,"14":7,"15":1,"16":1,"17":3,"18":1},"b":{"0":[6,0],"1":[6,6],"2":[8,12],"3":[3,2,2],"4":[3,0],"5":[1,0],"6":[1,1],"7":[46,44],"8":[46,30,22],"9":[12,10],"10":[6,4],"11":[4,1],"12":[1,0],"13":[4,3],"14":[1,0],"15":[3,2],"16":[3,0]},"meta":{"lastBranch":17,"lastFunction":19,"lastStatement":56,"seen":{"f:11:24:11:36":0,"s:12:26:12:Infinity":0,"s:13:10:13:Infinity":1,"s:15:10:15:Infinity":2,"s:17:34:17:Infinity":3,"s:18:34:18:Infinity":4,"s:21:44:21:Infinity":5,"s:22:38:22:Infinity":6,"s:25:54:25:Infinity":7,"s:26:48:26:Infinity":8,"s:28:24:47:Infinity":9,"f:28:24:28:36":1,"s:29:8:29:Infinity":10,"b:30:8:46:Infinity:undefined:undefined:undefined:undefined":0,"s:30:8:46:Infinity":11,"b:30:12:30:43:30:43:30:69":1,"s:31:12:31:Infinity":12,"s:32:12:45:Infinity":13,"s:34:56:37:Infinity":14,"f:35:46:35:52":2,"s:35:52:35:54":15,"f:36:44:36:50":3,"s:36:50:36:52":16,"s:39:16:39:Infinity":17,"s:40:16:40:Infinity":18,"s:42:16:42:Infinity":19,"s:44:16:44:Infinity":20,"s:50:4:75:Infinity":21,"f:50:14:50:20":4,"b:51:8:55:Infinity:undefined:undefined:undefined:undefined":2,"s:51:8:55:Infinity":22,"s:52:12:52:Infinity":23,"s:53:12:53:Infinity":24,"s:54:12:54:Infinity":25,"s:57:27:57:Infinity":26,"s:60:30:64:Infinity":27,"f:60:52:60:Infinity":5,"s:61:12:63:Infinity":28,"b:61:12:61:Infinity:62:12:62:Infinity:63
[...]
type":"binary-expr","locations":[{"start":{"line":129,"column":18},"end":{"line":129,"column":62}},{"start":{"line":129,"column":62},"end":{"line":129,"column":99}}],"line":129},"8":{"loc":{"start":{"line":145,"column":4},"end":{"line":155,"column":null}},"type":"if","locations":[{"start":{"line":145,"column":4},"end":{"line":155,"column":null}},{"start":{},"end":{}}],"line":145},"9":{"loc":{"start":{"line":146,"column":6},"end":{"line":148,"column":null}},"type":"if","locations":[{"start":{"line":146,"column":6},"end":{"line":148,"column":null}},{"start":{},"end":{}}],"line":146},"10":{"loc":{"start":{"line":157,"column":4},"end":{"line":178,"column":null}},"type":"if","locations":[{"start":{"line":157,"column":4},"end":{"line":178,"column":null}},{"start":{},"end":{}}],"line":157},"11":{"loc":{"start":{"line":164,"column":37},"end":{"line":164,"column":70}},"type":"binary-expr","locations":[{"start":{"line":164,"column":37},"end":{"line":164,"column":61}},{"start":{"line":164,"column":61},"end":{"line":164,"column":70}}],"line":164},"12":{"loc":{"start":{"line":170,"column":31},"end":{"line":170,"column":63}},"type":"binary-expr","locations":[{"start":{"line":170,"column":31},"end":{"line":170,"column":56}},{"start":{"line":170,"column":56},"end":{"line":170,"column":63}}],"line":170},"13":{"loc":{"start":{"line":160,"column":30},"end":{"line":160,"column":null}},"type":"binary-expr","locations":[{"start":{"line":160,"column":30},"end":{"line":160,"column":51}},{"start":{"line":160,"column":51},"end":{"line":160,"column":null}}],"line":160},"14":{"loc":{"start":{"line":187,"column":7},"end":{"line":192,"column":null}},"type":"binary-expr","locations":[{"start":{"line":187,"column":7},"end":{"line":187,"column":null}},{"start":{"line":188,"column":8},"end":{"line":192,"column":null}}],"line":187},"15":{"loc":{"start":{"line":222,"column":17},"end":{"line":233,"column":null}},"type":"binary-expr","locations":[{"start":{"line":222,"column":17},"end":{"line":222,"column":null}},{"start":{"line":223,"column":16},"end":{"line":233,"column":null}}],"line":222},"16":{"loc":{"start":{"line":245,"column":25},"end":{"line":245,"column":66}},"type":"binary-expr","locations":[{"start":{"line":245,"column":25},"end":{"line":245,"column":50}},{"start":{"line":245,"column":50},"end":{"line":245,"column":66}}],"line":245},"17":{"loc":{"start":{"line":256,"column":23},"end":{"line":256,"column":null}},"type":"binary-expr","locations":[{"start":{"line":256,"column":23},"end":{"line":256,"column":38}},{"start":{"line":256,"column":38},"end":{"line":256,"column":null}}],"line":256},"18":{"loc":{"start":{"line":275,"column":21},"end":{"line":275,"column":null}},"type":"cond-expr","locations":[{"start":{"line":275,"column":34},"end":{"line":275,"column":51}},{"start":{"line":275,"column":51},"end":{"line":275,"column":null}}],"line":275}},"s":{"0":1,"1":40,"2":1,"3":40,"4":1,"5":40,"6":41,"7":41,"8":41,"9":41,"10":41,"11":41,"12":41,"13":41,"14":41,"15":41,"16":41,"17":40,"18":40,"19":40,"20":40,"21":40,"22":39,"23":39,"24":39,"25":1,"26":40,"27":40,"28":41,"29":1,"30":1,"31":25,"32":7,"33":25,"34":25,"35":41,"36":1,"37":1,"38":41,"39":1,"40":1,"41":1,"42":1,"43":41,"44":1,"45":1,"46":41,"47":3,"48":0,"49":3,"50":3,"51":3,"52":1,"53":1,"54":1,"55":0,"56":0,"57":2,"58":2,"59":1,"60":1,"61":0,"62":0,"63":1,"64":1,"65":1,"66":3,"67":3,"68":41,"69":41,"70":35,"71":34,"72":1,"73":1,"74":6,"75":6,"76":3,"77":1,"78":0,"79":41,"80":0,"81":0,"82":2,"83":7,"84":7,"85":4,"86":4,"87":0,"88":1},"f":{"0":40,"1":40,"2":40,"3":41,"4":40,"5":40,"6":25,"7":1,"8":25,"9":1,"10":1,"11":1,"12":1,"13":1,"14":3,"15":0,"16":0,"17":41,"18":1,"19":3,"20":1,"21":0,"22":0,"23":2,"24":7,"25":7,"26":4,"27":0,"28":1},"b":{"0":[40,0],"1":[1,0],"2":[1,1],"3":[7,18],"4":[0,3],"5":[2,0],"6":[1,1],"7":[2,1],"8":[35,6],"9":[34,1],"10":[6,0],"11":[3,0],"12":[3,0],"13":[3,0],"14":[41,3],"15":[41,7],"16":[41,0],"17":[0,0],"18":[3,38]},"meta":{"lastBranch":19,"lastFunction":29,"lastStatement":89,"seen":{"s:18:18:22:Infinity":0,"f:18:18:18:Infinity":0,"s:19:2:22:Infinity":1,"s:24:21:27:Infinity":2,"f:24:21:24:Infinity":1,"s:25:2:27:Infinity":3,"s:29:21:32:Infinity":4,"f:29:21:29:Infinity":2,"s:30:2:32:Infinity":5,"f:38:24:38:34":3,"s:39:30:39:Infinity":6,"s:40:22:40:Infinity":7,"s:41:34:41:Infinity":8,"s:42:8:42:Infinity":9,"s:44:8:44:Infinity":10,"s:47:32:47:Infinity":11,"s:48:38:48:Infinity":12,"s:50:34:50:Infinity":13,"s:51:62:51:Infinity":14,"s:52:38:52:Infinity":15,"s:54:2:75:Infinity":16,"f:54:12:54:18":4,"s:56:4:56:Infinity":17,"s:57:29:72:Infinity":18,"f:57:29:57:41":5,"s:58:6:70:Infinity":19,"s:60:8:60:Infinity":20,"s:61:29:61:Infinity":21,"s:63:48:63:Infinity":22,"s:65:8:65:Infinity":23,"s:66:8:66:Infinity":24,"s:69:8:69:Infinity":25,"b:73:4:74:Infinity:undefined:undefined:undefined:undefined":0,"s:73:4:74:Infinity":26,"s:74:6:74:Infinity":27,"s:78:2:90:Infinity":28,"f:78:12:78:18":6,"f:79:13:79:32":7,"b:80:6:82:Infinity:undefined:undefined:undefined:undefined":1,"s:80:6:82:Infinity":29,"b:80:10:80:29:80:29:80:78":2,"s:81:8:81:Infinity":30,"b:84:4:86:Infinity:undefined:undefined:undefined:undefined":3,"s:84:4:86:Infinity":31,"s:85:6:85:Infinity":32,"s:87:4:89:Infinity":33,"f:87:11:87:17":8,"s:88:6:88:Infinity":34,"s:92:23:95:Infinity":35,"f:92:23:92:29":9,"s:93:4:93:Infinity":36,"s:94:4:94:Infinity":37,"s:97:30:104:Infinity":38,"f:97:30:97:37":10,"s:98:6:98:Infinity":39,"s:101:6:103:Infinity":40,"f:101:22:101:23":11,"s:102:10:102:Infinity":41,"f:102:30:102:41":12,"s:102:41:102:72":42,"s:106:28:109:Infinity":43,"f:106:28:106:34":13,"s:107:6:107:Infinity":44,"s:108:6:108:Infinity":45,"s:111:30:141:Infinity":46,"f:111:30:111:42":14,"b:113:4:113:Infinity:undefined:undefined:undefined:undefined":4,"s:113:4:113:Infinity":47,"s:113:20:113:Infinity":48,"s:114:4:114:Infinity":49,"s:116:6:140:Infinity":50,"s:117:10:117:Infinity":51,"s:118:10:118:Infinity":52,"s:120:10:120:Infinity":53,"s:122:10:125:Infinity":54,"f:122:21:122:27":15,"s:123:14:123:Infinity":55,"s:124:14:124:Infinity":56,"b:128:10:135:Infinity:undefined:undefined:undefined:undefined":5,"s:128:10:135:Infinity":57,"b:129:14:133:Infinity:undefined:undefined:undefined:undefined":6,"s:129:14:133:Infinity":58,"b:129:18:129:62:129:62:129:99":7,"s:130:18:130:Infinity":59,"s:131:18:131:Infinity":60,"f:131:29:131:35":16,"s:131:37:131:47":61,"s:131:47:131:67":62,"s:132:18:132:Infinity":63,"s:134:14:134:Infinity":64,"s:136:10:136:Infinity":65,"s:138:10:138:Infinity":66,"s:139:10:139:Infinity":67,"s:144:21:181:Infinity":68,"f:144:21:144:27":17,"b:145:4:155:Infinity:undefined:undefined:undefined:undefined":8,"s:145:4:155:Infinity":69,"b:146:6:148:Infinity:undefined:undefined:undefined:undefined":9,"s:146:6:148:Infinity":70,"s:147:8:147:Infinity":71,"s:150:5:154:Infinity":72,"f:150:26:150:27":18,"s:151:8:153:Infinity":73,"b:157:4:178:Infinity:undefined:undefined:undefined:undefined":10,"s:157:4:178:Infinity":74,"s:159:6:177:Infinity":75,"f:159:30:159:Infinity":19,"s:160:8:176:Infinity":76,"b:164:37:164:61:164:61:164:70":11,"b:170:31:170:56:170:56:170:63":12,"f:174:22:174:28":20,"s:174:28:174:Infinity":77,"b:160:30:160:51:160:51:160:Infinity":13,"s:180:4:180:Infinity":78,"s:183:2:281:Infinity":79,"b:187:7:187:Infinity:188:8:192:Infinity":14,"f:191:21:191:27":21,"s:191:27:191:Infinity":80,"f:203:33:203:39":22,"s:203:39:203:Infinity":81,"f:210:33:210:39":23,"s:210:39:210:Infinity":82,"f:216:33:216:39":24,"s:216:39:216:Infinity":83,"f:216:53:216:61":25,"s:216:61:216:66":84,"b:222:17:222:Infinity:223:16:233:Infinity":15,"f:227:47:227:53":26,"s:228:24:228:Infinity":85,"s:229:24:229:Infinity":86,"b:245:25:245:50:245:50:245:66":16,"f:256:17:256:23":27,"s:256:23:256:Infinity":87,"b:256:23:256:38:256:38:256:Infinity":17,"f:266:27:266:33":28,"s:266:33:266:Infinity":88,"b:275:34:275:51:275:51:275:Infinity":18}}}
,"/home/nicolas/Área de Trabalho/CTable/frontend/src/pages/Profile/styles.ts": {"path":"/home/nicolas/Área de Trabalho/CTable/frontend/src/pages/Profile/styles.ts","statementMap":{"0":{"start":{"line":4,"column":27},"end":{"line":5,"column":null}},"1":{"start":{"line":5,"column":31},"end":{"line":5,"column":54}},"2":{"start":{"line":10,"column":30},"end":{"line":10,"column":null}},"3":{"start":{"line":16,"column":29},"end":{"line":21,"column":null}},"4":{"start":{"line":21,"column":33},"end":{"line":21,"column":55}},"5":{"start":{"line":28,"column":24},"end":{"line":28,"column":null}},"6":{"start":{"line":35,"column":29},"end":{"line":36,"column":null}},"7":{"start":{"line":36,"column":31},"end":{"line":36,"column":49}},"8":{"start":{"line":49,"column":27},"end":{"line":49,"column":null}},"9":{"start":{"line":61,"column":29},"end":{"line":66,"column":null}},"10":{"start":{"line":65,"column":31},"end":{"line":65,"column":50}},"11":{"start":{"line":66,"column":31},"end":{"line":66,"column":51}},"12":{"start":{"line":72,"column":24},"end":{"line":75,"column":null}},"13":{"start":{"line":75,"column":20},"end":{"line":75,"column":40}},"14":{"start":{"line":80,"column":30},"end":{"line":80,"column":null}},"15":{"start":{"line":89,"column":26},"end":{"line":113,"column":null}},"16":{"start":{"line":99,"column":31},"end":{"line":99,"column":53}},"17":{"start":{"line":100,"column":20},"end":{"line":100,"column":38}},"18":{"start":{"line":110,"column":13},"end":{"line":111,"column":null}},"19":{"start":{"line":122,"column":30},"end":{"line":122,"column":null}}},"fnMap":{"0":{"name":"(anonymous_0)","decl":{"start":{"line":5,"column":22},"end":{"line":5,"column":31}},"loc":{"start":{"line":5,"column":31},"end":{"line":5,"column":54}},"line":5},"1":{"name":"(anonymous_1)","decl":{"start":{"line":21,"column":24},"end":{"line":21,"column":33}},"loc":{"start":{"line":21,"column":33},"end":{"line":21,"column":55}},"line":21},"2":{"name":"(anonymous_2)","decl":{"start":{"line":36,"column":22},"end":{"line":36,"column":31}},"loc":{"start":{"line":36,"column":31},"end":{"line":36,"column":49}},"line":36},"3":{"name":"(anonymous_3)","decl":{"start":{"line":65,"column":22},"end":{"line":65,"column":31}},"loc":{"start":{"line":65,"column":31},"end":{"line":65,"column":50}},"line":65},"4":{"name":"(anonymous_4)","decl":{"start":{"line":66,"column":22},"end":{"line":66,"column":31}},"loc":{"start":{"line":66,"column":31},"end":{"line":66,"column":51}},"line":66},"5":{"name":"(anonymous_5)","decl":{"start":{"line":75,"column":11},"end":{"line":75,"column":20}},"loc":{"start":{"line":75,"column":20},"end":{"line":75,"column":40}},"line":75},"6":{"name":"(anonymous_6)","decl":{"start":{"line":99,"column":22},"end":{"line":99,"column":31}},"loc":{"start":{"line":99,"column":31},"end":{"line":99,"column":53}},"line":99},"7":{"name":"(anonymous_7)","decl":{"start":{"line":100,"column":11},"end":{"line":100,"column":20}},"loc":{"start":{"line":100,"column":20},"end":{"line":100,"column":38}},"line":100},"8":{"name":"(anonymous_8)","decl":{"start":{"line":110,"column":4},"end":{"line":110,"column":13}},"loc":{"start":{"line":110,"column":13},"end":{"line":111,"column":null}},"line":110}},"branchMap":{"0":{"loc":{"start":{"line":110,"column":13},"end":{"line":111,"column":null}},"type":"binary-expr","locations":[{"start":{"line":110,"column":13},"end":{"line":110,"column":30}},{"start":{"line":110,"column":30},"end":{"line":111,"column":null}}],"line":110}},"s":{"0":1,"1":40,"2":1,"3":1,"4":3,"5":1,"6":1,"7":40,"8":1,"9":1,"10":40,"11":40,"12":1,"13":40,"14":1,"15":1,"16":120,"17":120,"18":120,"19":1},"f":{"0":40,"1":3,"2":40,"3":40,"4":40,"5":40,"6":120,"7":120,"8":120},"b":{"0":[120,40]},"meta":{"lastBranch":1,"lastFunction":9,"lastStatement":20,"seen":{"s:4:27:5:Infinity":0,"f:5:22:5:31":0,"s:5:31:5:54":1,"s:10:30:10:Infinity":2,"s:16:29:21:Infinity":3,"f:21:24:21:33":1,"s:21:33:21:55":4,"s:28:24:28:Infinity":5,"s:35:29:36:Infinity":6,"f:36:22:36:31":2,"s:36:31:36:49":7,"s:49:27:49:Infinity":8,"s:61:29:66:Infinity":9,"f:65:22:65:31":3,"s:65:31:65:50":10,"f:66:22:66:31":4,"s:66:31:66:51":11,"s:72:24:75:Infinity":12,"f:75:11:75:20":5,"s:75:20:75:40":13,"s:80:30:80:Infinity":14,"s:89:26:113:Infinity":15,"f:99:22:99:31":6,"s:99:31:99:53":16,"f:100:11:100:20":7,"s:100:20:100:38":17,"f:110:4:110:13":8,"s:110:13:111:Infinity":18,"b:110:13:110:30:110:30:111:Infinity":0,"s:122:30:122:Infinity":19}}}
,"/home/nicolas/Área de Trabalho/CTable/frontend/src/pages/ProjectPage/index.tsx": {"path":"/home/nicolas/Área de Trabalho/CTable/frontend/src/pages/ProjectPage/index.tsx","statementMap":{"0":{"start":{"line":10,"column":20},"end":{"line":10,"column":null}},"1":{"start":{"line":11,"column":28},"end":{"line":11,"column":null}},"2":{"start":{"line":12,"column":28},"end":{"line":12,"column":null}},"3":{"start":{"line":14,"column":2},"end":{"line":28,"column":null}},"4":{"start":{"line":16,"column":8},"end":{"line":16,"column":null}},"5":{"start":{"line":16,"column":24},"end":{"line":16,"column":null}},"6":{"start":{"line":17,"column":8},"end":{"line":25,"column":null}},"7":{"start":{"line":18,"column":12},"end":{"line":18,"column":null}},"8":{"start":{"line":19,"column":25},"end":{"line":19,"column":null}},"9":{"start":{"line":20,"column":12},"end":{"line":20,"column":null}},"10":{"start":{"line":22,"column":12},"end":{"line":22,"column":null}},"11":{"start":{"line":24,"column":12},"end":{"line":24,"column":null}},"12":{"start":{"line":27,"column":4},"end":{"line":27,"column":null}},"13":{"start":{"line":30,"column":2},"end":{"line":30,"column":null}},"14":{"start":{"line":30,"column":15},"end":{"line":30,"column":null}},"15":{"start":{"line":31,"column":2},"end":{"line":31,"column":null}},"16":{"start":{"line":31,"column":16},"end":{"line":31,"column":null}},"17":{"start":{"line":34,"column":20},"end":{"line":34,"column":null}},"18":{"start":{"line":36,"column":2},"end":{"line":93,"column":null}},"19":{"start":{"line":84,"column":16},"end":{"line":86,"column":null}}},"fnMap":{"0":{"name":"ProjectPage","decl":{"start":{"line":9,"column":24},"end":{"line":9,"column":38}},"loc":{"start":{"line":9,"column":38},"end":{"line":95,"column":null}},"line":9},"1":{"name":"(anonymous_1)","decl":{"start":{"line":14,"column":12},"end":{"line":14,"column":18}},"loc":{"start":{"line":14,"column":18},"end":{"line":28,"column":5}},"line":14},"2":{"name":"loadData","decl":{"start":{"line":15,"column":19},"end":{"line":15,"column":30}},"loc":{"start":{"line":15,"column":30},"end":{"line":26,"column":null}},"line":15},"3":{"name":"(anonymous_3)","decl":{"start":{"line":83,"column":41},"end":{"line":83,"column":42}},"loc":{"start":{"line":84,"column":16},"end":{"line":86,"column":null}},"line":84}},"branchMap":{"0":{"loc":{"start":{"line":16,"column":8},"end":{"line":16,"column":null}},"type":"if","locations":[{"start":{"line":16,"column":8},"end":{"line":16,"column":null}},{"start":{},"end":{}}],"line":16},"1":{"loc":{"start":{"line":30,"column":2},"end":{"line":30,"column":null}},"type":"if","locations":[{"start":{"line":30,"column":2},"end":{"line":30,"column":null}},{"start":{},"end":{}}],"line":30},"2":{"loc":{"start":{"line":31,"column":2},"end":{"line":31,"column":null}},"type":"if","locations":[{"start":{"line":31,"column":2},"end":{"line":31,"column":null}},{"start":{},"end":{}}],"line":31},"3":{"loc":{"start":{"line":53,"column":36},"end":{"line":53,"column":81}},"type":"binary-expr","locations":[{"start":{"line":53,"column":36},"end":{"line":53,"column":62}},{"start":{"line":53,"column":62},"end":{"line":53,"column":81}}],"line":53}},"s":{"0":4,"1":4,"2":4,"3":4,"4":2,"5":0,"6":2,"7":2,"8":2,"9":2,"10":0,"11":2,"12":2,"13":4,"14":2,"15":2,"16":2,"17":1,"18":1,"19":2},"f":{"0":4,"1":2,"2":2,"3":2},"b":{"0":[0,2],"1":[2,2],"2":[1,1],"3":[1,0]},"meta":{"lastBranch":4,"lastFunction":4,"lastStatement":20,"seen":{"f:9:24:9:38":0,"s:10:20:10:Infinity":0,"s:11:28:11:Infinity":1,"s:12:28:12:Infinity":2,"s:14:2:28:Infinity":3,"f:14:12:14:18":1,"f:15:19:15:30":2,"b:16:8:16:Infinity:undefined:undefined:undefined:undefined":0,"s:16:8:16:Infinity":4,"s:16:24:16:Infinity":5,"s:17:8:25:Infinity":6,"s:18:12:18:Infinity":7,"s:19:25:19:Infinity":8,"s:20:12:20:Infinity":9,"s:22:12:22:Infinity":10,"s:24:12:24:Infinity":11,"s:27:4:27:Infinity":12,"b:30:2:30:Infinity:undefined:undefined:undefined:undefined":1,"s:30:2:30:Infinity":13,"s:30:15:30:Infinity":14,"b:31:2:31:Infinity:undefined:undefined:undefined:undefined":2,"s:31:2:31:Infinity":15,"s:31:16:31:Infinity":16,"s:34:20:34:Infinity":17,"s:36:2:93:Infinity":18,"b:53:36:53:62:53:62:53:81":3,"f:83:41:83:42":3,"s:84:16:86:Infinity":19}}}
,"/home/nicolas/Área de Trabalho/CTable/frontend/src/pages/Register/index.tsx": {"path":"/home/nicolas/Área de Trabalho/CTable/frontend/src/pages/Register/index.tsx","statementMap":{"0":{"start":{"line":13,"column":38},"end":{"line":13,"column":null}},"1":{"start":{"line":16,"column":69},"end":{"line":16,"column":null}},"2":{"start":{"line":17,"column":8},"end":{"line":17,"column":null}},"3":{"start":{"line":20,"column":4},"end":{"line":20,"column":null}},"4":{"start":{"line":21,"column":4},"end":{"line":39,"column":null}},"5":{"start":{"line":22,"column":6},"end":{"line":22,"column":null}},"6":{"start":{"line":24,"column":6},"end":{"line":24,"column":null}},"7":{"start":{"line":27,"column":6},"end":{"line":27,"column":null}},"8":{"start":{"line":28,"column":6},"end":{"line":30,"column":null}},"9":{"start":{"line":29,"column":8},"end":{"line":29,"column":null}},"10":{"start":{"line":33,"column":6},"end":{"line":33,"column":null}},"11":{"start":{"line":36,"column":6},"end":{"line":38,"column":null}},"12":{"start":{"line":37,"column":8},"end":{"line":37,"column":null}},"13":{"start":{"line":42,"column":2},"end":{"line":109,"column":null}},"14":{"start":{"line":49,"column":25},"end":{"line":49,"column":null}},"15":{"start":{"line":92,"column":14},"end":{"line":98,"column":null}}},"fnMap":{"0":{"name":"Register","decl":{"start":{"line":11,"column":24},"end":{"line":11,"column":35}},"loc":{"start":{"line":11,"column":35},"end":{"line":111,"column":null}},"line":11},"1":{"name":"onSubmit","decl":{"start":{"line":19,"column":17},"end":{"line":19,"column":26}},"loc":{"start":{"line":19,"column":47},"end":{"line":40,"column":null}},"line":19},"2":{"name":"(anonymous_2)","decl":{"start":{"line":28,"column":17},"end":{"line":28,"column":23}},"loc":{"start":{"line":28,"column":23},"end":{"line":30,"column":9}},"line":28},"3":{"name":"(anonymous_3)","decl":{"start":{"line":49,"column":19},"end":{"line":49,"column":25}},"loc":{"start":{"line":49,"column":25},"end":{"line":49,"column":null}},"line":49},"4":{"name":"(anonymous_4)","decl":{"start":{"line":91,"column":20},"end":{"line":91,"column":21}},"loc":{"start":{"line":92,"column":14},"end":{"line":98,"column":null}},"line":92}},"branchMap":{"0":{"loc":{"start":{"line":36,"column":6},"end":{"line":38,"column":null}},"type":"if","locations":[{"start":{"line":36,"column":6},"end":{"line":38,"column":null}},{"start":{},"end":{}}],"line":36},"1":{"loc":{"start":{"line":45,"column":7},"end":{"line":50,"column":null}},"type":"binary-expr","locations":[{"start":{"line":45,"column":7},"end":{"line":45,"column":null}},{"start":{"line":46,"column":8},"end":{"line":50,"column":null}}],"line":45}},"s":{"0":8,"1":8,"2":8,"3":2,"4":2,"5":2,"6":1,"7":1,"8":1,"9":0,"10":1,"11":1,"12":1,"13":8,"14":0,"15":10},"f":{"0":8,"1":2,"2":0,"3":0,"4":10},"b":{"0":[1,0],"1":[8,2]},"meta":{"lastBranch":2,"lastFunction":5,"lastStatement":16,"seen":{"f:11:24:11:35":0,"s:13:38:13:Infinity":0,"s:16:69:16:Infinity":1,"s:17:8:17:Infinity":2,"f:19:17:19:26":1,"s:20:4:20:Infinity":3,"s:21:4:39:Infinity":4,"s:22:6:22:Infinity":5,"s:24:6:24:Infinity":6,"s:27:6:27:Infinity":7,"s:28:6:30:Infinity":8,"f:28:17:28:23":2,"s:29:8:29:Infinity":9,"s:33:6:33:Infinity":10,"b:36:6:38:Infinity:undefined:undefined:undefined:undefined":0,"s:36:6:38:Infinity":11,"s:37:8:37:Infinity":12,"s:42:2:109:Infinity":13,"b:45:7:45:Infinity:46:8:50:Infinity":1,"f:49:19:49:25":3,"s:49:25:49:Infinity":14,"f:91:20:91:21":4,"s:92:14:98:Infinity":15}}}
}
