TN:
SF:src/App.tsx
FN:7,App
FNF:1
FNH:1
FNDA:2,App
DA:9,2
LF:1
LH:1
BRF:0
BRH:0
end_of_record
TN:
SF:src/API/Comment.ts
FN:14,(anonymous_0)
FN:22,CreateComment
FN:42,GetComments
FN:56,GetUserComments
FN:67,DeleteComment
FNF:5
FNH:0
FNDA:0,(anonymous_0)
FNDA:0,CreateComment
FNDA:0,GetComments
FNDA:0,GetUserComments
FNDA:0,DeleteComment
DA:14,1
DA:15,0
DA:23,0
DA:25,0
DA:30,0
DA:34,0
DA:35,0
DA:37,0
DA:43,0
DA:45,0
DA:47,0
DA:49,0
DA:50,0
DA:57,0
DA:58,0
DA:60,0
DA:62,0
DA:63,0
DA:68,0
DA:70,0
DA:72,0
DA:74,0
DA:75,0
DA:77,0
LF:24
LH:1
BRDA:34,0,0,0
BRDA:34,0,1,0
BRDA:34,1,0,0
BRDA:34,1,1,0
BRDA:74,2,0,0
BRDA:74,2,1,0
BRDA:74,3,0,0
BRDA:74,3,1,0
BRF:8
BRH:0
end_of_record
TN:
SF:src/API/Community.ts
FN:16,(anonymous_0)
FN:24,NewCommunity
FN:38,GetUserCommunities
FN:48,GetCommunityById
FN:61,JoinCommunity
FN:74,DeleteCommunity
FN:86,UpdateCommunity
FN:102,LeaveCommunity
FN:115,GetAllCommunities
FNF:9
FNH:0
FNDA:0,(anonymous_0)
FNDA:0,NewCommunity
FNDA:0,GetUserCommunities
FNDA:0,GetCommunityById
FNDA:0,JoinCommunity
FNDA:0,DeleteCommunity
FNDA:0,UpdateCommunity
FNDA:0,LeaveCommunity
FNDA:0,GetAllCommunities
DA:16,2
DA:17,0
DA:26,0
DA:27,0
DA:28,0
DA:29,0
DA:31,0
DA:32,0
DA:34,0
DA:39,0
DA:40,0
DA:41,0
DA:43,0
DA:44,0
DA:49,0
DA:50,0
DA:52,0
DA:54,0
DA:55,0
DA:57,0
DA:62,0
DA:63,0
DA:65,0
DA:67,0
DA:68,0
DA:70,0
DA:75,0
DA:76,0
DA:77,0
DA:79,0
DA:80,0
DA:82,0
DA:87,0
DA:88,0
DA:93,0
DA:95,0
DA:96,0
DA:98,0
DA:103,0
DA:104,0
DA:106,0
DA:108,0
DA:109,0
DA:111,0
DA:116,0
DA:117,0
DA:118,0
DA:120,0
DA:121,0
LF:49
LH:1
BRDA:31,0,0,0
BRDA:31,0,1,0
BRDA:31,1,0,0
BRDA:31,1,1,0
BRDA:54,2,0,0
BRDA:54,2,1,0
BRDA:54,3,0,0
BRDA:54,3,1,0
BRDA:67,4,0,0
BRDA:67,4,1,0
BRDA:67,5,0,0
BRDA:67,5,1,0
BRDA:79,6,0,0
BRDA:79,6,1,0
BRDA:79,7,0,0
BRDA:79,7,1,0
BRDA:95,8,0,0
BRDA:95,8,1,0
BRDA:95,9,0,0
BRDA:95,9,1,0
BRDA:108,10,0,0
BRDA:108,10,1,0
BRDA:108,11,0,0
BRDA:108,11,1,0
BRF:24
BRH:0
end_of_record
TN:
SF:src/API/Project.ts
FN:16,parseDate
FN:24,(anonymous_1)
FN:32,NewProject
FN:45,UpdateProject
FN:61,GetFeedProjects
FN:75,DeleteProject
FN:87,GetUserProjects
FN:102,GetProjectById
FNF:8
FNH:1
FNDA:2,parseDate
FNDA:0,(anonymous_1)
FNDA:0,NewProject
FNDA:0,UpdateProject
FNDA:0,GetFeedProjects
FNDA:0,DeleteProject
FNDA:0,GetUserProjects
FNDA:0,GetProjectById
DA:18,2
DA:21,2
DA:24,4
DA:25,0
DA:33,0
DA:34,0
DA:36,0
DA:38,0
DA:39,0
DA:41,0
DA:46,0
DA:47,0
DA:51,0
DA:53,0
DA:54,0
DA:56,0
DA:63,0
DA:64,0
DA:66,0
DA:68,0
DA:70,0
DA:71,0
DA:76,0
DA:77,0
DA:80,0
DA:81,0
DA:83,0
DA:88,0
DA:89,0
DA:91,0
DA:93,0
DA:95,0
DA:96,0
DA:98,0
DA:103,0
DA:104,0
DA:106,0
DA:108,0
DA:109,0
LF:39
LH:3
BRDA:38,0,0,0
BRDA:38,0,1,0
BRDA:38,1,0,0
BRDA:38,1,1,0
BRDA:53,2,0,0
BRDA:53,2,1,0
BRDA:53,3,0,0
BRDA:53,3,1,0
BRDA:80,4,0,0
BRDA:80,4,1,0
BRDA:80,5,0,0
BRDA:80,5,1,0
BRDA:95,6,0,0
BRDA:95,6,1,0
BRDA:95,7,0,0
BRDA:95,7,1,0
BRF:16
BRH:0
end_of_record
TN:
SF:src/API/api.ts
FNF:0
FNH:0
DA:3,5
LF:1
LH:1
BRDA:4,0,0,5
BRDA:4,0,1,5
BRF:2
BRH:2
end_of_record
TN:
SF:src/components/common/Keyword/index.tsx
FN:10,(anonymous_0)
FNF:1
FNH:1
FNDA:2,(anonymous_0)
DA:10,1
DA:11,2
DA:21,1
LF:3
LH:3
BRF:0
BRH:0
end_of_record
TN:
SF:src/components/common/Modal/index.tsx
FN:11,(anonymous_0)
FN:17,(anonymous_1)
FNF:2
FNH:2
FNDA:5,(anonymous_0)
FNDA:2,(anonymous_1)
DA:11,1
DA:12,5
DA:13,1
DA:17,4
DA:18,2
DA:21,4
LF:6
LH:6
BRDA:12,0,0,1
BRDA:12,0,1,4
BRF:2
BRH:2
end_of_record
TN:
SF:src/components/common/Toast/index.tsx
FN:15,(anonymous_0)
FN:18,(anonymous_1)
FN:19,(anonymous_2)
FN:24,(anonymous_3)
FNF:4
FNH:4
FNDA:4,(anonymous_0)
FNDA:4,(anonymous_1)
FNDA:1,(anonymous_2)
FNDA:4,(anonymous_3)
DA:15,1
DA:18,4
DA:19,4
DA:20,1
DA:24,4
DA:25,4
DA:29,4
LF:7
LH:7
BRF:0
BRH:0
end_of_record
TN:
SF:src/components/domain/CreationForm/styles.ts
FN:6,(anonymous_0)
FN:26,(anonymous_1)
FN:37,(anonymous_2)
FN:39,(anonymous_3)
FN:44,(anonymous_4)
FN:49,(anonymous_5)
FN:50,(anonymous_6)
FN:62,(anonymous_7)
FN:78,(anonymous_8)
FN:80,(anonymous_9)
FN:92,(anonymous_10)
FN:93,(anonymous_11)
FN:97,(anonymous_12)
FN:114,(anonymous_13)
FN:129,(anonymous_14)
FN:133,(anonymous_15)
FN:148,(anonymous_16)
FN:149,(anonymous_17)
FN:157,(anonymous_18)
FN:169,(anonymous_19)
FN:171,(anonymous_20)
FN:178,(anonymous_21)
FN:183,(anonymous_22)
FN:184,(anonymous_23)
FN:192,(anonymous_24)
FNF:25
FNH:22
FNDA:20,(anonymous_0)
FNDA:86,(anonymous_1)
FNDA:33,(anonymous_2)
FNDA:33,(anonymous_3)
FNDA:33,(anonymous_4)
FNDA:33,(anonymous_5)
FNDA:33,(anonymous_6)
FNDA:13,(anonymous_7)
FNDA:13,(anonymous_8)
FNDA:13,(anonymous_9)
FNDA:13,(anonymous_10)
FNDA:13,(anonymous_11)
FNDA:13,(anonymous_12)
FNDA:0,(anonymous_13)
FNDA:0,(anonymous_14)
FNDA:0,(anonymous_15)
FNDA:20,(anonymous_16)
FNDA:20,(anonymous_17)
FNDA:20,(anonymous_18)
FNDA:20,(anonymous_19)
FNDA:20,(anonymous_20)
FNDA:20,(anonymous_21)
FNDA:20,(anonymous_22)
FNDA:20,(anonymous_23)
FNDA:20,(anonymous_24)
DA:4,2
DA:6,20
DA:16,2
DA:22,2
DA:26,86
DA:31,2
DA:37,33
DA:39,33
DA:44,33
DA:49,33
DA:50,33
DA:54,2
DA:62,13
DA:72,2
DA:78,13
DA:80,13
DA:92,13
DA:93,13
DA:97,13
DA:102,2
DA:108,2
DA:114,0
DA:125,2
DA:129,0
DA:133,0
DA:138,2
DA:144,2
DA:148,20
DA:149,20
DA:157,20
DA:162,2
DA:169,20
DA:171,20
DA:178,20
DA:183,20
DA:184,20
DA:189,2
DA:192,20
LF:38
LH:35
BRF:0
BRH:0
end_of_record
TN:
SF:src/components/domain/Postcard/index.tsx
FN:15,(anonymous_0)
FN:23,(anonymous_1)
FN:31,(anonymous_2)
FN:45,Postcard
FN:65,(anonymous_4)
FN:71,loadComments
FN:81,(anonymous_6)
FN:82,handleClickOutside
FN:90,(anonymous_8)
FN:95,(anonymous_9)
FN:105,(anonymous_10)
FN:115,(anonymous_11)
FN:126,(anonymous_12)
FN:153,(anonymous_13)
FN:166,(anonymous_14)
FN:190,(anonymous_15)
FN:203,(anonymous_16)
FN:216,(anonymous_17)
FN:216,(anonymous_18)
FN:225,(anonymous_19)
FN:238,(anonymous_20)
FN:250,(anonymous_21)
FN:270,(anonymous_22)
FN:287,(anonymous_23)
FN:307,(anonymous_24)
FN:315,(anonymous_25)
FN:327,(anonymous_26)
FN:335,(anonymous_27)
FNF:28
FNH:18
FNDA:0,(anonymous_0)
FNDA:21,(anonymous_1)
FNDA:12,(anonymous_2)
FNDA:21,Postcard
FNDA:10,(anonymous_4)
FNDA:2,loadComments
FNDA:13,(anonymous_6)
FNDA:0,handleClickOutside
FNDA:13,(anonymous_8)
FNDA:1,(anonymous_9)
FNDA:2,(anonymous_10)
FNDA:0,(anonymous_11)
FNDA:1,(anonymous_12)
FNDA:0,(anonymous_13)
FNDA:12,(anonymous_14)
FNDA:1,(anonymous_15)
FNDA:0,(anonymous_16)
FNDA:4,(anonymous_17)
FNDA:4,(anonymous_18)
FNDA:2,(anonymous_19)
FNDA:2,(anonymous_20)
FNDA:1,(anonymous_21)
FNDA:1,(anonymous_22)
FNDA:0,(anonymous_23)
FNDA:0,(anonymous_24)
FNDA:0,(anonymous_25)
FNDA:0,(anonymous_26)
FNDA:0,(anonymous_27)
DA:15,1
DA:16,0
DA:23,1
DA:24,21
DA:31,1
DA:32,12
DA:46,21
DA:48,21
DA:49,21
DA:50,21
DA:51,21
DA:52,21
DA:55,21
DA:56,21
DA:57,21
DA:58,21
DA:59,21
DA:61,21
DA:63,21
DA:65,21
DA:66,10
DA:67,2
DA:72,2
DA:73,2
DA:74,2
DA:76,0
DA:81,21
DA:83,0
DA:84,0
DA:87,13
DA:88,4
DA:90,13
DA:91,13
DA:95,21
DA:96,1
DA:98,1
DA:99,1
DA:101,0
DA:105,21
DA:106,2
DA:107,2
DA:109,2
DA:111,2
DA:112,0
DA:114,2
DA:115,1
DA:118,1
DA:119,1
DA:122,1
DA:126,21
DA:127,1
DA:129,1
DA:130,0
DA:131,0
DA:134,1
DA:136,1
DA:137,1
DA:138,1
DA:140,1
DA:141,1
DA:142,1
DA:145,0
DA:146,0
DA:149,1
DA:153,21
DA:154,0
DA:155,0
DA:156,0
DA:157,0
DA:158,0
DA:159,0
DA:161,0
DA:162,0
DA:166,21
DA:168,12
DA:171,12
DA:174,12
DA:181,12
DA:185,0
DA:186,0
DA:190,21
DA:191,1
DA:192,0
DA:197,21
DA:203,0
DA:216,4
DA:226,2
DA:227,2
DA:238,2
DA:250,1
DA:272,1
DA:274,1
DA:287,0
DA:307,0
DA:315,0
DA:327,0
DA:335,0
LF:97
LH:70
BRDA:45,0,0,21
BRDA:63,1,0,21
BRDA:63,1,1,0
BRDA:66,2,0,2
BRDA:66,2,1,8
BRDA:66,3,0,10
BRDA:66,3,1,2
BRDA:83,4,0,0
BRDA:83,4,1,0
BRDA:83,5,0,0
BRDA:83,5,1,0
BRDA:87,6,0,4
BRDA:87,6,1,9
BRDA:96,7,0,1
BRDA:96,7,1,0
BRDA:98,8,0,1
BRDA:98,8,1,0
BRDA:107,9,0,2
BRDA:107,9,1,0
BRDA:107,9,2,0
BRDA:109,10,0,0
BRDA:109,10,1,2
BRDA:111,11,0,0
BRDA:111,11,1,2
BRDA:129,12,0,0
BRDA:129,12,1,1
BRDA:134,13,0,0
BRDA:134,13,1,1
BRDA:145,14,0,0
BRDA:145,14,1,0
BRDA:154,15,0,0
BRDA:154,15,1,0
BRDA:168,16,0,0
BRDA:168,16,1,12
BRDA:174,17,0,12
BRDA:174,17,1,0
BRDA:175,18,0,12
BRDA:175,18,1,0
BRDA:175,18,2,0
BRDA:175,18,3,0
BRDA:175,18,4,0
BRDA:185,19,0,0
BRDA:185,19,1,0
BRDA:191,20,0,1
BRDA:191,20,1,0
BRDA:199,21,0,21
BRDA:199,21,1,3
BRDA:208,22,0,21
BRDA:208,22,1,21
BRDA:210,23,0,21
BRDA:210,23,1,0
BRDA:214,24,0,21
BRDA:214,24,1,12
BRDA:220,25,0,12
BRDA:220,25,1,4
BRDA:222,26,0,4
BRDA:222,26,1,4
BRDA:244,27,0,21
BRDA:244,27,1,5
BRDA:260,28,0,5
BRDA:260,28,1,4
BRDA:262,29,0,1
BRDA:262,29,1,4
BRDA:268,30,0,5
BRDA:268,30,1,1
BRDA:272,31,0,1
BRDA:272,31,1,1
BRDA:280,32,0,1
BRDA:280,32,1,0
BRDA:285,33,0,1
BRDA:285,33,1,0
BRDA:275,34,0,1
BRDA:275,34,1,0
BRF:73
BRH:43
end_of_record
TN:
SF:src/components/domain/Searchbar/index.tsx
FN:11,Searchbar
FN:28,(anonymous_1)
FN:35,(anonymous_2)
FN:36,(anonymous_3)
FN:50,(anonymous_4)
FN:60,(anonymous_5)
FN:63,(anonymous_6)
FN:67,(anonymous_7)
FN:69,(anonymous_8)
FN:78,(anonymous_9)
FN:79,handleClickOutside
FN:85,(anonymous_11)
FN:89,(anonymous_12)
FN:95,(anonymous_13)
FN:110,(anonymous_14)
FN:127,(anonymous_15)
FN:130,(anonymous_16)
FN:144,(anonymous_17)
FN:147,(anonymous_18)
FNF:19
FNH:15
FNDA:46,Searchbar
FNDA:6,(anonymous_1)
FNDA:0,(anonymous_2)
FNDA:0,(anonymous_3)
FNDA:20,(anonymous_4)
FNDA:3,(anonymous_5)
FNDA:0,(anonymous_6)
FNDA:3,(anonymous_7)
FNDA:0,(anonymous_8)
FNDA:6,(anonymous_9)
FNDA:1,handleClickOutside
FNDA:6,(anonymous_11)
FNDA:1,(anonymous_12)
FNDA:1,(anonymous_13)
FNDA:7,(anonymous_14)
FNDA:1,(anonymous_15)
FNDA:1,(anonymous_16)
FNDA:3,(anonymous_17)
FNDA:1,(anonymous_18)
DA:12,46
DA:13,46
DA:15,46
DA:17,46
DA:18,46
DA:21,46
DA:22,46
DA:25,46
DA:26,46
DA:28,46
DA:29,6
DA:30,6
DA:31,6
DA:32,6
DA:34,6
DA:35,0
DA:36,0
DA:39,6
DA:40,6
DA:42,0
DA:44,6
DA:50,46
DA:51,20
DA:52,8
DA:53,8
DA:54,8
DA:57,12
DA:60,12
DA:61,3
DA:63,0
DA:67,12
DA:68,3
DA:69,0
DA:72,12
DA:73,12
DA:78,46
DA:80,1
DA:81,1
DA:84,6
DA:85,6
DA:89,46
DA:90,1
DA:91,1
DA:92,1
DA:95,46
DA:96,1
DA:97,1
DA:98,1
DA:101,46
DA:103,46
DA:110,7
DA:128,1
DA:130,1
DA:145,3
DA:147,1
LF:55
LH:50
BRDA:30,0,0,6
BRDA:30,0,1,0
BRDA:30,1,0,6
BRDA:30,1,1,6
BRDA:51,2,0,8
BRDA:51,2,1,12
BRDA:61,3,0,3
BRDA:61,3,1,2
BRDA:61,3,2,2
BRDA:68,4,0,3
BRDA:68,4,1,0
BRDA:80,5,0,1
BRDA:80,5,1,0
BRDA:80,6,0,1
BRDA:80,6,1,1
BRDA:101,7,0,46
BRDA:101,7,1,44
BRDA:115,8,0,46
BRDA:115,8,1,30
BRDA:115,8,2,22
BRDA:117,9,0,12
BRDA:117,9,1,10
BRDA:119,10,0,6
BRDA:119,10,1,4
BRDA:124,11,0,4
BRDA:124,11,1,1
BRDA:134,12,0,1
BRDA:134,12,1,0
BRDA:141,13,0,4
BRDA:141,13,1,3
BRDA:147,14,0,1
BRDA:147,14,1,0
BRDA:150,15,0,3
BRDA:150,15,1,2
BRDA:146,16,0,3
BRDA:146,16,1,0
BRF:36
BRH:30
end_of_record
TN:
SF:src/components/domain/TagInput/index.tsx
FN:15,TagInput
FN:28,(anonymous_1)
FN:30,(anonymous_2)
FN:41,(anonymous_3)
FN:42,handleClickOutside
FN:48,(anonymous_5)
FN:54,(anonymous_6)
FN:69,(anonymous_7)
FN:70,(anonymous_8)
FN:78,(anonymous_9)
FN:81,(anonymous_10)
FN:95,(anonymous_11)
FN:101,(anonymous_12)
FN:102,(anonymous_13)
FNF:14
FNH:13
FNDA:20,TagInput
FNDA:9,(anonymous_1)
FNDA:11,(anonymous_2)
FNDA:5,(anonymous_3)
FNDA:0,handleClickOutside
FNDA:5,(anonymous_5)
FNDA:2,(anonymous_6)
FNDA:1,(anonymous_7)
FNDA:2,(anonymous_8)
FNDA:18,(anonymous_9)
FNDA:1,(anonymous_10)
FNDA:3,(anonymous_11)
FNDA:4,(anonymous_12)
FNDA:2,(anonymous_13)
DA:23,20
DA:24,20
DA:25,20
DA:26,20
DA:28,20
DA:29,9
DA:30,3
DA:31,11
DA:34,3
DA:36,6
DA:41,20
DA:43,0
DA:44,0
DA:47,5
DA:48,5
DA:49,5
DA:54,20
DA:56,2
DA:57,1
DA:58,1
DA:60,1
DA:61,1
DA:62,1
DA:63,1
DA:64,1
DA:69,20
DA:70,2
DA:71,1
DA:74,20
DA:79,18
DA:81,1
DA:95,3
DA:102,4
LF:33
LH:31
BRDA:16,0,0,20
BRDA:29,1,0,3
BRDA:29,1,1,6
BRDA:31,2,0,11
BRDA:31,2,1,3
BRDA:43,3,0,0
BRDA:43,3,1,0
BRDA:43,4,0,0
BRDA:43,4,1,0
BRDA:56,5,0,1
BRDA:56,5,1,1
BRDA:60,6,0,1
BRDA:60,6,1,0
BRDA:76,7,0,20
BRDA:76,7,1,10
BRDA:89,8,0,10
BRDA:89,8,1,10
BRDA:99,9,0,20
BRDA:99,9,1,4
BRDA:109,10,0,20
BRDA:109,10,1,1
BRF:21
BRH:16
end_of_record
TN:
SF:src/components/layout/Header/index.tsx
FN:16,Header
FNF:1
FNH:1
FNDA:2,Header
DA:6,1
DA:17,2
LF:2
LH:2
BRF:0
BRH:0
end_of_record
TN:
SF:src/components/layout/HeaderHome/index.tsx
FN:3,HeaderHome
FNF:1
FNH:1
FNDA:1,HeaderHome
DA:4,1
LF:1
LH:1
BRF:0
BRH:0
end_of_record
TN:
SF:src/components/layout/Sidebar/index.tsx
FN:9,Sidebar
FN:15,(anonymous_1)
FN:19,(anonymous_2)
FN:21,(anonymous_3)
FN:53,(anonymous_4)
FNF:5
FNH:5
FNDA:8,Sidebar
FNDA:2,(anonymous_1)
FNDA:8,(anonymous_2)
FNDA:8,(anonymous_3)
FNDA:2,(anonymous_4)
DA:11,8
DA:12,8
DA:13,8
DA:15,8
DA:16,2
DA:19,8
DA:21,8
DA:22,8
DA:24,8
DA:25,8
DA:26,8
DA:29,0
DA:33,8
DA:34,8
DA:37,8
DA:54,2
LF:16
LH:15
BRDA:33,0,0,8
BRDA:33,0,1,0
BRDA:51,1,0,8
BRDA:51,1,1,7
BRF:4
BRH:3
end_of_record
TN:
SF:src/pages/CommunityPage/index.tsx
FN:15,CommunityPage
FN:29,(anonymous_1)
FN:30,loadData
FN:44,(anonymous_3)
FN:45,handleClickOutside
FN:51,(anonymous_5)
FN:54,(anonymous_6)
FN:61,(anonymous_7)
FN:76,(anonymous_8)
FN:80,(anonymous_9)
FN:88,(anonymous_10)
FN:100,(anonymous_11)
FN:107,(anonymous_12)
FN:134,(anonymous_13)
FN:155,(anonymous_14)
FN:161,(anonymous_15)
FN:171,(anonymous_16)
FN:186,(anonymous_17)
FN:199,(anonymous_18)
FN:209,(anonymous_19)
FN:218,(anonymous_20)
FN:230,(anonymous_21)
FN:238,(anonymous_22)
FNF:23
FNH:15
FNDA:14,CommunityPage
FNDA:4,(anonymous_1)
FNDA:4,loadData
FNDA:6,(anonymous_3)
FNDA:0,handleClickOutside
FNDA:6,(anonymous_5)
FNDA:1,(anonymous_6)
FNDA:1,(anonymous_7)
FNDA:0,(anonymous_8)
FNDA:1,(anonymous_9)
FNDA:0,(anonymous_10)
FNDA:1,(anonymous_11)
FNDA:1,(anonymous_12)
FNDA:0,(anonymous_13)
FNDA:1,(anonymous_14)
FNDA:1,(anonymous_15)
FNDA:1,(anonymous_16)
FNDA:10,(anonymous_17)
FNDA:10,(anonymous_18)
FNDA:0,(anonymous_19)
FNDA:0,(anonymous_20)
FNDA:0,(anonymous_21)
FNDA:0,(anonymous_22)
DA:16,14
DA:17,14
DA:19,14
DA:20,14
DA:21,14
DA:23,14
DA:24,14
DA:25,14
DA:27,14
DA:29,14
DA:31,4
DA:32,4
DA:33,4
DA:34,4
DA:35,4
DA:36,4
DA:38,0
DA:41,4
DA:44,14
DA:46,0
DA:47,0
DA:50,6
DA:51,6
DA:54,14
DA:55,1
DA:57,1
DA:58,1
DA:61,1
DA:67,1
DA:70,0
DA:71,0
DA:76,14
DA:77,0
DA:80,14
DA:81,1
DA:82,1
DA:83,1
DA:84,1
DA:85,1
DA:88,1
DA:89,0
DA:93,0
DA:94,0
DA:96,0
DA:100,14
DA:101,1
DA:103,1
DA:104,1
DA:107,1
DA:113,1
DA:114,1
DA:117,0
DA:118,0
DA:120,0
DA:124,14
DA:126,10
DA:134,0
DA:155,1
DA:161,1
DA:172,1
DA:173,1
DA:187,10
DA:200,10
DA:209,0
DA:218,0
DA:230,0
DA:238,0
LF:67
LH:49
BRDA:32,0,0,0
BRDA:32,0,1,4
BRDA:46,1,0,0
BRDA:46,1,1,0
BRDA:46,2,0,0
BRDA:46,2,1,0
BRDA:50,3,0,1
BRDA:50,3,1,5
BRDA:55,4,0,0
BRDA:55,4,1,1
BRDA:61,5,0,1
BRDA:61,5,1,0
BRDA:64,6,0,1
BRDA:64,6,1,0
BRDA:70,7,0,0
BRDA:70,7,1,0
BRDA:81,8,0,0
BRDA:81,8,1,1
BRDA:93,9,0,0
BRDA:93,9,1,0
BRDA:101,10,0,0
BRDA:101,10,1,1
BRDA:107,11,0,1
BRDA:107,11,1,0
BRDA:110,12,0,1
BRDA:110,12,1,0
BRDA:117,13,0,0
BRDA:117,13,1,0
BRDA:124,14,0,4
BRDA:124,14,1,10
BRDA:130,15,0,10
BRDA:130,15,1,3
BRDA:149,16,0,14
BRDA:149,16,1,3
BRDA:154,17,0,14
BRDA:154,17,1,7
BRDA:154,17,2,3
BRDA:159,18,0,14
BRDA:159,18,1,4
BRDA:165,19,0,4
BRDA:165,19,1,1
BRDA:187,20,0,10
BRDA:187,20,1,10
BRF:43
BRH:25
end_of_record
TN:
SF:src/pages/CommunityPage/styles.ts
FN:6,(anonymous_0)
FN:21,(anonymous_1)
FN:22,(anonymous_2)
FN:22,(anonymous_3)
FN:38,(anonymous_4)
FN:39,(anonymous_5)
FN:52,(anonymous_6)
FN:58,(anonymous_7)
FN:73,(anonymous_8)
FN:75,(anonymous_9)
FN:82,(anonymous_10)
FN:83,(anonymous_11)
FN:88,(anonymous_12)
FN:89,(anonymous_13)
FN:92,(anonymous_14)
FN:93,(anonymous_15)
FN:94,(anonymous_16)
FN:102,(anonymous_17)
FN:104,(anonymous_18)
FN:113,(anonymous_19)
FN:141,(anonymous_20)
FN:149,(anonymous_21)
FN:150,(anonymous_22)
FN:156,(anonymous_23)
FN:170,(anonymous_24)
FN:184,(anonymous_25)
FN:185,(anonymous_26)
FNF:27
FNH:27
FNDA:10,(anonymous_0)
FNDA:10,(anonymous_1)
FNDA:10,(anonymous_2)
FNDA:10,(anonymous_3)
FNDA:10,(anonymous_4)
FNDA:10,(anonymous_5)
FNDA:10,(anonymous_6)
FNDA:10,(anonymous_7)
FNDA:6,(anonymous_8)
FNDA:6,(anonymous_9)
FNDA:6,(anonymous_10)
FNDA:6,(anonymous_11)
FNDA:3,(anonymous_12)
FNDA:3,(anonymous_13)
FNDA:3,(anonymous_14)
FNDA:3,(anonymous_15)
FNDA:3,(anonymous_16)
FNDA:4,(anonymous_17)
FNDA:4,(anonymous_18)
FNDA:4,(anonymous_19)
FNDA:10,(anonymous_20)
FNDA:10,(anonymous_21)
FNDA:10,(anonymous_22)
FNDA:10,(anonymous_23)
FNDA:10,(anonymous_24)
FNDA:10,(anonymous_25)
FNDA:10,(anonymous_26)
DA:3,1
DA:6,10
DA:9,1
DA:18,1
DA:21,10
DA:22,10
DA:25,1
DA:34,1
DA:38,10
DA:39,10
DA:43,1
DA:52,10
DA:58,10
DA:63,1
DA:70,1
DA:73,6
DA:75,6
DA:82,6
DA:83,6
DA:87,1
DA:88,3
DA:89,3
DA:92,3
DA:93,3
DA:94,3
DA:98,1
DA:102,4
DA:104,4
DA:113,4
DA:119,1
DA:133,1
DA:140,1
DA:141,10
DA:148,1
DA:149,10
DA:150,10
DA:156,10
DA:170,10
DA:177,1
DA:183,1
DA:184,10
DA:185,10
DA:193,1
LF:43
LH:43
BRF:0
BRH:0
end_of_record
TN:
SF:src/pages/CreateCommunity/index.tsx
FN:14,CreateCommunity
FN:37,(anonymous_1)
FN:38,loadTechs
FN:49,(anonymous_3)
FN:63,(anonymous_4)
FN:84,(anonymous_5)
FN:122,(anonymous_6)
FNF:7
FNH:5
FNDA:7,CreateCommunity
FNDA:2,(anonymous_1)
FNDA:2,loadTechs
FNDA:2,(anonymous_3)
FNDA:0,(anonymous_4)
FNDA:0,(anonymous_5)
FNDA:10,(anonymous_6)
DA:15,7
DA:16,7
DA:18,7
DA:19,7
DA:21,7
DA:31,7
DA:32,7
DA:33,7
DA:34,7
DA:35,7
DA:37,7
DA:39,2
DA:40,2
DA:41,2
DA:43,0
DA:46,2
DA:49,7
DA:50,2
DA:51,2
DA:53,1
DA:54,1
DA:55,1
DA:58,1
DA:59,1
DA:60,1
DA:63,2
DA:64,0
DA:68,0
DA:69,0
DA:70,0
DA:76,7
DA:84,0
DA:123,10
LF:33
LH:27
BRDA:24,0,0,7
BRDA:24,0,1,4
BRDA:25,1,0,7
BRDA:25,1,1,4
BRDA:26,2,0,7
BRDA:26,2,1,4
BRDA:27,3,0,7
BRDA:27,3,1,4
BRDA:32,4,0,5
BRDA:32,4,1,2
BRDA:51,5,0,1
BRDA:51,5,1,1
BRDA:51,6,0,2
BRDA:51,6,1,1
BRDA:69,7,0,0
BRDA:69,7,1,0
BRDA:80,8,0,7
BRDA:80,8,1,2
BRDA:91,9,0,3
BRDA:91,9,1,4
BRDA:134,10,0,3
BRDA:134,10,1,4
BRF:22
BRH:20
end_of_record
TN:
SF:src/pages/CreateProject/index.tsx
FN:20,CreateProject
FN:36,(anonymous_1)
FN:61,(anonymous_2)
FN:62,loadTechs
FN:74,(anonymous_4)
FN:95,(anonymous_5)
FN:114,(anonymous_6)
FN:151,(anonymous_7)
FN:158,(anonymous_8)
FN:170,(anonymous_9)
FNF:10
FNH:8
FNDA:13,CreateProject
FNDA:13,(anonymous_1)
FNDA:4,(anonymous_2)
FNDA:4,loadTechs
FNDA:2,(anonymous_4)
FNDA:0,(anonymous_5)
FNDA:0,(anonymous_6)
FNDA:15,(anonymous_7)
FNDA:2,(anonymous_8)
FNDA:15,(anonymous_9)
DA:21,13
DA:22,13
DA:23,13
DA:25,13
DA:28,13
DA:30,13
DA:32,13
DA:36,13
DA:37,13
DA:38,6
DA:40,6
DA:41,6
DA:44,13
DA:55,13
DA:56,13
DA:57,13
DA:58,13
DA:61,13
DA:63,4
DA:64,4
DA:65,4
DA:67,0
DA:70,4
DA:74,13
DA:76,2
DA:81,2
DA:82,2
DA:84,1
DA:85,1
DA:86,1
DA:89,1
DA:90,1
DA:91,1
DA:95,2
DA:96,0
DA:100,0
DA:101,0
DA:102,0
DA:107,13
DA:114,0
DA:152,15
DA:158,2
DA:171,15
LF:43
LH:37
BRDA:32,0,0,13
BRDA:32,0,1,7
BRDA:32,0,2,7
BRDA:34,1,0,7
BRDA:34,1,1,0
BRDA:37,2,0,7
BRDA:37,2,1,6
BRDA:40,3,0,0
BRDA:40,3,1,6
BRDA:47,4,0,13
BRDA:47,4,1,7
BRDA:48,5,0,13
BRDA:48,5,1,10
BRDA:49,6,0,13
BRDA:49,6,1,10
BRDA:50,7,0,13
BRDA:50,7,1,7
BRDA:56,8,0,5
BRDA:56,8,1,8
BRDA:82,9,0,1
BRDA:82,9,1,1
BRDA:82,10,0,2
BRDA:82,10,1,1
BRDA:101,11,0,0
BRDA:101,11,1,0
BRDA:110,12,0,13
BRDA:110,12,1,2
BRDA:121,13,0,6
BRDA:121,13,1,7
BRDA:200,14,0,6
BRDA:200,14,1,7
BRF:31
BRH:27
end_of_record
TN:
SF:src/pages/EditProfile/index.tsx
FN:13,EditProfile
FN:19,(anonymous_1)
FN:28,(anonymous_2)
FN:38,(anonymous_3)
FN:48,(anonymous_4)
FN:67,(anonymous_5)
FNF:6
FNH:4
FNDA:8,EditProfile
FNDA:3,(anonymous_1)
FNDA:3,(anonymous_2)
FNDA:2,(anonymous_3)
FNDA:0,(anonymous_4)
FNDA:0,(anonymous_5)
DA:14,8
DA:15,8
DA:16,8
DA:19,8
DA:20,3
DA:21,3
DA:22,3
DA:25,8
DA:28,8
DA:29,3
DA:30,3
DA:31,3
DA:32,3
DA:33,3
DA:34,3
DA:38,8
DA:39,2
DA:40,2
DA:41,2
DA:43,1
DA:45,1
DA:48,1
DA:49,0
DA:53,1
DA:54,1
DA:55,1
DA:60,8
DA:67,0
LF:28
LH:26
BRDA:20,0,0,0
BRDA:20,0,1,3
BRDA:29,1,0,3
BRDA:29,1,1,0
BRDA:30,2,0,3
BRDA:30,2,1,0
BRDA:31,3,0,3
BRDA:31,3,1,0
BRDA:32,4,0,3
BRDA:32,4,1,0
BRDA:33,5,0,3
BRDA:33,5,1,0
BRDA:54,6,0,1
BRDA:54,6,1,0
BRDA:63,7,0,8
BRDA:63,7,1,2
BRF:16
BRH:9
end_of_record
TN:
SF:src/pages/Feed/index.tsx
FN:15,Feed
FN:21,(anonymous_1)
FN:22,loadFeed
FN:36,(anonymous_3)
FN:41,(anonymous_4)
FN:52,(anonymous_5)
FN:56,(anonymous_6)
FN:63,(anonymous_7)
FN:81,(anonymous_8)
FNF:9
FNH:7
FNDA:16,Feed
FNDA:6,(anonymous_1)
FNDA:6,loadFeed
FNDA:1,(anonymous_3)
FNDA:1,(anonymous_4)
FNDA:0,(anonymous_5)
FNDA:2,(anonymous_6)
FNDA:2,(anonymous_7)
FNDA:0,(anonymous_8)
DA:16,16
DA:17,16
DA:18,16
DA:19,16
DA:21,16
DA:23,6
DA:24,6
DA:25,5
DA:27,1
DA:28,1
DA:29,1
DA:33,6
DA:36,16
DA:37,1
DA:38,1
DA:41,16
DA:42,1
DA:43,1
DA:45,16
DA:52,0
DA:56,2
DA:64,2
DA:81,0
LF:23
LH:21
BRDA:25,0,0,5
BRDA:25,0,1,0
BRDA:28,1,0,1
BRDA:28,1,1,0
BRDA:48,2,0,16
BRDA:48,2,1,1
BRDA:62,3,0,1
BRDA:62,3,1,15
BRDA:65,4,0,2
BRDA:65,4,1,0
BRDA:65,4,2,0
BRF:11
BRH:7
end_of_record
TN:
SF:src/pages/Feed/styles.ts
FN:5,(anonymous_0)
FN:24,(anonymous_1)
FNF:2
FNH:2
FNDA:44,(anonymous_0)
FNDA:16,(anonymous_1)
DA:4,4
DA:5,44
DA:10,4
DA:19,4
DA:24,16
DA:31,4
LF:6
LH:6
BRF:0
BRH:0
end_of_record
TN:
SF:src/pages/Home/index.tsx
FN:4,Home
FNF:1
FNH:1
FNDA:1,Home
DA:5,1
LF:1
LH:1
BRF:0
BRH:0
end_of_record
TN:
SF:src/pages/Login/index.tsx
FN:18,LoginPage
FN:25,onSubmit
FN:35,(anonymous_2)
FN:55,(anonymous_3)
FNF:4
FNH:2
FNDA:10,LoginPage
FNDA:2,onSubmit
FNDA:0,(anonymous_2)
FNDA:0,(anonymous_3)
DA:19,10
DA:20,10
DA:22,10
DA:23,10
DA:26,2
DA:27,2
DA:28,2
DA:30,1
DA:33,1
DA:35,1
DA:36,0
DA:40,1
DA:43,1
DA:44,1
DA:49,10
DA:55,0
LF:16
LH:14
BRDA:43,0,0,1
BRDA:43,0,1,0
BRDA:51,1,0,10
BRDA:51,1,1,2
BRF:4
BRH:3
end_of_record
TN:
SF:src/pages/Profile/index.tsx
FN:18,(anonymous_0)
FN:24,(anonymous_1)
FN:29,(anonymous_2)
FN:38,Profile
FN:54,(anonymous_4)
FN:57,(anonymous_5)
FN:78,(anonymous_6)
FN:79,handleClickOutside
FN:87,(anonymous_8)
FN:92,(anonymous_9)
FN:97,(anonymous_10)
FN:101,(anonymous_11)
FN:102,(anonymous_12)
FN:106,(anonymous_13)
FN:111,(anonymous_14)
FN:122,(anonymous_15)
FN:131,(anonymous_16)
FN:144,(anonymous_17)
FN:150,(anonymous_18)
FN:159,(anonymous_19)
FN:174,(anonymous_20)
FN:191,(anonymous_21)
FN:203,(anonymous_22)
FN:210,(anonymous_23)
FN:216,(anonymous_24)
FN:216,(anonymous_25)
FN:227,(anonymous_26)
FN:256,(anonymous_27)
FN:266,(anonymous_28)
FNF:29
FNH:24
FNDA:40,(anonymous_0)
FNDA:40,(anonymous_1)
FNDA:40,(anonymous_2)
FNDA:41,Profile
FNDA:40,(anonymous_4)
FNDA:40,(anonymous_5)
FNDA:25,(anonymous_6)
FNDA:1,handleClickOutside
FNDA:25,(anonymous_8)
FNDA:1,(anonymous_9)
FNDA:1,(anonymous_10)
FNDA:1,(anonymous_11)
FNDA:1,(anonymous_12)
FNDA:1,(anonymous_13)
FNDA:3,(anonymous_14)
FNDA:0,(anonymous_15)
FNDA:0,(anonymous_16)
FNDA:41,(anonymous_17)
FNDA:1,(anonymous_18)
FNDA:3,(anonymous_19)
FNDA:1,(anonymous_20)
FNDA:0,(anonymous_21)
FNDA:0,(anonymous_22)
FNDA:2,(anonymous_23)
FNDA:7,(anonymous_24)
FNDA:7,(anonymous_25)
FNDA:4,(anonymous_26)
FNDA:0,(anonymous_27)
FNDA:1,(anonymous_28)
DA:18,1
DA:19,40
DA:24,1
DA:25,40
DA:29,1
DA:30,40
DA:39,41
DA:40,41
DA:41,41
DA:42,41
DA:44,41
DA:47,41
DA:48,41
DA:50,41
DA:51,41
DA:52,41
DA:54,41
DA:56,40
DA:57,40
DA:58,40
DA:60,40
DA:61,40
DA:63,39
DA:65,39
DA:66,39
DA:69,1
DA:73,40
DA:74,40
DA:78,41
DA:80,1
DA:81,1
DA:84,25
DA:85,7
DA:87,25
DA:88,25
DA:92,41
DA:93,1
DA:94,1
DA:97,41
DA:98,1
DA:101,1
DA:102,1
DA:106,41
DA:107,1
DA:108,1
DA:111,41
DA:113,3
DA:114,3
DA:116,3
DA:117,3
DA:118,1
DA:120,1
DA:122,1
DA:123,0
DA:124,0
DA:128,2
DA:129,2
DA:130,1
DA:131,1
DA:132,1
DA:134,1
DA:136,1
DA:138,3
DA:139,3
DA:144,41
DA:145,41
DA:146,35
DA:147,34
DA:150,1
DA:151,1
DA:157,6
DA:159,6
DA:160,3
DA:174,1
DA:180,0
DA:183,41
DA:191,0
DA:203,0
DA:210,2
DA:216,7
DA:228,4
DA:229,4
DA:256,0
DA:266,1
LF:84
LH:78
BRDA:73,0,0,40
BRDA:73,0,1,0
BRDA:80,1,0,1
BRDA:80,1,1,0
BRDA:80,2,0,1
BRDA:80,2,1,1
BRDA:84,3,0,7
BRDA:84,3,1,18
BRDA:113,4,0,0
BRDA:113,4,1,3
BRDA:128,5,0,2
BRDA:128,5,1,0
BRDA:129,6,0,1
BRDA:129,6,1,1
BRDA:129,7,0,2
BRDA:129,7,1,1
BRDA:145,8,0,35
BRDA:145,8,1,6
BRDA:146,9,0,34
BRDA:146,9,1,1
BRDA:157,10,0,6
BRDA:157,10,1,0
BRDA:164,11,0,3
BRDA:164,11,1,0
BRDA:170,12,0,3
BRDA:170,12,1,0
BRDA:160,13,0,3
BRDA:160,13,1,0
BRDA:187,14,0,41
BRDA:187,14,1,3
BRDA:222,15,0,41
BRDA:222,15,1,7
BRDA:245,16,0,41
BRDA:245,16,1,0
BRDA:256,17,0,0
BRDA:256,17,1,0
BRDA:275,18,0,3
BRDA:275,18,1,38
BRF:38
BRH:27
end_of_record
TN:
SF:src/pages/Profile/styles.ts
FN:5,(anonymous_0)
FN:21,(anonymous_1)
FN:36,(anonymous_2)
FN:65,(anonymous_3)
FN:66,(anonymous_4)
FN:75,(anonymous_5)
FN:99,(anonymous_6)
FN:100,(anonymous_7)
FN:110,(anonymous_8)
FNF:9
FNH:9
FNDA:40,(anonymous_0)
FNDA:3,(anonymous_1)
FNDA:40,(anonymous_2)
FNDA:40,(anonymous_3)
FNDA:40,(anonymous_4)
FNDA:40,(anonymous_5)
FNDA:120,(anonymous_6)
FNDA:120,(anonymous_7)
FNDA:120,(anonymous_8)
DA:4,1
DA:5,40
DA:10,1
DA:16,1
DA:21,3
DA:28,1
DA:35,1
DA:36,40
DA:49,1
DA:61,1
DA:65,40
DA:66,40
DA:72,1
DA:75,40
DA:80,1
DA:89,1
DA:99,120
DA:100,120
DA:110,120
DA:122,1
LF:20
LH:20
BRDA:110,0,0,120
BRDA:110,0,1,40
BRF:2
BRH:2
end_of_record
TN:
SF:src/pages/ProjectPage/index.tsx
FN:9,ProjectPage
FN:14,(anonymous_1)
FN:15,loadData
FN:83,(anonymous_3)
FNF:4
FNH:4
FNDA:4,ProjectPage
FNDA:2,(anonymous_1)
FNDA:2,loadData
FNDA:2,(anonymous_3)
DA:10,4
DA:11,4
DA:12,4
DA:14,4
DA:16,2
DA:17,2
DA:18,2
DA:19,2
DA:20,2
DA:22,0
DA:24,2
DA:27,2
DA:30,4
DA:31,2
DA:34,1
DA:36,1
DA:84,2
LF:17
LH:16
BRDA:16,0,0,0
BRDA:16,0,1,2
BRDA:30,1,0,2
BRDA:30,1,1,2
BRDA:31,2,0,1
BRDA:31,2,1,1
BRDA:53,3,0,1
BRDA:53,3,1,0
BRF:8
BRH:6
end_of_record
TN:
SF:src/pages/Register/index.tsx
FN:11,Register
FN:19,onSubmit
FN:28,(anonymous_2)
FN:49,(anonymous_3)
FN:91,(anonymous_4)
FNF:5
FNH:3
FNDA:8,Register
FNDA:2,onSubmit
FNDA:0,(anonymous_2)
FNDA:0,(anonymous_3)
FNDA:10,(anonymous_4)
DA:13,8
DA:16,8
DA:17,8
DA:20,2
DA:21,2
DA:22,2
DA:24,1
DA:27,1
DA:28,1
DA:29,0
DA:33,1
DA:36,1
DA:37,1
DA:42,8
DA:49,0
DA:92,10
LF:16
LH:14
BRDA:36,0,0,1
BRDA:36,0,1,0
BRDA:45,1,0,8
BRDA:45,1,1,2
BRF:4
BRH:3
end_of_record
