{"/home/nicolas/Área de Trabalho/CTable/backend/src/app.ts": {"path":"/home/nicolas/Área de Trabalho/CTable/backend/src/app.ts","statementMap":{"0":{"start":{"line":1,"column":0},"end":{"line":1,"column":30}},"1":{"start":{"line":2,"column":0},"end":{"line":2,"column":24}},"2":{"start":{"line":3,"column":0},"end":{"line":3,"column":30}},"3":{"start":{"line":9,"column":8},"end":{"line":9,"column":32}},"4":{"start":{"line":10,"column":8},"end":{"line":10,"column":27}},"5":{"start":{"line":11,"column":8},"end":{"line":11,"column":22}},"6":{"start":{"line":15,"column":8},"end":{"line":15,"column":40}},"7":{"start":{"line":16,"column":8},"end":{"line":16,"column":32}},"8":{"start":{"line":20,"column":8},"end":{"line":20,"column":32}},"9":{"start":{"line":24,"column":0},"end":{"line":24,"column":32}}},"fnMap":{"0":{"name":"(anonymous_1)","decl":{"start":{"line":8,"column":4},"end":{"line":8,"column":null}},"loc":{"start":{"line":8,"column":4},"end":{"line":12,"column":5}}},"1":{"name":"(anonymous_2)","decl":{"start":{"line":14,"column":12},"end":{"line":14,"column":23}},"loc":{"start":{"line":14,"column":23},"end":{"line":17,"column":5}}},"2":{"name":"(anonymous_3)","decl":{"start":{"line":19,"column":12},"end":{"line":19,"column":18}},"loc":{"start":{"line":19,"column":18},"end":{"line":21,"column":5}}}},"branchMap":{},"s":{"0":1,"1":1,"2":1,"3":1,"4":1,"5":1,"6":1,"7":1,"8":1,"9":1},"f":{"0":1,"1":1,"2":1},"b":{}}
,"/home/nicolas/Área de Trabalho/CTable/backend/src/routes.ts": {"path":"/home/nicolas/Área de Trabalho/CTable/backend/src/routes.ts","statementMap":{"0":{"start":{"line":1,"column":0},"end":{"line":1,"column":30}},"1":{"start":{"line":2,"column":0},"end":{"line":2,"column":80}},"2":{"start":{"line":3,"column":0},"end":{"line":3,"column":24}},"3":{"start":{"line":5,"column":15},"end":{"line":5,"column":31}},"4":{"start":{"line":8,"column":0},"end":{"line":33,"column":3}},"5":{"start":{"line":9,"column":2},"end":{"line":32,"column":3}},"6":{"start":{"line":11,"column":4},"end":{"line":11,"column":53}},"7":{"start":{"line":12,"column":4},"end":{"line":12,"column":85}},"8":{"start":{"line":15,"column":4},"end":{"line":21,"column":5}},"9":{"start":{"line":16,"column":6},"end":{"line":16,"column":70}},"10":{"start":{"line":17,"column":6},"end":{"line":20,"column":9}},"11":{"start":{"line":23,"column":4},"end":{"line":28,"column":5}},"12":{"start":{"line":24,"column":6},"end":{"line":27,"column":7}},"13":{"start":{"line":25,"column":10},"end":{"line":25,"column":61}},"14":{"start":{"line":26,"column":10},"end":{"line":26,"column":71}},"15":{"start":{"line":30,"column":4},"end":{"line":30,"column":54}},"16":{"start":{"line":31,"column":4},"end":{"line":31,"column":79}},"17":{"start":{"line":36,"column":0},"end":{"line":56,"column":3}},"18":{"start":{"line":37,"column":2},"end":{"line":55,"column":3}},"19":{"start":{"line":39,"column":28},"end":{"line":39,"column":75}},"20":{"start":{"line":41,"column":4},"end":{"line":44,"column":7}},"21":{"start":{"line":48,"column":4},"end":{"line":53,"column":5}},"22":{"start":{"line":49,"column":6},"end":{"line":52,"column":7}},"23":{"start":{"line":50,"column":8},"end":{"line":50,"column":49}},"24":{"start":{"line":51,"column":8},"end":{"line":51,"column":69}},"25":{"start":{"line":59,"column":0},"end":{"line":67,"column":3}},"26":{"start":{"line":60,"column":2},"end":{"line":66,"column":3}},"27":{"start":{"line":62,"column":4},"end":{"line":62,"column":50}},"28":{"start":{"line":70,"column":0},"end":{"line":70,"column":22}}},"fnMap":{"0":{"name":"(anonymous_1)","decl":{"start":{"line":8,"column":29},"end":{"line":8,"column":34}},"loc":{"start":{"line":8,"column":57},"end":{"line":33,"column":1}}},"1":{"name":"(anonymous_2)","decl":{"start":{"line":36,"column":26},"end":{"line":36,"column":31}},"loc":{"start":{"line":36,"column":53},"end":{"line":56,"column":1}}},"2":{"name":"(anonymous_3)","decl":{"start":{"line":59,"column":31},"end":{"line":59,"column":36}},"loc":{"start":{"line":59,"column":58},"end":{"line":67,"column":1}}}},"branchMap":{"0":{"loc":{"start":{"line":15,"column":4},"end":{"line":21,"column":5}},"type":"if","locations":[{"start":{"line":15,"column":4},"end":{"line":21,"column":5}},{"start":{},"end":{}}]},"1":{"loc":{"start":{"line":23,"column":4},"end":{"line":28,"column":5}},"type":"if","locations":[{"start":{"line":23,"column":4},"end":{"line":28,"column":5}},{"start":{},"end":{}}]},"2":{"loc":{"start":{"line":24,"column":6},"end":{"line":27,"column":7}},"type":"if","locations":[{"start":{"line":24,"column":6},"end":{"line":27,"column":7}},{"start":{},"end":{}}]},"3":{"loc":{"start":{"line":48,"column":4},"end":{"line":53,"column":5}},"type":"if","locations":[{"start":{"line":48,"column":4},"end":{"line":53,"column":5}},{"start":{},"end":{}}]},"4":{"loc":{"start":{"line":49,"column":6},"end":{"line":52,"column":7}},"type":"if","locations":[{"start":{"line":49,"column":6},"end":{"line":52,"column":7}},{"start":{},"end":{}}]}},"s":{"0":1,"1":1,"2":1,"3":1,"4":1,"5":5,"6":5,"7":4,"8":1,"9":0,"10":0,"11":1,"12":1,"13":1,"14":1,"15":0,"16":0,"17":1,"18":2,"19":2,"20":1,"21":1,"22":1,"23":1,"24":1,"25":1,"26":0,"27":0,"28":1},"f":{"0":5,"1":2,"2":0},"b":{"0":[0,1],"1":[1,0],"2":[1,0],"3":[1,0],"4":[1,0]}}
,"/home/nicolas/Área de Trabalho/CTable/backend/src/business/businessLogicAuth.ts": {"path":"/home/nicolas/Área de Trabalho/CTable/backend/src/business/businessLogicAuth.ts","statementMap":{"0":{"start":{"line":3,"column":0},"end":{"line":3,"column":55}},"1":{"start":{"line":4,"column":0},"end":{"line":4,"column":33}},"2":{"start":{"line":5,"column":0},"end":{"line":5,"column":30}},"3":{"start":{"line":12,"column":8},"end":{"line":12,"column":27}},"4":{"start":{"line":14,"column":29},"end":{"line":17,"column":24}},"5":{"start":{"line":19,"column":8},"end":{"line":26,"column":9}},"6":{"start":{"line":20,"column":12},"end":{"line":22,"column":13}},"7":{"start":{"line":21,"column":16},"end":{"line":21,"column":65}},"8":{"start":{"line":23,"column":12},"end":{"line":25,"column":13}},"9":{"start":{"line":24,"column":16},"end":{"line":24,"column":63}},"10":{"start":{"line":28,"column":21},"end":{"line":28,"column":45}},"11":{"start":{"line":30,"column":26},"end":{"line":30,"column":61}},"12":{"start":{"line":32,"column":76},"end":{"line":32,"column":80}},"13":{"start":{"line":35,"column":8},"end":{"line":42,"column":11}},"14":{"start":{"line":46,"column":8},"end":{"line":71,"column":9}},"15":{"start":{"line":47,"column":25},"end":{"line":49,"column":28}},"16":{"start":{"line":51,"column":12},"end":{"line":53,"column":13}},"17":{"start":{"line":52,"column":16},"end":{"line":52,"column":64}},"18":{"start":{"line":55,"column":36},"end":{"line":57,"column":null}},"19":{"start":{"line":60,"column":12},"end":{"line":62,"column":13}},"20":{"start":{"line":61,"column":16},"end":{"line":61,"column":64}},"21":{"start":{"line":64,"column":47},"end":{"line":64,"column":51}},"22":{"start":{"line":66,"column":12},"end":{"line":66,"column":28}},"23":{"start":{"line":69,"column":12},"end":{"line":69,"column":64}},"24":{"start":{"line":70,"column":12},"end":{"line":70,"column":24}},"25":{"start":{"line":77,"column":0},"end":{"line":77,"column":39}}},"fnMap":{"0":{"name":"(anonymous_1)","decl":{"start":{"line":11,"column":4},"end":{"line":11,"column":9}},"loc":{"start":{"line":11,"column":32},"end":{"line":43,"column":5}}},"1":{"name":"(anonymous_2)","decl":{"start":{"line":45,"column":4},"end":{"line":45,"column":9}},"loc":{"start":{"line":45,"column":35},"end":{"line":72,"column":5}}}},"branchMap":{"0":{"loc":{"start":{"line":19,"column":8},"end":{"line":26,"column":9}},"type":"if","locations":[{"start":{"line":19,"column":8},"end":{"line":26,"column":9}},{"start":{},"end":{}}]},"1":{"loc":{"start":{"line":20,"column":12},"end":{"line":22,"column":13}},"type":"if","locations":[{"start":{"line":20,"column":12},"end":{"line":22,"column":13}},{"start":{},"end":{}}]},"2":{"loc":{"start":{"line":23,"column":12},"end":{"line":25,"column":13}},"type":"if","locations":[{"start":{"line":23,"column":12},"end":{"line":25,"column":13}},{"start":{},"end":{}}]},"3":{"loc":{"start":{"line":51,"column":12},"end":{"line":53,"column":13}},"type":"if","locations":[{"start":{"line":51,"column":12},"end":{"line":53,"column":13}},{"start":{},"end":{}}]},"4":{"loc":{"start":{"line":60,"column":12},"end":{"line":62,"column":13}},"type":"if","locations":[{"start":{"line":60,"column":12},"end":{"line":62,"column":13}},{"start":{},"end":{}}]}},"s":{"0":1,"1":1,"2":1,"3":5,"4":5,"5":5,"6":1,"7":1,"8":0,"9":0,"10":4,"11":4,"12":4,"13":4,"14":2,"15":2,"16":2,"17":0,"18":2,"19":2,"20":1,"21":1,"22":1,"23":1,"24":1,"25":1},"f":{"0":5,"1":2},"b":{"0":[1,4],"1":[1,0],"2":[0,0],"3":[0,2],"4":[1,1]}}
,"/home/nicolas/Área de Trabalho/CTable/backend/src/business/businessLogicProject.ts": {"path":"/home/nicolas/Área de Trabalho/CTable/backend/src/business/businessLogicProject.ts","statementMap":{"0":{"start":{"line":10,"column":8},"end":{"line":10,"column":64}},"1":{"start":{"line":24,"column":0},"end":{"line":24,"column":42}}},"fnMap":{"0":{"name":"(anonymous_0)","decl":{"start":{"line":9,"column":4},"end":{"line":9,"column":9}},"loc":{"start":{"line":9,"column":38},"end":{"line":11,"column":5}}},"1":{"name":"(anonymous_1)","decl":{"start":{"line":13,"column":4},"end":{"line":13,"column":17}},"loc":{"start":{"line":13,"column":17},"end":{"line":15,"column":5}}},"2":{"name":"(anonymous_2)","decl":{"start":{"line":17,"column":4},"end":{"line":17,"column":17}},"loc":{"start":{"line":17,"column":17},"end":{"line":19,"column":5}}}},"branchMap":{},"s":{"0":0,"1":1},"f":{"0":0,"1":0,"2":0},"b":{}}
,"/home/nicolas/Área de Trabalho/CTable/backend/src/controller/requestController.ts": {"path":"/home/nicolas/Área de Trabalho/CTable/backend/src/controller/requestController.ts","statementMap":{"0":{"start":{"line":1,"column":0},"end":{"line":1,"column":62}},"1":{"start":{"line":2,"column":0},"end":{"line":2,"column":68}},"2":{"start":{"line":4,"column":0},"end":{"line":4,"column":31}},"3":{"start":{"line":6,"column":21},"end":{"line":6,"column":60}},"4":{"start":{"line":24,"column":8},"end":{"line":34,"column":9}},"5":{"start":{"line":26,"column":12},"end":{"line":26,"column":64}},"6":{"start":{"line":28,"column":12},"end":{"line":28,"column":50}},"7":{"start":{"line":32,"column":12},"end":{"line":32,"column":53}},"8":{"start":{"line":33,"column":12},"end":{"line":33,"column":24}},"9":{"start":{"line":38,"column":8},"end":{"line":56,"column":9}},"10":{"start":{"line":39,"column":12},"end":{"line":39,"column":50}},"11":{"start":{"line":41,"column":29},"end":{"line":41,"column":68}},"12":{"start":{"line":43,"column":28},"end":{"line":43,"column":76}},"13":{"start":{"line":45,"column":26},"end":{"line":48,"column":null}},"14":{"start":{"line":51,"column":12},"end":{"line":51,"column":52}},"15":{"start":{"line":54,"column":12},"end":{"line":54,"column":null}},"16":{"start":{"line":55,"column":12},"end":{"line":55,"column":24}},"17":{"start":{"line":60,"column":8},"end":{"line":67,"column":9}},"18":{"start":{"line":62,"column":12},"end":{"line":62,"column":50}},"19":{"start":{"line":64,"column":12},"end":{"line":64,"column":50}},"20":{"start":{"line":66,"column":12},"end":{"line":66,"column":54}},"21":{"start":{"line":71,"column":0},"end":{"line":71,"column":39}}},"fnMap":{"0":{"name":"(anonymous_1)","decl":{"start":{"line":23,"column":4},"end":{"line":23,"column":9}},"loc":{"start":{"line":23,"column":35},"end":{"line":35,"column":5}}},"1":{"name":"(anonymous_2)","decl":{"start":{"line":37,"column":4},"end":{"line":37,"column":9}},"loc":{"start":{"line":37,"column":35},"end":{"line":57,"column":5}}},"2":{"name":"(anonymous_3)","decl":{"start":{"line":59,"column":4},"end":{"line":59,"column":9}},"loc":{"start":{"line":59,"column":41},"end":{"line":68,"column":5}}}},"branchMap":{},"s":{"0":1,"1":1,"2":1,"3":1,"4":5,"5":5,"6":5,"7":1,"8":1,"9":2,"10":2,"11":2,"12":1,"13":1,"14":1,"15":1,"16":1,"17":0,"18":0,"19":0,"20":0,"21":1},"f":{"0":5,"1":2,"2":0},"b":{}}
,"/home/nicolas/Área de Trabalho/CTable/backend/src/models/Comment.ts": {"path":"/home/nicolas/Área de Trabalho/CTable/backend/src/models/Comment.ts","statementMap":{"0":{"start":{"line":17,"column":8},"end":{"line":17,"column":null}},"1":{"start":{"line":18,"column":8},"end":{"line":18,"column":null}},"2":{"start":{"line":19,"column":8},"end":{"line":19,"column":null}},"3":{"start":{"line":20,"column":8},"end":{"line":20,"column":null}}},"fnMap":{"0":{"name":"(anonymous_0)","decl":{"start":{"line":16,"column":4},"end":{"line":16,"column":16}},"loc":{"start":{"line":16,"column":33},"end":{"line":21,"column":5}}}},"branchMap":{},"s":{"0":0,"1":0,"2":0,"3":0},"f":{"0":0},"b":{}}
,"/home/nicolas/Área de Trabalho/CTable/backend/src/models/Community.ts": {"path":"/home/nicolas/Área de Trabalho/CTable/backend/src/models/Community.ts","statementMap":{"0":{"start":{"line":21,"column":8},"end":{"line":21,"column":null}},"1":{"start":{"line":22,"column":8},"end":{"line":22,"column":null}},"2":{"start":{"line":23,"column":8},"end":{"line":23,"column":null}},"3":{"start":{"line":24,"column":8},"end":{"line":24,"column":null}},"4":{"start":{"line":25,"column":8},"end":{"line":25,"column":null}},"5":{"start":{"line":26,"column":8},"end":{"line":26,"column":null}}},"fnMap":{"0":{"name":"(anonymous_0)","decl":{"start":{"line":20,"column":4},"end":{"line":20,"column":16}},"loc":{"start":{"line":20,"column":35},"end":{"line":27,"column":5}}}},"branchMap":{},"s":{"0":0,"1":0,"2":0,"3":0,"4":0,"5":0},"f":{"0":0},"b":{}}
,"/home/nicolas/Área de Trabalho/CTable/backend/src/models/Project.ts": {"path":"/home/nicolas/Área de Trabalho/CTable/backend/src/models/Project.ts","statementMap":{"0":{"start":{"line":23,"column":8},"end":{"line":23,"column":null}},"1":{"start":{"line":24,"column":8},"end":{"line":24,"column":null}},"2":{"start":{"line":26,"column":8},"end":{"line":26,"column":null}},"3":{"start":{"line":27,"column":8},"end":{"line":27,"column":null}},"4":{"start":{"line":13,"column":0},"end":{"line":13,"column":13}}},"fnMap":{"0":{"name":"(anonymous_0)","decl":{"start":{"line":22,"column":4},"end":{"line":22,"column":16}},"loc":{"start":{"line":22,"column":33},"end":{"line":30,"column":5}}}},"branchMap":{},"s":{"0":0,"1":0,"2":0,"3":0,"4":0},"f":{"0":0},"b":{}}
,"/home/nicolas/Área de Trabalho/CTable/backend/src/models/User.ts": {"path":"/home/nicolas/Área de Trabalho/CTable/backend/src/models/User.ts","statementMap":{"0":{"start":{"line":19,"column":8},"end":{"line":19,"column":null}},"1":{"start":{"line":20,"column":8},"end":{"line":20,"column":null}},"2":{"start":{"line":21,"column":8},"end":{"line":21,"column":null}},"3":{"start":{"line":62,"column":8},"end":{"line":62,"column":null}}},"fnMap":{"0":{"name":"(anonymous_0)","decl":{"start":{"line":18,"column":4},"end":{"line":18,"column":16}},"loc":{"start":{"line":18,"column":30},"end":{"line":23,"column":5}}},"1":{"name":"(anonymous_1)","decl":{"start":{"line":25,"column":4},"end":{"line":25,"column":17}},"loc":{"start":{"line":25,"column":17},"end":{"line":27,"column":5}}},"2":{"name":"(anonymous_2)","decl":{"start":{"line":29,"column":4},"end":{"line":29,"column":17}},"loc":{"start":{"line":29,"column":17},"end":{"line":31,"column":5}}},"3":{"name":"(anonymous_3)","decl":{"start":{"line":33,"column":4},"end":{"line":33,"column":17}},"loc":{"start":{"line":33,"column":17},"end":{"line":35,"column":5}}},"4":{"name":"(anonymous_4)","decl":{"start":{"line":37,"column":4},"end":{"line":37,"column":17}},"loc":{"start":{"line":37,"column":17},"end":{"line":39,"column":5}}},"5":{"name":"(anonymous_5)","decl":{"start":{"line":41,"column":4},"end":{"line":41,"column":18}},"loc":{"start":{"line":41,"column":18},"end":{"line":43,"column":5}}},"6":{"name":"(anonymous_6)","decl":{"start":{"line":45,"column":4},"end":{"line":45,"column":15}},"loc":{"start":{"line":45,"column":15},"end":{"line":47,"column":5}}},"7":{"name":"(anonymous_7)","decl":{"start":{"line":49,"column":4},"end":{"line":49,"column":17}},"loc":{"start":{"line":49,"column":17},"end":{"line":51,"column":5}}},"8":{"name":"(anonymous_8)","decl":{"start":{"line":53,"column":4},"end":{"line":53,"column":17}},"loc":{"start":{"line":53,"column":17},"end":{"line":55,"column":5}}},"9":{"name":"(anonymous_9)","decl":{"start":{"line":57,"column":4},"end":{"line":57,"column":13}},"loc":{"start":{"line":57,"column":13},"end":{"line":59,"column":5}}},"10":{"name":"(anonymous_10)","decl":{"start":{"line":61,"column":4},"end":{"line":61,"column":15}},"loc":{"start":{"line":61,"column":15},"end":{"line":63,"column":5}}}},"branchMap":{},"s":{"0":0,"1":0,"2":0,"3":0},"f":{"0":0,"1":0,"2":0,"3":0,"4":0,"5":0,"6":0,"7":0,"8":0,"9":0,"10":0},"b":{}}
,"/home/nicolas/Área de Trabalho/CTable/backend/src/utils/validationUser.ts": {"path":"/home/nicolas/Área de Trabalho/CTable/backend/src/utils/validationUser.ts","statementMap":{"0":{"start":{"line":13,"column":0},"end":{"line":13,"column":16}},"1":{"start":{"line":1,"column":0},"end":{"line":1,"column":24}},"2":{"start":{"line":4,"column":19},"end":{"line":10,"column":2}},"3":{"start":{"line":14,"column":23},"end":{"line":14,"column":45}}},"fnMap":{"0":{"name":"userValidate","decl":{"start":{"line":13,"column":16},"end":{"line":13,"column":28}},"loc":{"start":{"line":13,"column":43},"end":{"line":15,"column":1}}}},"branchMap":{},"s":{"0":1,"1":1,"2":1,"3":5},"f":{"0":5},"b":{}}
}
