{"/home/cecilia/Documents/CTable/backend/src/app.ts": {"path":"/home/cecilia/Documents/CTable/backend/src/app.ts","statementMap":{"0":{"start":{"line":1,"column":0},"end":{"line":1,"column":30}},"1":{"start":{"line":2,"column":0},"end":{"line":2,"column":24}},"2":{"start":{"line":3,"column":0},"end":{"line":3,"column":30}},"3":{"start":{"line":4,"column":0},"end":{"line":4,"column":57}},"4":{"start":{"line":10,"column":8},"end":{"line":10,"column":32}},"5":{"start":{"line":11,"column":8},"end":{"line":11,"column":27}},"6":{"start":{"line":12,"column":8},"end":{"line":12,"column":22}},"7":{"start":{"line":13,"column":8},"end":{"line":13,"column":28}},"8":{"start":{"line":17,"column":8},"end":{"line":17,"column":40}},"9":{"start":{"line":18,"column":8},"end":{"line":18,"column":32}},"10":{"start":{"line":22,"column":8},"end":{"line":22,"column":32}},"11":{"start":{"line":26,"column":8},"end":{"line":26,"column":38}},"12":{"start":{"line":30,"column":0},"end":{"line":30,"column":32}}},"fnMap":{"0":{"name":"(anonymous_1)","decl":{"start":{"line":9,"column":4},"end":{"line":9,"column":null}},"loc":{"start":{"line":9,"column":4},"end":{"line":14,"column":5}}},"1":{"name":"(anonymous_2)","decl":{"start":{"line":16,"column":12},"end":{"line":16,"column":23}},"loc":{"start":{"line":16,"column":23},"end":{"line":19,"column":5}}},"2":{"name":"(anonymous_3)","decl":{"start":{"line":21,"column":12},"end":{"line":21,"column":18}},"loc":{"start":{"line":21,"column":18},"end":{"line":23,"column":5}}},"3":{"name":"(anonymous_4)","decl":{"start":{"line":25,"column":12},"end":{"line":25,"column":24}},"loc":{"start":{"line":25,"column":24},"end":{"line":27,"column":5}}}},"branchMap":{},"s":{"0":5,"1":5,"2":5,"3":5,"4":5,"5":5,"6":5,"7":5,"8":5,"9":5,"10":5,"11":5,"12":5},"f":{"0":5,"1":5,"2":5,"3":5},"b":{}}
,"/home/cecilia/Documents/CTable/backend/src/routes.ts": {"path":"/home/cecilia/Documents/CTable/backend/src/routes.ts","statementMap":{"0":{"start":{"line":1,"column":0},"end":{"line":1,"column":30}},"1":{"start":{"line":2,"column":0},"end":{"line":2,"column":63}},"2":{"start":{"line":3,"column":0},"end":{"line":3,"column":47}},"3":{"start":{"line":7,"column":15},"end":{"line":7,"column":31}},"4":{"start":{"line":10,"column":0},"end":{"line":18,"column":3}},"5":{"start":{"line":11,"column":4},"end":{"line":11,"column":67}},"6":{"start":{"line":12,"column":26},"end":{"line":12,"column":74}},"7":{"start":{"line":13,"column":4},"end":{"line":17,"column":7}},"8":{"start":{"line":21,"column":0},"end":{"line":28,"column":3}},"9":{"start":{"line":22,"column":28},"end":{"line":22,"column":75}},"10":{"start":{"line":23,"column":4},"end":{"line":27,"column":7}},"11":{"start":{"line":32,"column":0},"end":{"line":36,"column":3}},"12":{"start":{"line":33,"column":17},"end":{"line":33,"column":54}},"13":{"start":{"line":35,"column":4},"end":{"line":35,"column":43}},"14":{"start":{"line":39,"column":0},"end":{"line":50,"column":3}},"15":{"start":{"line":40,"column":24},"end":{"line":40,"column":36}},"16":{"start":{"line":42,"column":22},"end":{"line":42,"column":37}},"17":{"start":{"line":44,"column":23},"end":{"line":44,"column":84}},"18":{"start":{"line":46,"column":4},"end":{"line":49,"column":7}},"19":{"start":{"line":54,"column":0},"end":{"line":60,"column":3}},"20":{"start":{"line":55,"column":24},"end":{"line":55,"column":39}},"21":{"start":{"line":56,"column":23},"end":{"line":56,"column":73}},"22":{"start":{"line":57,"column":6},"end":{"line":59,"column":null}},"23":{"start":{"line":63,"column":0},"end":{"line":74,"column":3}},"24":{"start":{"line":64,"column":26},"end":{"line":64,"column":40}},"25":{"start":{"line":65,"column":24},"end":{"line":65,"column":36}},"26":{"start":{"line":66,"column":22},"end":{"line":66,"column":37}},"27":{"start":{"line":68,"column":27},"end":{"line":68,"column":99}},"28":{"start":{"line":70,"column":4},"end":{"line":73,"column":7}},"29":{"start":{"line":76,"column":0},"end":{"line":83,"column":3}},"30":{"start":{"line":78,"column":26},"end":{"line":78,"column":40}},"31":{"start":{"line":80,"column":4},"end":{"line":80,"column":70}},"32":{"start":{"line":82,"column":4},"end":{"line":82,"column":83}},"33":{"start":{"line":86,"column":0},"end":{"line":93,"column":null}},"34":{"start":{"line":88,"column":28},"end":{"line":88,"column":42}},"35":{"start":{"line":90,"column":19},"end":{"line":90,"column":93}},"36":{"start":{"line":92,"column":4},"end":{"line":92,"column":45}},"37":{"start":{"line":96,"column":0},"end":{"line":103,"column":3}},"38":{"start":{"line":98,"column":25},"end":{"line":98,"column":92}},"39":{"start":{"line":99,"column":4},"end":{"line":101,"column":null}},"40":{"start":{"line":105,"column":0},"end":{"line":110,"column":3}},"41":{"start":{"line":107,"column":24},"end":{"line":107,"column":86}},"42":{"start":{"line":108,"column":4},"end":{"line":108,"column":50}},"43":{"start":{"line":112,"column":0},"end":{"line":120,"column":3}},"44":{"start":{"line":114,"column":28},"end":{"line":114,"column":42}},"45":{"start":{"line":115,"column":19},"end":{"line":115,"column":34}},"46":{"start":{"line":117,"column":17},"end":{"line":117,"column":78}},"47":{"start":{"line":119,"column":4},"end":{"line":119,"column":43}},"48":{"start":{"line":122,"column":0},"end":{"line":127,"column":3}},"49":{"start":{"line":124,"column":24},"end":{"line":124,"column":67}},"50":{"start":{"line":125,"column":4},"end":{"line":125,"column":50}},"51":{"start":{"line":129,"column":0},"end":{"line":137,"column":3}},"52":{"start":{"line":131,"column":19},"end":{"line":131,"column":34}},"53":{"start":{"line":132,"column":28},"end":{"line":132,"column":42}},"54":{"start":{"line":134,"column":19},"end":{"line":134,"column":82}},"55":{"start":{"line":136,"column":4},"end":{"line":136,"column":45}},"56":{"start":{"line":140,"column":0},"end":{"line":151,"column":3}},"57":{"start":{"line":141,"column":28},"end":{"line":141,"column":42}},"58":{"start":{"line":142,"column":17},"end":{"line":142,"column":29}},"59":{"start":{"line":144,"column":29},"end":{"line":144,"column":104}},"60":{"start":{"line":146,"column":4},"end":{"line":149,"column":7}},"61":{"start":{"line":154,"column":0},"end":{"line":161,"column":null}},"62":{"start":{"line":155,"column":28},"end":{"line":155,"column":42}},"63":{"start":{"line":157,"column":4},"end":{"line":157,"column":74}},"64":{"start":{"line":159,"column":4},"end":{"line":159,"column":86}},"65":{"start":{"line":164,"column":0},"end":{"line":173,"column":null}},"66":{"start":{"line":166,"column":26},"end":{"line":166,"column":40}},"67":{"start":{"line":167,"column":24},"end":{"line":167,"column":36}},"68":{"start":{"line":169,"column":20},"end":{"line":169,"column":91}},"69":{"start":{"line":171,"column":4},"end":{"line":171,"column":46}},"70":{"start":{"line":175,"column":0},"end":{"line":180,"column":null}},"71":{"start":{"line":177,"column":24},"end":{"line":177,"column":80}},"72":{"start":{"line":179,"column":4},"end":{"line":179,"column":50}},"73":{"start":{"line":182,"column":0},"end":{"line":190,"column":null}},"74":{"start":{"line":184,"column":26},"end":{"line":184,"column":40}},"75":{"start":{"line":186,"column":4},"end":{"line":186,"column":72}},"76":{"start":{"line":188,"column":4},"end":{"line":188,"column":85}},"77":{"start":{"line":192,"column":0},"end":{"line":200,"column":null}},"78":{"start":{"line":194,"column":26},"end":{"line":194,"column":40}},"79":{"start":{"line":196,"column":28},"end":{"line":196,"column":83}},"80":{"start":{"line":198,"column":4},"end":{"line":198,"column":54}},"81":{"start":{"line":203,"column":0},"end":{"line":208,"column":null}},"82":{"start":{"line":205,"column":27},"end":{"line":205,"column":95}},"83":{"start":{"line":207,"column":4},"end":{"line":207,"column":53}},"84":{"start":{"line":210,"column":0},"end":{"line":215,"column":null}},"85":{"start":{"line":212,"column":20},"end":{"line":212,"column":74}},"86":{"start":{"line":214,"column":4},"end":{"line":214,"column":46}},"87":{"start":{"line":217,"column":0},"end":{"line":222,"column":null}},"88":{"start":{"line":219,"column":21},"end":{"line":219,"column":73}},"89":{"start":{"line":221,"column":4},"end":{"line":221,"column":47}},"90":{"start":{"line":224,"column":0},"end":{"line":232,"column":3}},"91":{"start":{"line":225,"column":26},"end":{"line":225,"column":40}},"92":{"start":{"line":226,"column":4},"end":{"line":231,"column":5}},"93":{"start":{"line":227,"column":24},"end":{"line":227,"column":73}},"94":{"start":{"line":228,"column":8},"end":{"line":228,"column":50}},"95":{"start":{"line":230,"column":8},"end":{"line":230,"column":80}},"96":{"start":{"line":235,"column":0},"end":{"line":235,"column":22}}},"fnMap":{"0":{"name":"(anonymous_1)","decl":{"start":{"line":10,"column":29},"end":{"line":10,"column":34}},"loc":{"start":{"line":10,"column":57},"end":{"line":18,"column":1}}},"1":{"name":"(anonymous_2)","decl":{"start":{"line":21,"column":26},"end":{"line":21,"column":31}},"loc":{"start":{"line":21,"column":53},"end":{"line":28,"column":1}}},"2":{"name":"(anonymous_3)","decl":{"start":{"line":32,"column":28},"end":{"line":32,"column":33}},"loc":{"start":{"line":32,"column":55},"end":{"line":36,"column":1}}},"3":{"name":"(anonymous_4)","decl":{"start":{"line":39,"column":53},"end":{"line":39,"column":58}},"loc":{"start":{"line":39,"column":80},"end":{"line":50,"column":1}}},"4":{"name":"(anonymous_5)","decl":{"start":{"line":54,"column":49},"end":{"line":54,"column":54}},"loc":{"start":{"line":54,"column":76},"end":{"line":60,"column":1}}},"5":{"name":"(anonymous_6)","decl":{"start":{"line":63,"column":65},"end":{"line":63,"column":70}},"loc":{"start":{"line":63,"column":92},"end":{"line":74,"column":1}}},"6":{"name":"(anonymous_7)","decl":{"start":{"line":76,"column":68},"end":{"line":76,"column":73}},"loc":{"start":{"line":76,"column":95},"end":{"line":83,"column":1}}},"7":{"name":"(anonymous_8)","decl":{"start":{"line":86,"column":71},"end":{"line":86,"column":76}},"loc":{"start":{"line":86,"column":98},"end":{"line":93,"column":1}}},"8":{"name":"(anonymous_9)","decl":{"start":{"line":96,"column":49},"end":{"line":96,"column":54}},"loc":{"start":{"line":96,"column":76},"end":{"line":103,"column":1}}},"9":{"name":"(anonymous_10)","decl":{"start":{"line":105,"column":52},"end":{"line":105,"column":57}},"loc":{"start":{"line":105,"column":80},"end":{"line":110,"column":1}}},"10":{"name":"(anonymous_11)","decl":{"start":{"line":112,"column":65},"end":{"line":112,"column":70}},"loc":{"start":{"line":112,"column":93},"end":{"line":120,"column":1}}},"11":{"name":"(anonymous_12)","decl":{"start":{"line":122,"column":31},"end":{"line":122,"column":36}},"loc":{"start":{"line":122,"column":58},"end":{"line":127,"column":1}}},"12":{"name":"(anonymous_13)","decl":{"start":{"line":129,"column":66},"end":{"line":129,"column":71}},"loc":{"start":{"line":129,"column":93},"end":{"line":137,"column":1}}},"13":{"name":"(anonymous_14)","decl":{"start":{"line":140,"column":76},"end":{"line":140,"column":81}},"loc":{"start":{"line":140,"column":103},"end":{"line":151,"column":1}}},"14":{"name":"(anonymous_15)","decl":{"start":{"line":154,"column":79},"end":{"line":154,"column":84}},"loc":{"start":{"line":154,"column":106},"end":{"line":161,"column":1}}},"15":{"name":"(anonymous_16)","decl":{"start":{"line":164,"column":64},"end":{"line":164,"column":69}},"loc":{"start":{"line":164,"column":91},"end":{"line":173,"column":1}}},"16":{"name":"(anonymous_17)","decl":{"start":{"line":175,"column":49},"end":{"line":175,"column":54}},"loc":{"start":{"line":175,"column":76},"end":{"line":180,"column":1}}},"17":{"name":"(anonymous_18)","decl":{"start":{"line":182,"column":71},"end":{"line":182,"column":76}},"loc":{"start":{"line":182,"column":98},"end":{"line":190,"column":1}}},"18":{"name":"(anonymous_19)","decl":{"start":{"line":192,"column":47},"end":{"line":192,"column":52}},"loc":{"start":{"line":192,"column":74},"end":{"line":200,"column":1}}},"19":{"name":"(anonymous_20)","decl":{"start":{"line":203,"column":52},"end":{"line":203,"column":57}},"loc":{"start":{"line":203,"column":79},"end":{"line":208,"column":1}}},"20":{"name":"(anonymous_21)","decl":{"start":{"line":210,"column":57},"end":{"line":210,"column":62}},"loc":{"start":{"line":210,"column":84},"end":{"line":215,"column":1}}},"21":{"name":"(anonymous_22)","decl":{"start":{"line":217,"column":45},"end":{"line":217,"column":50}},"loc":{"start":{"line":217,"column":72},"end":{"line":222,"column":1}}},"22":{"name":"(anonymous_23)","decl":{"start":{"line":224,"column":55},"end":{"line":224,"column":60}},"loc":{"start":{"line":224,"column":83},"end":{"line":232,"column":1}}}},"branchMap":{},"s":{"0":5,"1":5,"2":5,"3":5,"4":5,"5":82,"6":82,"7":80,"8":5,"9":77,"10":75,"11":5,"12":0,"13":0,"14":5,"15":17,"16":17,"17":17,"18":17,"19":5,"20":4,"21":4,"22":4,"23":5,"24":2,"25":2,"26":2,"27":2,"28":1,"29":5,"30":2,"31":2,"32":1,"33":5,"34":3,"35":3,"36":1,"37":5,"38":17,"39":15,"40":5,"41":0,"42":0,"43":5,"44":1,"45":1,"46":1,"47":1,"48":5,"49":1,"50":1,"51":5,"52":4,"53":4,"54":4,"55":3,"56":5,"57":3,"58":3,"59":3,"60":1,"61":5,"62":1,"63":1,"64":0,"65":5,"66":9,"67":9,"68":9,"69":9,"70":5,"71":3,"72":3,"73":5,"74":2,"75":2,"76":1,"77":5,"78":2,"79":2,"80":2,"81":5,"82":3,"83":2,"84":5,"85":2,"86":2,"87":5,"88":1,"89":1,"90":5,"91":3,"92":3,"93":3,"94":1,"95":2,"96":5},"f":{"0":82,"1":77,"2":0,"3":17,"4":4,"5":2,"6":2,"7":3,"8":17,"9":0,"10":1,"11":1,"12":4,"13":3,"14":1,"15":9,"16":3,"17":2,"18":2,"19":3,"20":2,"21":1,"22":3},"b":{}}
,"/home/cecilia/Documents/CTable/backend/src/business/businessLogicAuth.ts": {"path":"/home/cecilia/Documents/CTable/backend/src/business/businessLogicAuth.ts","statementMap":{"0":{"start":{"line":3,"column":0},"end":{"line":3,"column":55}},"1":{"start":{"line":4,"column":0},"end":{"line":4,"column":33}},"2":{"start":{"line":5,"column":0},"end":{"line":5,"column":30}},"3":{"start":{"line":13,"column":8},"end":{"line":13,"column":27}},"4":{"start":{"line":15,"column":29},"end":{"line":18,"column":24}},"5":{"start":{"line":20,"column":8},"end":{"line":27,"column":9}},"6":{"start":{"line":21,"column":12},"end":{"line":23,"column":13}},"7":{"start":{"line":22,"column":16},"end":{"line":22,"column":65}},"8":{"start":{"line":24,"column":12},"end":{"line":26,"column":13}},"9":{"start":{"line":25,"column":16},"end":{"line":25,"column":63}},"10":{"start":{"line":29,"column":21},"end":{"line":29,"column":45}},"11":{"start":{"line":31,"column":26},"end":{"line":31,"column":61}},"12":{"start":{"line":33,"column":76},"end":{"line":33,"column":80}},"13":{"start":{"line":36,"column":8},"end":{"line":43,"column":11}},"14":{"start":{"line":45,"column":21},"end":{"line":47,"column":28}},"15":{"start":{"line":49,"column":45},"end":{"line":49,"column":49}},"16":{"start":{"line":51,"column":8},"end":{"line":51,"column":24}},"17":{"start":{"line":56,"column":8},"end":{"line":82,"column":9}},"18":{"start":{"line":57,"column":25},"end":{"line":59,"column":28}},"19":{"start":{"line":61,"column":12},"end":{"line":63,"column":13}},"20":{"start":{"line":62,"column":16},"end":{"line":62,"column":64}},"21":{"start":{"line":65,"column":36},"end":{"line":67,"column":null}},"22":{"start":{"line":70,"column":12},"end":{"line":72,"column":13}},"23":{"start":{"line":71,"column":16},"end":{"line":71,"column":64}},"24":{"start":{"line":74,"column":50},"end":{"line":74,"column":54}},"25":{"start":{"line":76,"column":12},"end":{"line":76,"column":28}},"26":{"start":{"line":80,"column":12},"end":{"line":80,"column":24}},"27":{"start":{"line":88,"column":0},"end":{"line":88,"column":39}}},"fnMap":{"0":{"name":"(anonymous_1)","decl":{"start":{"line":11,"column":4},"end":{"line":11,"column":9}},"loc":{"start":{"line":11,"column":32},"end":{"line":53,"column":5}}},"1":{"name":"(anonymous_2)","decl":{"start":{"line":55,"column":4},"end":{"line":55,"column":9}},"loc":{"start":{"line":55,"column":35},"end":{"line":83,"column":5}}}},"branchMap":{"0":{"loc":{"start":{"line":20,"column":8},"end":{"line":27,"column":9}},"type":"if","locations":[{"start":{"line":20,"column":8},"end":{"line":27,"column":9}},{"start":{},"end":{}}]},"1":{"loc":{"start":{"line":21,"column":12},"end":{"line":23,"column":13}},"type":"if","locations":[{"start":{"line":21,"column":12},"end":{"line":23,"column":13}},{"start":{},"end":{}}]},"2":{"loc":{"start":{"line":24,"column":12},"end":{"line":26,"column":13}},"type":"if","locations":[{"start":{"line":24,"column":12},"end":{"line":26,"column":13}},{"start":{},"end":{}}]},"3":{"loc":{"start":{"line":61,"column":12},"end":{"line":63,"column":13}},"type":"if","locations":[{"start":{"line":61,"column":12},"end":{"line":63,"column":13}},{"start":{},"end":{}}]},"4":{"loc":{"start":{"line":70,"column":12},"end":{"line":72,"column":13}},"type":"if","locations":[{"start":{"line":70,"column":12},"end":{"line":72,"column":13}},{"start":{},"end":{}}]}},"s":{"0":5,"1":5,"2":5,"3":82,"4":82,"5":82,"6":2,"7":1,"8":1,"9":1,"10":80,"11":80,"12":80,"13":80,"14":80,"15":80,"16":80,"17":77,"18":77,"19":77,"20":1,"21":76,"22":76,"23":1,"24":75,"25":75,"26":2,"27":5},"f":{"0":82,"1":77},"b":{"0":[2,80],"1":[1,1],"2":[1,0],"3":[1,76],"4":[1,75]}}
,"/home/cecilia/Documents/CTable/backend/src/business/businessLogicCommunity.ts": {"path":"/home/cecilia/Documents/CTable/backend/src/business/businessLogicCommunity.ts","statementMap":{"0":{"start":{"line":1,"column":0},"end":{"line":1,"column":33}},"1":{"start":{"line":10,"column":34},"end":{"line":12,"column":20}},"2":{"start":{"line":14,"column":8},"end":{"line":16,"column":9}},"3":{"start":{"line":15,"column":12},"end":{"line":15,"column":71}},"4":{"start":{"line":18,"column":8},"end":{"line":60,"column":11}},"5":{"start":{"line":20,"column":38},"end":{"line":24,"column":14}},"6":{"start":{"line":26,"column":39},"end":{"line":28,"column":31}},"7":{"start":{"line":30,"column":12},"end":{"line":32,"column":13}},"8":{"start":{"line":31,"column":16},"end":{"line":31,"column":62}},"9":{"start":{"line":34,"column":12},"end":{"line":39,"column":15}},"10":{"start":{"line":41,"column":12},"end":{"line":57,"column":13}},"11":{"start":{"line":43,"column":35},"end":{"line":45,"column":60}},"12":{"start":{"line":47,"column":41},"end":{"line":52,"column":18}},"13":{"start":{"line":48,"column":20},"end":{"line":51,"column":22}},"14":{"start":{"line":54,"column":16},"end":{"line":56,"column":17}},"15":{"start":{"line":55,"column":20},"end":{"line":55,"column":78}},"16":{"start":{"line":59,"column":12},"end":{"line":59,"column":36}},"17":{"start":{"line":65,"column":26},"end":{"line":67,"column":20}},"18":{"start":{"line":69,"column":8},"end":{"line":71,"column":9}},"19":{"start":{"line":70,"column":12},"end":{"line":70,"column":58}},"20":{"start":{"line":73,"column":31},"end":{"line":76,"column":20}},"21":{"start":{"line":78,"column":8},"end":{"line":80,"column":9}},"22":{"start":{"line":79,"column":12},"end":{"line":79,"column":69}},"23":{"start":{"line":82,"column":8},"end":{"line":87,"column":11}},"24":{"start":{"line":89,"column":8},"end":{"line":89,"column":81}},"25":{"start":{"line":94,"column":26},"end":{"line":96,"column":20}},"26":{"start":{"line":98,"column":8},"end":{"line":100,"column":9}},"27":{"start":{"line":99,"column":12},"end":{"line":99,"column":58}},"28":{"start":{"line":102,"column":8},"end":{"line":104,"column":9}},"29":{"start":{"line":103,"column":12},"end":{"line":103,"column":119}},"30":{"start":{"line":106,"column":23},"end":{"line":108,"column":20}},"31":{"start":{"line":110,"column":8},"end":{"line":112,"column":9}},"32":{"start":{"line":111,"column":12},"end":{"line":111,"column":67}},"33":{"start":{"line":114,"column":8},"end":{"line":116,"column":19}},"34":{"start":{"line":118,"column":8},"end":{"line":118,"column":67}},"35":{"start":{"line":123,"column":32},"end":{"line":129,"column":null}},"36":{"start":{"line":132,"column":29},"end":{"line":132,"column":68}},"37":{"start":{"line":132,"column":54},"end":{"line":132,"column":67}},"38":{"start":{"line":134,"column":8},"end":{"line":134,"column":49}},"39":{"start":{"line":134,"column":39},"end":{"line":134,"column":49}},"40":{"start":{"line":136,"column":25},"end":{"line":139,"column":70}},"41":{"start":{"line":141,"column":23},"end":{"line":146,"column":11}},"42":{"start":{"line":141,"column":52},"end":{"line":146,"column":10}},"43":{"start":{"line":144,"column":36},"end":{"line":144,"column":70}},"44":{"start":{"line":145,"column":33},"end":{"line":145,"column":38}},"45":{"start":{"line":148,"column":8},"end":{"line":148,"column":22}},"46":{"start":{"line":152,"column":21},"end":{"line":170,"column":50}},"47":{"start":{"line":172,"column":8},"end":{"line":172,"column":20}},"48":{"start":{"line":176,"column":28},"end":{"line":176,"column":65}},"49":{"start":{"line":178,"column":29},"end":{"line":178,"column":64}},"50":{"start":{"line":178,"column":50},"end":{"line":178,"column":63}},"51":{"start":{"line":180,"column":8},"end":{"line":180,"column":49}},"52":{"start":{"line":180,"column":39},"end":{"line":180,"column":49}},"53":{"start":{"line":182,"column":25},"end":{"line":185,"column":70}},"54":{"start":{"line":187,"column":23},"end":{"line":192,"column":11}},"55":{"start":{"line":187,"column":48},"end":{"line":192,"column":10}},"56":{"start":{"line":190,"column":36},"end":{"line":190,"column":70}},"57":{"start":{"line":191,"column":33},"end":{"line":191,"column":38}},"58":{"start":{"line":194,"column":8},"end":{"line":194,"column":22}},"59":{"start":{"line":199,"column":26},"end":{"line":201,"column":20}},"60":{"start":{"line":203,"column":8},"end":{"line":205,"column":9}},"61":{"start":{"line":204,"column":12},"end":{"line":204,"column":58}},"62":{"start":{"line":207,"column":27},"end":{"line":209,"column":20}},"63":{"start":{"line":211,"column":25},"end":{"line":211,"column":37}},"64":{"start":{"line":212,"column":24},"end":{"line":212,"column":103}},"65":{"start":{"line":214,"column":25},"end":{"line":217,"column":31}},"66":{"start":{"line":219,"column":28},"end":{"line":222,"column":16}},"67":{"start":{"line":224,"column":25},"end":{"line":227,"column":33}},"68":{"start":{"line":229,"column":8},"end":{"line":238,"column":6}},"69":{"start":{"line":232,"column":51},"end":{"line":232,"column":56}},"70":{"start":{"line":243,"column":8},"end":{"line":290,"column":11}},"71":{"start":{"line":245,"column":30},"end":{"line":247,"column":24}},"72":{"start":{"line":249,"column":12},"end":{"line":251,"column":13}},"73":{"start":{"line":250,"column":16},"end":{"line":250,"column":62}},"74":{"start":{"line":253,"column":12},"end":{"line":255,"column":13}},"75":{"start":{"line":254,"column":16},"end":{"line":254,"column":87}},"76":{"start":{"line":257,"column":40},"end":{"line":257,"column":42}},"77":{"start":{"line":258,"column":12},"end":{"line":258,"column":59}},"78":{"start":{"line":258,"column":27},"end":{"line":258,"column":59}},"79":{"start":{"line":259,"column":12},"end":{"line":259,"column":80}},"80":{"start":{"line":259,"column":34},"end":{"line":259,"column":80}},"81":{"start":{"line":261,"column":12},"end":{"line":266,"column":13}},"82":{"start":{"line":262,"column":16},"end":{"line":262,"column":54}},"83":{"start":{"line":263,"column":16},"end":{"line":265,"column":44}},"84":{"start":{"line":268,"column":12},"end":{"line":287,"column":13}},"85":{"start":{"line":269,"column":17},"end":{"line":271,"column":27}},"86":{"start":{"line":273,"column":17},"end":{"line":286,"column":18}},"87":{"start":{"line":274,"column":39},"end":{"line":276,"column":44}},"88":{"start":{"line":278,"column":42},"end":{"line":281,"column":23}},"89":{"start":{"line":278,"column":70},"end":{"line":281,"column":22}},"90":{"start":{"line":283,"column":20},"end":{"line":285,"column":21}},"91":{"start":{"line":284,"column":24},"end":{"line":284,"column":79}},"92":{"start":{"line":289,"column":12},"end":{"line":289,"column":86}},"93":{"start":{"line":294,"column":26},"end":{"line":296,"column":20}},"94":{"start":{"line":298,"column":8},"end":{"line":300,"column":9}},"95":{"start":{"line":299,"column":12},"end":{"line":299,"column":58}},"96":{"start":{"line":302,"column":8},"end":{"line":304,"column":9}},"97":{"start":{"line":303,"column":12},"end":{"line":303,"column":84}},"98":{"start":{"line":306,"column":8},"end":{"line":308,"column":19}},"99":{"start":{"line":314,"column":0},"end":{"line":314,"column":44}}},"fnMap":{"0":{"name":"(anonymous_1)","decl":{"start":{"line":8,"column":4},"end":{"line":8,"column":9}},"loc":{"start":{"line":8,"column":61},"end":{"line":61,"column":5}}},"1":{"name":"(anonymous_2)","decl":{"start":{"line":18,"column":32},"end":{"line":18,"column":37}},"loc":{"start":{"line":18,"column":46},"end":{"line":60,"column":9}}},"2":{"name":"(anonymous_3)","decl":{"start":{"line":47,"column":56},"end":{"line":47,"column":63}},"loc":{"start":{"line":47,"column":66},"end":{"line":52,"column":17}}},"3":{"name":"(anonymous_4)","decl":{"start":{"line":63,"column":4},"end":{"line":63,"column":9}},"loc":{"start":{"line":63,"column":64},"end":{"line":90,"column":5}}},"4":{"name":"(anonymous_5)","decl":{"start":{"line":92,"column":4},"end":{"line":92,"column":9}},"loc":{"start":{"line":92,"column":66},"end":{"line":119,"column":5}}},"5":{"name":"(anonymous_6)","decl":{"start":{"line":121,"column":4},"end":{"line":121,"column":9}},"loc":{"start":{"line":121,"column":46},"end":{"line":149,"column":5}}},"6":{"name":"(anonymous_7)","decl":{"start":{"line":132,"column":49},"end":{"line":132,"column":50}},"loc":{"start":{"line":132,"column":54},"end":{"line":132,"column":67}}},"7":{"name":"(anonymous_8)","decl":{"start":{"line":141,"column":43},"end":{"line":141,"column":47}},"loc":{"start":{"line":141,"column":52},"end":{"line":146,"column":10}}},"8":{"name":"(anonymous_9)","decl":{"start":{"line":144,"column":24},"end":{"line":144,"column":25}},"loc":{"start":{"line":144,"column":36},"end":{"line":144,"column":70}}},"9":{"name":"(anonymous_10)","decl":{"start":{"line":145,"column":21},"end":{"line":145,"column":22}},"loc":{"start":{"line":145,"column":33},"end":{"line":145,"column":38}}},"10":{"name":"(anonymous_11)","decl":{"start":{"line":151,"column":4},"end":{"line":151,"column":9}},"loc":{"start":{"line":151,"column":36},"end":{"line":173,"column":5}}},"11":{"name":"(anonymous_12)","decl":{"start":{"line":175,"column":4},"end":{"line":175,"column":9}},"loc":{"start":{"line":175,"column":27},"end":{"line":195,"column":5}}},"12":{"name":"(anonymous_13)","decl":{"start":{"line":178,"column":45},"end":{"line":178,"column":46}},"loc":{"start":{"line":178,"column":50},"end":{"line":178,"column":63}}},"13":{"name":"(anonymous_14)","decl":{"start":{"line":187,"column":39},"end":{"line":187,"column":43}},"loc":{"start":{"line":187,"column":48},"end":{"line":192,"column":10}}},"14":{"name":"(anonymous_15)","decl":{"start":{"line":190,"column":24},"end":{"line":190,"column":25}},"loc":{"start":{"line":190,"column":36},"end":{"line":190,"column":70}}},"15":{"name":"(anonymous_16)","decl":{"start":{"line":191,"column":21},"end":{"line":191,"column":22}},"loc":{"start":{"line":191,"column":33},"end":{"line":191,"column":38}}},"16":{"name":"(anonymous_17)","decl":{"start":{"line":197,"column":4},"end":{"line":197,"column":9}},"loc":{"start":{"line":197,"column":62},"end":{"line":239,"column":5}}},"17":{"name":"(anonymous_18)","decl":{"start":{"line":232,"column":39},"end":{"line":232,"column":40}},"loc":{"start":{"line":232,"column":51},"end":{"line":232,"column":56}}},"18":{"name":"(anonymous_19)","decl":{"start":{"line":241,"column":4},"end":{"line":241,"column":9}},"loc":{"start":{"line":241,"column":85},"end":{"line":291,"column":5}}},"19":{"name":"(anonymous_20)","decl":{"start":{"line":243,"column":32},"end":{"line":243,"column":37}},"loc":{"start":{"line":243,"column":46},"end":{"line":290,"column":9}}},"20":{"name":"(anonymous_21)","decl":{"start":{"line":278,"column":57},"end":{"line":278,"column":58}},"loc":{"start":{"line":278,"column":70},"end":{"line":281,"column":22}}},"21":{"name":"(anonymous_22)","decl":{"start":{"line":293,"column":4},"end":{"line":293,"column":9}},"loc":{"start":{"line":293,"column":64},"end":{"line":309,"column":5}}}},"branchMap":{"0":{"loc":{"start":{"line":14,"column":8},"end":{"line":16,"column":9}},"type":"if","locations":[{"start":{"line":14,"column":8},"end":{"line":16,"column":9}},{"start":{},"end":{}}]},"1":{"loc":{"start":{"line":30,"column":12},"end":{"line":32,"column":13}},"type":"if","locations":[{"start":{"line":30,"column":12},"end":{"line":32,"column":13}},{"start":{},"end":{}}]},"2":{"loc":{"start":{"line":41,"column":12},"end":{"line":57,"column":13}},"type":"if","locations":[{"start":{"line":41,"column":12},"end":{"line":57,"column":13}},{"start":{},"end":{}}]},"3":{"loc":{"start":{"line":41,"column":16},"end":{"line":41,"column":65}},"type":"binary-expr","locations":[{"start":{"line":41,"column":16},"end":{"line":41,"column":33}},{"start":{"line":41,"column":37},"end":{"line":41,"column":65}}]},"4":{"loc":{"start":{"line":54,"column":16},"end":{"line":56,"column":17}},"type":"if","locations":[{"start":{"line":54,"column":16},"end":{"line":56,"column":17}},{"start":{},"end":{}}]},"5":{"loc":{"start":{"line":69,"column":8},"end":{"line":71,"column":9}},"type":"if","locations":[{"start":{"line":69,"column":8},"end":{"line":71,"column":9}},{"start":{},"end":{}}]},"6":{"loc":{"start":{"line":78,"column":8},"end":{"line":80,"column":9}},"type":"if","locations":[{"start":{"line":78,"column":8},"end":{"line":80,"column":9}},{"start":{},"end":{}}]},"7":{"loc":{"start":{"line":98,"column":8},"end":{"line":100,"column":9}},"type":"if","locations":[{"start":{"line":98,"column":8},"end":{"line":100,"column":9}},{"start":{},"end":{}}]},"8":{"loc":{"start":{"line":102,"column":8},"end":{"line":104,"column":9}},"type":"if","locations":[{"start":{"line":102,"column":8},"end":{"line":104,"column":9}},{"start":{},"end":{}}]},"9":{"loc":{"start":{"line":110,"column":8},"end":{"line":112,"column":9}},"type":"if","locations":[{"start":{"line":110,"column":8},"end":{"line":112,"column":9}},{"start":{},"end":{}}]},"10":{"loc":{"start":{"line":134,"column":8},"end":{"line":134,"column":49}},"type":"if","locations":[{"start":{"line":134,"column":8},"end":{"line":134,"column":49}},{"start":{},"end":{}}]},"11":{"loc":{"start":{"line":180,"column":8},"end":{"line":180,"column":49}},"type":"if","locations":[{"start":{"line":180,"column":8},"end":{"line":180,"column":49}},{"start":{},"end":{}}]},"12":{"loc":{"start":{"line":203,"column":8},"end":{"line":205,"column":9}},"type":"if","locations":[{"start":{"line":203,"column":8},"end":{"line":205,"column":9}},{"start":{},"end":{}}]},"13":{"loc":{"start":{"line":212,"column":24},"end":{"line":212,"column":103}},"type":"binary-expr","locations":[{"start":{"line":212,"column":25},"end":{"line":212,"column":55}},{"start":{"line":212,"column":61},"end":{"line":212,"column":71}},{"start":{"line":212,"column":75},"end":{"line":212,"column":102}}]},"14":{"loc":{"start":{"line":233,"column":25},"end":{"line":233,"column":48}},"type":"binary-expr","locations":[{"start":{"line":233,"column":25},"end":{"line":233,"column":43}},{"start":{"line":233,"column":47},"end":{"line":233,"column":48}}]},"15":{"loc":{"start":{"line":237,"column":15},"end":{"line":237,"column":29}},"type":"binary-expr","locations":[{"start":{"line":237,"column":15},"end":{"line":237,"column":23}},{"start":{"line":237,"column":27},"end":{"line":237,"column":29}}]},"16":{"loc":{"start":{"line":249,"column":12},"end":{"line":251,"column":13}},"type":"if","locations":[{"start":{"line":249,"column":12},"end":{"line":251,"column":13}},{"start":{},"end":{}}]},"17":{"loc":{"start":{"line":253,"column":12},"end":{"line":255,"column":13}},"type":"if","locations":[{"start":{"line":253,"column":12},"end":{"line":255,"column":13}},{"start":{},"end":{}}]},"18":{"loc":{"start":{"line":258,"column":12},"end":{"line":258,"column":59}},"type":"if","locations":[{"start":{"line":258,"column":12},"end":{"line":258,"column":59}},{"start":{},"end":{}}]},"19":{"loc":{"start":{"line":259,"column":12},"end":{"line":259,"column":80}},"type":"if","locations":[{"start":{"line":259,"column":12},"end":{"line":259,"column":80}},{"start":{},"end":{}}]},"20":{"loc":{"start":{"line":261,"column":12},"end":{"line":266,"column":13}},"type":"if","locations":[{"start":{"line":261,"column":12},"end":{"line":266,"column":13}},{"start":{},"end":{}}]},"21":{"loc":{"start":{"line":268,"column":12},"end":{"line":287,"column":13}},"type":"if","locations":[{"start":{"line":268,"column":12},"end":{"line":287,"column":13}},{"start":{},"end":{}}]},"22":{"loc":{"start":{"line":273,"column":17},"end":{"line":286,"column":18}},"type":"if","locations":[{"start":{"line":273,"column":17},"end":{"line":286,"column":18}},{"start":{},"end":{}}]},"23":{"loc":{"start":{"line":273,"column":21},"end":{"line":273,"column":85}},"type":"binary-expr","locations":[{"start":{"line":273,"column":21},"end":{"line":273,"column":53}},{"start":{"line":273,"column":57},"end":{"line":273,"column":85}}]},"24":{"loc":{"start":{"line":283,"column":20},"end":{"line":285,"column":21}},"type":"if","locations":[{"start":{"line":283,"column":20},"end":{"line":285,"column":21}},{"start":{},"end":{}}]},"25":{"loc":{"start":{"line":298,"column":8},"end":{"line":300,"column":9}},"type":"if","locations":[{"start":{"line":298,"column":8},"end":{"line":300,"column":9}},{"start":{},"end":{}}]},"26":{"loc":{"start":{"line":302,"column":8},"end":{"line":304,"column":9}},"type":"if","locations":[{"start":{"line":302,"column":8},"end":{"line":304,"column":9}},{"start":{},"end":{}}]}},"s":{"0":5,"1":17,"2":17,"3":2,"4":15,"5":15,"6":15,"7":15,"8":0,"9":15,"10":15,"11":2,"12":2,"13":2,"14":2,"15":2,"16":15,"17":4,"18":4,"19":0,"20":4,"21":4,"22":1,"23":3,"24":3,"25":3,"26":3,"27":0,"28":3,"29":1,"30":2,"31":2,"32":1,"33":1,"34":1,"35":1,"36":1,"37":0,"38":1,"39":1,"40":0,"41":0,"42":0,"43":0,"44":0,"45":0,"46":1,"47":1,"48":1,"49":1,"50":2,"51":1,"52":0,"53":1,"54":1,"55":2,"56":0,"57":0,"58":1,"59":1,"60":1,"61":0,"62":1,"63":1,"64":1,"65":1,"66":1,"67":1,"68":1,"69":0,"70":3,"71":3,"72":3,"73":1,"74":2,"75":1,"76":1,"77":1,"78":1,"79":1,"80":1,"81":1,"82":1,"83":1,"84":1,"85":1,"86":1,"87":1,"88":1,"89":1,"90":1,"91":1,"92":1,"93":1,"94":1,"95":0,"96":1,"97":1,"98":0,"99":5},"f":{"0":17,"1":15,"2":2,"3":4,"4":3,"5":1,"6":0,"7":0,"8":0,"9":0,"10":1,"11":1,"12":2,"13":2,"14":0,"15":0,"16":1,"17":0,"18":3,"19":3,"20":1,"21":1},"b":{"0":[2,15],"1":[0,15],"2":[2,13],"3":[15,3],"4":[2,0],"5":[0,4],"6":[1,3],"7":[0,3],"8":[1,2],"9":[1,1],"10":[1,0],"11":[0,1],"12":[0,1],"13":[1,0,0],"14":[1,0],"15":[1,0],"16":[1,2],"17":[1,1],"18":[1,0],"19":[1,0],"20":[1,0],"21":[1,0],"22":[1,0],"23":[1,1],"24":[1,0],"25":[0,1],"26":[1,0]}}
,"/home/cecilia/Documents/CTable/backend/src/business/businessLogicProfile.ts": {"path":"/home/cecilia/Documents/CTable/backend/src/business/businessLogicProfile.ts","statementMap":{"0":{"start":{"line":1,"column":0},"end":{"line":1,"column":33}},"1":{"start":{"line":3,"column":0},"end":{"line":3,"column":30}},"2":{"start":{"line":12,"column":36},"end":{"line":12,"column":38}},"3":{"start":{"line":14,"column":8},"end":{"line":14,"column":75}},"4":{"start":{"line":14,"column":31},"end":{"line":14,"column":75}},"5":{"start":{"line":15,"column":8},"end":{"line":15,"column":58}},"6":{"start":{"line":15,"column":24},"end":{"line":15,"column":58}},"7":{"start":{"line":16,"column":8},"end":{"line":16,"column":67}},"8":{"start":{"line":16,"column":27},"end":{"line":16,"column":67}},"9":{"start":{"line":17,"column":8},"end":{"line":17,"column":64}},"10":{"start":{"line":17,"column":27},"end":{"line":17,"column":64}},"11":{"start":{"line":18,"column":8},"end":{"line":18,"column":80}},"12":{"start":{"line":18,"column":33},"end":{"line":18,"column":80}},"13":{"start":{"line":20,"column":8},"end":{"line":23,"column":9}},"14":{"start":{"line":21,"column":25},"end":{"line":21,"column":49}},"15":{"start":{"line":22,"column":12},"end":{"line":22,"column":78}},"16":{"start":{"line":25,"column":8},"end":{"line":27,"column":9}},"17":{"start":{"line":26,"column":12},"end":{"line":26,"column":59}},"18":{"start":{"line":29,"column":8},"end":{"line":29,"column":46}},"19":{"start":{"line":31,"column":8},"end":{"line":33,"column":36}},"20":{"start":{"line":35,"column":28},"end":{"line":38,"column":20}},"21":{"start":{"line":40,"column":8},"end":{"line":40,"column":27}},"22":{"start":{"line":44,"column":21},"end":{"line":44,"column":67}},"23":{"start":{"line":46,"column":8},"end":{"line":48,"column":9}},"24":{"start":{"line":47,"column":12},"end":{"line":47,"column":55}},"25":{"start":{"line":50,"column":8},"end":{"line":52,"column":19}},"26":{"start":{"line":54,"column":8},"end":{"line":54,"column":59}},"27":{"start":{"line":60,"column":0},"end":{"line":60,"column":42}}},"fnMap":{"0":{"name":"(anonymous_1)","decl":{"start":{"line":10,"column":4},"end":{"line":10,"column":9}},"loc":{"start":{"line":10,"column":54},"end":{"line":41,"column":5}}},"1":{"name":"(anonymous_2)","decl":{"start":{"line":43,"column":4},"end":{"line":43,"column":9}},"loc":{"start":{"line":43,"column":38},"end":{"line":55,"column":5}}}},"branchMap":{"0":{"loc":{"start":{"line":14,"column":8},"end":{"line":14,"column":75}},"type":"if","locations":[{"start":{"line":14,"column":8},"end":{"line":14,"column":75}},{"start":{},"end":{}}]},"1":{"loc":{"start":{"line":15,"column":8},"end":{"line":15,"column":58}},"type":"if","locations":[{"start":{"line":15,"column":8},"end":{"line":15,"column":58}},{"start":{},"end":{}}]},"2":{"loc":{"start":{"line":16,"column":8},"end":{"line":16,"column":67}},"type":"if","locations":[{"start":{"line":16,"column":8},"end":{"line":16,"column":67}},{"start":{},"end":{}}]},"3":{"loc":{"start":{"line":17,"column":8},"end":{"line":17,"column":64}},"type":"if","locations":[{"start":{"line":17,"column":8},"end":{"line":17,"column":64}},{"start":{},"end":{}}]},"4":{"loc":{"start":{"line":18,"column":8},"end":{"line":18,"column":80}},"type":"if","locations":[{"start":{"line":18,"column":8},"end":{"line":18,"column":80}},{"start":{},"end":{}}]},"5":{"loc":{"start":{"line":20,"column":8},"end":{"line":23,"column":9}},"type":"if","locations":[{"start":{"line":20,"column":8},"end":{"line":23,"column":9}},{"start":{},"end":{}}]},"6":{"loc":{"start":{"line":25,"column":8},"end":{"line":27,"column":9}},"type":"if","locations":[{"start":{"line":25,"column":8},"end":{"line":27,"column":9}},{"start":{},"end":{}}]},"7":{"loc":{"start":{"line":46,"column":8},"end":{"line":48,"column":9}},"type":"if","locations":[{"start":{"line":46,"column":8},"end":{"line":48,"column":9}},{"start":{},"end":{}}]}},"s":{"0":5,"1":5,"2":3,"3":3,"4":2,"5":3,"6":0,"7":3,"8":0,"9":3,"10":1,"11":3,"12":0,"13":3,"14":0,"15":0,"16":3,"17":1,"18":2,"19":2,"20":2,"21":2,"22":2,"23":2,"24":0,"25":2,"26":2,"27":5},"f":{"0":3,"1":2},"b":{"0":[2,1],"1":[0,3],"2":[0,3],"3":[1,2],"4":[0,3],"5":[0,3],"6":[1,2],"7":[0,2]}}
,"/home/cecilia/Documents/CTable/backend/src/business/businessLogicProject.ts": {"path":"/home/cecilia/Documents/CTable/backend/src/business/businessLogicProject.ts","statementMap":{"0":{"start":{"line":2,"column":0},"end":{"line":2,"column":33}},"1":{"start":{"line":9,"column":7},"end":{"line":60,"column":11}},"2":{"start":{"line":11,"column":36},"end":{"line":17,"column":14}},"3":{"start":{"line":19,"column":33},"end":{"line":21,"column":55}},"4":{"start":{"line":23,"column":12},"end":{"line":57,"column":13}},"5":{"start":{"line":25,"column":35},"end":{"line":27,"column":60}},"6":{"start":{"line":29,"column":41},"end":{"line":34,"column":18}},"7":{"start":{"line":30,"column":20},"end":{"line":33,"column":22}},"8":{"start":{"line":36,"column":16},"end":{"line":56,"column":17}},"9":{"start":{"line":37,"column":20},"end":{"line":37,"column":75}},"10":{"start":{"line":43,"column":48},"end":{"line":45,"column":48}},"11":{"start":{"line":44,"column":66},"end":{"line":44,"column":77}},"12":{"start":{"line":47,"column":20},"end":{"line":55,"column":21}},"13":{"start":{"line":48,"column":50},"end":{"line":52,"column":27}},"14":{"start":{"line":48,"column":83},"end":{"line":52,"column":26}},"15":{"start":{"line":54,"column":24},"end":{"line":54,"column":82}},"16":{"start":{"line":59,"column":12},"end":{"line":59,"column":30}},"17":{"start":{"line":65,"column":8},"end":{"line":134,"column":11}},"18":{"start":{"line":67,"column":36},"end":{"line":69,"column":24}},"19":{"start":{"line":71,"column":12},"end":{"line":73,"column":13}},"20":{"start":{"line":72,"column":16},"end":{"line":72,"column":59}},"21":{"start":{"line":75,"column":12},"end":{"line":77,"column":13}},"22":{"start":{"line":76,"column":16},"end":{"line":76,"column":84}},"23":{"start":{"line":79,"column":40},"end":{"line":79,"column":42}},"24":{"start":{"line":80,"column":12},"end":{"line":80,"column":90}},"25":{"start":{"line":80,"column":49},"end":{"line":80,"column":90}},"26":{"start":{"line":81,"column":12},"end":{"line":81,"column":108}},"27":{"start":{"line":81,"column":55},"end":{"line":81,"column":108}},"28":{"start":{"line":82,"column":12},"end":{"line":82,"column":93}},"29":{"start":{"line":82,"column":50},"end":{"line":82,"column":93}},"30":{"start":{"line":83,"column":12},"end":{"line":83,"column":102}},"31":{"start":{"line":83,"column":53},"end":{"line":83,"column":102}},"32":{"start":{"line":85,"column":12},"end":{"line":90,"column":13}},"33":{"start":{"line":86,"column":16},"end":{"line":86,"column":54}},"34":{"start":{"line":87,"column":16},"end":{"line":89,"column":44}},"35":{"start":{"line":92,"column":12},"end":{"line":131,"column":13}},"36":{"start":{"line":94,"column":16},"end":{"line":96,"column":27}},"37":{"start":{"line":98,"column":16},"end":{"line":100,"column":27}},"38":{"start":{"line":102,"column":16},"end":{"line":130,"column":17}},"39":{"start":{"line":104,"column":39},"end":{"line":106,"column":44}},"40":{"start":{"line":108,"column":45},"end":{"line":111,"column":23}},"41":{"start":{"line":108,"column":73},"end":{"line":111,"column":22}},"42":{"start":{"line":113,"column":20},"end":{"line":115,"column":21}},"43":{"start":{"line":114,"column":24},"end":{"line":114,"column":79}},"44":{"start":{"line":117,"column":48},"end":{"line":119,"column":48}},"45":{"start":{"line":118,"column":72},"end":{"line":118,"column":83}},"46":{"start":{"line":121,"column":20},"end":{"line":129,"column":21}},"47":{"start":{"line":122,"column":50},"end":{"line":126,"column":27}},"48":{"start":{"line":122,"column":89},"end":{"line":126,"column":26}},"49":{"start":{"line":128,"column":24},"end":{"line":128,"column":82}},"50":{"start":{"line":133,"column":12},"end":{"line":133,"column":81}},"51":{"start":{"line":139,"column":25},"end":{"line":140,"column":54}},"52":{"start":{"line":142,"column":8},"end":{"line":142,"column":24}},"53":{"start":{"line":147,"column":24},"end":{"line":147,"column":84}},"54":{"start":{"line":149,"column":8},"end":{"line":149,"column":65}},"55":{"start":{"line":149,"column":22},"end":{"line":149,"column":65}},"56":{"start":{"line":151,"column":29},"end":{"line":156,"column":25}},"57":{"start":{"line":158,"column":8},"end":{"line":158,"column":26}},"58":{"start":{"line":162,"column":25},"end":{"line":170,"column":50}},"59":{"start":{"line":172,"column":8},"end":{"line":172,"column":24}},"60":{"start":{"line":176,"column":25},"end":{"line":184,"column":50}},"61":{"start":{"line":186,"column":8},"end":{"line":186,"column":24}},"62":{"start":{"line":191,"column":24},"end":{"line":193,"column":20}},"63":{"start":{"line":195,"column":8},"end":{"line":197,"column":9}},"64":{"start":{"line":196,"column":12},"end":{"line":196,"column":58}},"65":{"start":{"line":199,"column":8},"end":{"line":201,"column":9}},"66":{"start":{"line":200,"column":12},"end":{"line":200,"column":84}},"67":{"start":{"line":203,"column":8},"end":{"line":205,"column":19}},"68":{"start":{"line":211,"column":24},"end":{"line":213,"column":20}},"69":{"start":{"line":215,"column":8},"end":{"line":217,"column":9}},"70":{"start":{"line":216,"column":12},"end":{"line":216,"column":55}},"71":{"start":{"line":219,"column":8},"end":{"line":221,"column":9}},"72":{"start":{"line":220,"column":12},"end":{"line":220,"column":81}},"73":{"start":{"line":223,"column":8},"end":{"line":225,"column":19}},"74":{"start":{"line":230,"column":24},"end":{"line":239,"column":20}},"75":{"start":{"line":241,"column":8},"end":{"line":243,"column":9}},"76":{"start":{"line":242,"column":12},"end":{"line":242,"column":55}},"77":{"start":{"line":246,"column":25},"end":{"line":249,"column":35}},"78":{"start":{"line":252,"column":8},"end":{"line":255,"column":10}},"79":{"start":{"line":254,"column":51},"end":{"line":254,"column":56}},"80":{"start":{"line":260,"column":0},"end":{"line":260,"column":42}}},"fnMap":{"0":{"name":"(anonymous_1)","decl":{"start":{"line":7,"column":4},"end":{"line":7,"column":9}},"loc":{"start":{"line":7,"column":57},"end":{"line":61,"column":5}}},"1":{"name":"(anonymous_2)","decl":{"start":{"line":9,"column":31},"end":{"line":9,"column":36}},"loc":{"start":{"line":9,"column":45},"end":{"line":60,"column":9}}},"2":{"name":"(anonymous_3)","decl":{"start":{"line":29,"column":56},"end":{"line":29,"column":63}},"loc":{"start":{"line":29,"column":66},"end":{"line":34,"column":17}}},"3":{"name":"(anonymous_4)","decl":{"start":{"line":44,"column":61},"end":{"line":44,"column":62}},"loc":{"start":{"line":44,"column":66},"end":{"line":44,"column":77}}},"4":{"name":"(anonymous_5)","decl":{"start":{"line":48,"column":74},"end":{"line":48,"column":78}},"loc":{"start":{"line":48,"column":83},"end":{"line":52,"column":26}}},"5":{"name":"(anonymous_6)","decl":{"start":{"line":63,"column":4},"end":{"line":63,"column":9}},"loc":{"start":{"line":63,"column":84},"end":{"line":135,"column":5}}},"6":{"name":"(anonymous_7)","decl":{"start":{"line":65,"column":32},"end":{"line":65,"column":37}},"loc":{"start":{"line":65,"column":46},"end":{"line":134,"column":9}}},"7":{"name":"(anonymous_8)","decl":{"start":{"line":108,"column":60},"end":{"line":108,"column":61}},"loc":{"start":{"line":108,"column":73},"end":{"line":111,"column":22}}},"8":{"name":"(anonymous_9)","decl":{"start":{"line":118,"column":61},"end":{"line":118,"column":62}},"loc":{"start":{"line":118,"column":72},"end":{"line":118,"column":83}}},"9":{"name":"(anonymous_10)","decl":{"start":{"line":122,"column":74},"end":{"line":122,"column":75}},"loc":{"start":{"line":122,"column":89},"end":{"line":126,"column":26}}},"10":{"name":"(anonymous_11)","decl":{"start":{"line":137,"column":4},"end":{"line":137,"column":9}},"loc":{"start":{"line":137,"column":40},"end":{"line":143,"column":5}}},"11":{"name":"(anonymous_12)","decl":{"start":{"line":145,"column":4},"end":{"line":145,"column":9}},"loc":{"start":{"line":145,"column":71},"end":{"line":159,"column":5}}},"12":{"name":"(anonymous_13)","decl":{"start":{"line":161,"column":4},"end":{"line":161,"column":9}},"loc":{"start":{"line":161,"column":46},"end":{"line":173,"column":5}}},"13":{"name":"(anonymous_14)","decl":{"start":{"line":175,"column":4},"end":{"line":175,"column":9}},"loc":{"start":{"line":175,"column":40},"end":{"line":187,"column":5}}},"14":{"name":"(anonymous_15)","decl":{"start":{"line":189,"column":4},"end":{"line":189,"column":9}},"loc":{"start":{"line":189,"column":57},"end":{"line":207,"column":5}}},"15":{"name":"(anonymous_16)","decl":{"start":{"line":209,"column":4},"end":{"line":209,"column":9}},"loc":{"start":{"line":209,"column":60},"end":{"line":226,"column":5}}},"16":{"name":"(anonymous_17)","decl":{"start":{"line":228,"column":4},"end":{"line":228,"column":9}},"loc":{"start":{"line":228,"column":42},"end":{"line":256,"column":5}}},"17":{"name":"(anonymous_18)","decl":{"start":{"line":254,"column":39},"end":{"line":254,"column":40}},"loc":{"start":{"line":254,"column":51},"end":{"line":254,"column":56}}}},"branchMap":{"0":{"loc":{"start":{"line":23,"column":12},"end":{"line":57,"column":13}},"type":"if","locations":[{"start":{"line":23,"column":12},"end":{"line":57,"column":13}},{"start":{},"end":{}}]},"1":{"loc":{"start":{"line":23,"column":16},"end":{"line":23,"column":65}},"type":"binary-expr","locations":[{"start":{"line":23,"column":16},"end":{"line":23,"column":33}},{"start":{"line":23,"column":37},"end":{"line":23,"column":65}}]},"2":{"loc":{"start":{"line":36,"column":16},"end":{"line":56,"column":17}},"type":"if","locations":[{"start":{"line":36,"column":16},"end":{"line":56,"column":17}},{"start":{},"end":{}}]},"3":{"loc":{"start":{"line":47,"column":20},"end":{"line":55,"column":21}},"type":"if","locations":[{"start":{"line":47,"column":20},"end":{"line":55,"column":21}},{"start":{},"end":{}}]},"4":{"loc":{"start":{"line":71,"column":12},"end":{"line":73,"column":13}},"type":"if","locations":[{"start":{"line":71,"column":12},"end":{"line":73,"column":13}},{"start":{},"end":{}}]},"5":{"loc":{"start":{"line":75,"column":12},"end":{"line":77,"column":13}},"type":"if","locations":[{"start":{"line":75,"column":12},"end":{"line":77,"column":13}},{"start":{},"end":{}}]},"6":{"loc":{"start":{"line":80,"column":12},"end":{"line":80,"column":90}},"type":"if","locations":[{"start":{"line":80,"column":12},"end":{"line":80,"column":90}},{"start":{},"end":{}}]},"7":{"loc":{"start":{"line":81,"column":12},"end":{"line":81,"column":108}},"type":"if","locations":[{"start":{"line":81,"column":12},"end":{"line":81,"column":108}},{"start":{},"end":{}}]},"8":{"loc":{"start":{"line":82,"column":12},"end":{"line":82,"column":93}},"type":"if","locations":[{"start":{"line":82,"column":12},"end":{"line":82,"column":93}},{"start":{},"end":{}}]},"9":{"loc":{"start":{"line":83,"column":12},"end":{"line":83,"column":102}},"type":"if","locations":[{"start":{"line":83,"column":12},"end":{"line":83,"column":102}},{"start":{},"end":{}}]},"10":{"loc":{"start":{"line":85,"column":12},"end":{"line":90,"column":13}},"type":"if","locations":[{"start":{"line":85,"column":12},"end":{"line":90,"column":13}},{"start":{},"end":{}}]},"11":{"loc":{"start":{"line":92,"column":12},"end":{"line":131,"column":13}},"type":"if","locations":[{"start":{"line":92,"column":12},"end":{"line":131,"column":13}},{"start":{},"end":{}}]},"12":{"loc":{"start":{"line":102,"column":16},"end":{"line":130,"column":17}},"type":"if","locations":[{"start":{"line":102,"column":16},"end":{"line":130,"column":17}},{"start":{},"end":{}}]},"13":{"loc":{"start":{"line":102,"column":20},"end":{"line":102,"column":98}},"type":"binary-expr","locations":[{"start":{"line":102,"column":20},"end":{"line":102,"column":59}},{"start":{"line":102,"column":63},"end":{"line":102,"column":98}}]},"14":{"loc":{"start":{"line":113,"column":20},"end":{"line":115,"column":21}},"type":"if","locations":[{"start":{"line":113,"column":20},"end":{"line":115,"column":21}},{"start":{},"end":{}}]},"15":{"loc":{"start":{"line":121,"column":20},"end":{"line":129,"column":21}},"type":"if","locations":[{"start":{"line":121,"column":20},"end":{"line":129,"column":21}},{"start":{},"end":{}}]},"16":{"loc":{"start":{"line":149,"column":8},"end":{"line":149,"column":65}},"type":"if","locations":[{"start":{"line":149,"column":8},"end":{"line":149,"column":65}},{"start":{},"end":{}}]},"17":{"loc":{"start":{"line":195,"column":8},"end":{"line":197,"column":9}},"type":"if","locations":[{"start":{"line":195,"column":8},"end":{"line":197,"column":9}},{"start":{},"end":{}}]},"18":{"loc":{"start":{"line":199,"column":8},"end":{"line":201,"column":9}},"type":"if","locations":[{"start":{"line":199,"column":8},"end":{"line":201,"column":9}},{"start":{},"end":{}}]},"19":{"loc":{"start":{"line":215,"column":8},"end":{"line":217,"column":9}},"type":"if","locations":[{"start":{"line":215,"column":8},"end":{"line":217,"column":9}},{"start":{},"end":{}}]},"20":{"loc":{"start":{"line":219,"column":8},"end":{"line":221,"column":9}},"type":"if","locations":[{"start":{"line":219,"column":8},"end":{"line":221,"column":9}},{"start":{},"end":{}}]},"21":{"loc":{"start":{"line":241,"column":8},"end":{"line":243,"column":9}},"type":"if","locations":[{"start":{"line":241,"column":8},"end":{"line":243,"column":9}},{"start":{},"end":{}}]}},"s":{"0":5,"1":17,"2":17,"3":17,"4":17,"5":3,"6":3,"7":5,"8":3,"9":3,"10":3,"11":5,"12":3,"13":1,"14":1,"15":1,"16":17,"17":2,"18":2,"19":2,"20":0,"21":2,"22":1,"23":1,"24":1,"25":1,"26":1,"27":1,"28":1,"29":0,"30":1,"31":0,"32":1,"33":1,"34":1,"35":1,"36":0,"37":0,"38":0,"39":0,"40":0,"41":0,"42":0,"43":0,"44":0,"45":0,"46":0,"47":0,"48":0,"49":0,"50":1,"51":4,"52":4,"53":9,"54":9,"55":0,"56":9,"57":9,"58":2,"59":2,"60":3,"61":3,"62":2,"63":2,"64":0,"65":2,"66":1,"67":1,"68":2,"69":2,"70":0,"71":2,"72":1,"73":1,"74":3,"75":3,"76":2,"77":1,"78":1,"79":2,"80":5},"f":{"0":17,"1":17,"2":5,"3":5,"4":1,"5":2,"6":2,"7":0,"8":0,"9":0,"10":4,"11":9,"12":2,"13":3,"14":2,"15":2,"16":3,"17":2},"b":{"0":[3,14],"1":[17,3],"2":[3,0],"3":[1,2],"4":[0,2],"5":[1,1],"6":[1,0],"7":[1,0],"8":[0,1],"9":[0,1],"10":[1,0],"11":[0,1],"12":[0,0],"13":[0,0],"14":[0,0],"15":[0,0],"16":[0,9],"17":[0,2],"18":[1,1],"19":[0,2],"20":[1,1],"21":[2,1]}}
,"/home/cecilia/Documents/CTable/backend/src/controller/requestController.ts": {"path":"/home/cecilia/Documents/CTable/backend/src/controller/requestController.ts","statementMap":{"0":{"start":{"line":1,"column":0},"end":{"line":1,"column":62}},"1":{"start":{"line":2,"column":0},"end":{"line":2,"column":68}},"2":{"start":{"line":5,"column":0},"end":{"line":5,"column":31}},"3":{"start":{"line":6,"column":0},"end":{"line":6,"column":43}},"4":{"start":{"line":7,"column":0},"end":{"line":7,"column":27}},"5":{"start":{"line":9,"column":0},"end":{"line":9,"column":72}},"6":{"start":{"line":10,"column":0},"end":{"line":10,"column":68}},"7":{"start":{"line":11,"column":0},"end":{"line":11,"column":72}},"8":{"start":{"line":13,"column":0},"end":{"line":13,"column":68}},"9":{"start":{"line":18,"column":8},"end":{"line":34,"column":9}},"10":{"start":{"line":20,"column":29},"end":{"line":20,"column":66}},"11":{"start":{"line":22,"column":28},"end":{"line":22,"column":76}},"12":{"start":{"line":24,"column":26},"end":{"line":27,"column":null}},"13":{"start":{"line":30,"column":12},"end":{"line":30,"column":52}},"14":{"start":{"line":33,"column":12},"end":{"line":33,"column":24}},"15":{"start":{"line":38,"column":8},"end":{"line":55,"column":9}},"16":{"start":{"line":40,"column":29},"end":{"line":40,"column":68}},"17":{"start":{"line":42,"column":28},"end":{"line":42,"column":76}},"18":{"start":{"line":44,"column":26},"end":{"line":47,"column":null}},"19":{"start":{"line":50,"column":12},"end":{"line":50,"column":52}},"20":{"start":{"line":54,"column":12},"end":{"line":54,"column":24}},"21":{"start":{"line":59,"column":8},"end":{"line":69,"column":9}},"22":{"start":{"line":60,"column":12},"end":{"line":60,"column":30}},"23":{"start":{"line":61,"column":31},"end":{"line":61,"column":85}},"24":{"start":{"line":63,"column":12},"end":{"line":63,"column":30}},"25":{"start":{"line":67,"column":12},"end":{"line":67,"column":58}},"26":{"start":{"line":73,"column":8},"end":{"line":84,"column":9}},"27":{"start":{"line":75,"column":29},"end":{"line":75,"column":65}},"28":{"start":{"line":77,"column":25},"end":{"line":77,"column":51}},"29":{"start":{"line":77,"column":44},"end":{"line":77,"column":50}},"30":{"start":{"line":79,"column":12},"end":{"line":79,"column":24}},"31":{"start":{"line":82,"column":12},"end":{"line":82,"column":61}},"32":{"start":{"line":83,"column":12},"end":{"line":83,"column":68}},"33":{"start":{"line":88,"column":8},"end":{"line":96,"column":9}},"34":{"start":{"line":90,"column":29},"end":{"line":90,"column":79}},"35":{"start":{"line":92,"column":12},"end":{"line":92,"column":28}},"36":{"start":{"line":95,"column":12},"end":{"line":95,"column":70}},"37":{"start":{"line":100,"column":8},"end":{"line":108,"column":9}},"38":{"start":{"line":102,"column":35},"end":{"line":102,"column":100}},"39":{"start":{"line":104,"column":12},"end":{"line":104,"column":34}},"40":{"start":{"line":107,"column":12},"end":{"line":107,"column":60}},"41":{"start":{"line":112,"column":8},"end":{"line":118,"column":9}},"42":{"start":{"line":114,"column":12},"end":{"line":114,"column":72}},"43":{"start":{"line":117,"column":12},"end":{"line":117,"column":24}},"44":{"start":{"line":122,"column":8},"end":{"line":127,"column":9}},"45":{"start":{"line":123,"column":28},"end":{"line":123,"column":80}},"46":{"start":{"line":124,"column":12},"end":{"line":124,"column":27}},"47":{"start":{"line":126,"column":12},"end":{"line":126,"column":24}},"48":{"start":{"line":131,"column":8},"end":{"line":138,"column":9}},"49":{"start":{"line":133,"column":33},"end":{"line":133,"column":91}},"50":{"start":{"line":134,"column":12},"end":{"line":134,"column":32}},"51":{"start":{"line":137,"column":12},"end":{"line":137,"column":24}},"52":{"start":{"line":142,"column":8},"end":{"line":148,"column":9}},"53":{"start":{"line":143,"column":32},"end":{"line":143,"column":90}},"54":{"start":{"line":144,"column":12},"end":{"line":144,"column":31}},"55":{"start":{"line":146,"column":12},"end":{"line":146,"column":64}},"56":{"start":{"line":147,"column":12},"end":{"line":147,"column":64}},"57":{"start":{"line":152,"column":8},"end":{"line":164,"column":9}},"58":{"start":{"line":153,"column":32},"end":{"line":153,"column":90}},"59":{"start":{"line":155,"column":25},"end":{"line":155,"column":73}},"60":{"start":{"line":157,"column":12},"end":{"line":160,"column":14}},"61":{"start":{"line":163,"column":12},"end":{"line":163,"column":24}},"62":{"start":{"line":167,"column":8},"end":{"line":175,"column":9}},"63":{"start":{"line":169,"column":32},"end":{"line":169,"column":80}},"64":{"start":{"line":171,"column":12},"end":{"line":171,"column":31}},"65":{"start":{"line":174,"column":12},"end":{"line":174,"column":24}},"66":{"start":{"line":180,"column":8},"end":{"line":188,"column":9}},"67":{"start":{"line":182,"column":27},"end":{"line":182,"column":92}},"68":{"start":{"line":184,"column":12},"end":{"line":184,"column":26}},"69":{"start":{"line":187,"column":12},"end":{"line":187,"column":24}},"70":{"start":{"line":192,"column":8},"end":{"line":199,"column":9}},"71":{"start":{"line":194,"column":27},"end":{"line":194,"column":95}},"72":{"start":{"line":195,"column":12},"end":{"line":195,"column":26}},"73":{"start":{"line":198,"column":12},"end":{"line":198,"column":24}},"74":{"start":{"line":203,"column":8},"end":{"line":211,"column":9}},"75":{"start":{"line":205,"column":26},"end":{"line":205,"column":96}},"76":{"start":{"line":207,"column":12},"end":{"line":207,"column":26}},"77":{"start":{"line":210,"column":12},"end":{"line":210,"column":24}},"78":{"start":{"line":216,"column":8},"end":{"line":224,"column":9}},"79":{"start":{"line":218,"column":37},"end":{"line":218,"column":111}},"80":{"start":{"line":220,"column":12},"end":{"line":220,"column":36}},"81":{"start":{"line":223,"column":12},"end":{"line":223,"column":24}},"82":{"start":{"line":228,"column":8},"end":{"line":234,"column":9}},"83":{"start":{"line":230,"column":12},"end":{"line":230,"column":81}},"84":{"start":{"line":233,"column":12},"end":{"line":233,"column":24}},"85":{"start":{"line":238,"column":8},"end":{"line":250,"column":9}},"86":{"start":{"line":240,"column":12},"end":{"line":242,"column":13}},"87":{"start":{"line":241,"column":16},"end":{"line":241,"column":68}},"88":{"start":{"line":244,"column":28},"end":{"line":244,"column":93}},"89":{"start":{"line":246,"column":12},"end":{"line":246,"column":27}},"90":{"start":{"line":249,"column":12},"end":{"line":249,"column":24}},"91":{"start":{"line":254,"column":8},"end":{"line":262,"column":9}},"92":{"start":{"line":256,"column":36},"end":{"line":256,"column":92}},"93":{"start":{"line":258,"column":12},"end":{"line":258,"column":35}},"94":{"start":{"line":261,"column":12},"end":{"line":261,"column":24}},"95":{"start":{"line":266,"column":8},"end":{"line":274,"column":9}},"96":{"start":{"line":268,"column":27},"end":{"line":268,"column":81}},"97":{"start":{"line":270,"column":12},"end":{"line":270,"column":26}},"98":{"start":{"line":273,"column":12},"end":{"line":273,"column":24}},"99":{"start":{"line":279,"column":8},"end":{"line":286,"column":9}},"100":{"start":{"line":281,"column":28},"end":{"line":281,"column":76}},"101":{"start":{"line":282,"column":12},"end":{"line":282,"column":27}},"102":{"start":{"line":285,"column":12},"end":{"line":285,"column":24}},"103":{"start":{"line":291,"column":8},"end":{"line":297,"column":9}},"104":{"start":{"line":293,"column":12},"end":{"line":293,"column":72}},"105":{"start":{"line":296,"column":12},"end":{"line":296,"column":24}},"106":{"start":{"line":301,"column":8},"end":{"line":309,"column":9}},"107":{"start":{"line":303,"column":32},"end":{"line":303,"column":82}},"108":{"start":{"line":305,"column":12},"end":{"line":305,"column":31}},"109":{"start":{"line":308,"column":12},"end":{"line":308,"column":24}},"110":{"start":{"line":314,"column":0},"end":{"line":314,"column":39}}},"fnMap":{"0":{"name":"(anonymous_1)","decl":{"start":{"line":17,"column":4},"end":{"line":17,"column":9}},"loc":{"start":{"line":17,"column":35},"end":{"line":35,"column":5}}},"1":{"name":"(anonymous_2)","decl":{"start":{"line":37,"column":4},"end":{"line":37,"column":9}},"loc":{"start":{"line":37,"column":35},"end":{"line":56,"column":5}}},"2":{"name":"(anonymous_3)","decl":{"start":{"line":58,"column":4},"end":{"line":58,"column":9}},"loc":{"start":{"line":58,"column":60},"end":{"line":70,"column":5}}},"3":{"name":"(anonymous_4)","decl":{"start":{"line":72,"column":4},"end":{"line":72,"column":9}},"loc":{"start":{"line":72,"column":21},"end":{"line":85,"column":5}}},"4":{"name":"(anonymous_5)","decl":{"start":{"line":77,"column":38},"end":{"line":77,"column":40}},"loc":{"start":{"line":77,"column":44},"end":{"line":77,"column":50}}},"5":{"name":"(anonymous_6)","decl":{"start":{"line":87,"column":4},"end":{"line":87,"column":9}},"loc":{"start":{"line":87,"column":43},"end":{"line":97,"column":5}}},"6":{"name":"(anonymous_7)","decl":{"start":{"line":99,"column":4},"end":{"line":99,"column":9}},"loc":{"start":{"line":99,"column":76},"end":{"line":109,"column":5}}},"7":{"name":"(anonymous_8)","decl":{"start":{"line":111,"column":4},"end":{"line":111,"column":9}},"loc":{"start":{"line":111,"column":57},"end":{"line":119,"column":5}}},"8":{"name":"(anonymous_9)","decl":{"start":{"line":121,"column":4},"end":{"line":121,"column":9}},"loc":{"start":{"line":121,"column":42},"end":{"line":128,"column":5}}},"9":{"name":"(anonymous_10)","decl":{"start":{"line":130,"column":4},"end":{"line":130,"column":9}},"loc":{"start":{"line":130,"column":61},"end":{"line":139,"column":5}}},"10":{"name":"(anonymous_11)","decl":{"start":{"line":141,"column":4},"end":{"line":141,"column":9}},"loc":{"start":{"line":141,"column":46},"end":{"line":149,"column":5}}},"11":{"name":"(anonymous_12)","decl":{"start":{"line":151,"column":4},"end":{"line":151,"column":9}},"loc":{"start":{"line":151,"column":36},"end":{"line":165,"column":5}}},"12":{"name":"(anonymous_13)","decl":{"start":{"line":166,"column":4},"end":{"line":166,"column":9}},"loc":{"start":{"line":166,"column":27},"end":{"line":177,"column":5}}},"13":{"name":"(anonymous_14)","decl":{"start":{"line":179,"column":4},"end":{"line":179,"column":9}},"loc":{"start":{"line":179,"column":62},"end":{"line":189,"column":5}}},"14":{"name":"(anonymous_15)","decl":{"start":{"line":191,"column":4},"end":{"line":191,"column":9}},"loc":{"start":{"line":191,"column":64},"end":{"line":200,"column":5}}},"15":{"name":"(anonymous_16)","decl":{"start":{"line":202,"column":4},"end":{"line":202,"column":9}},"loc":{"start":{"line":202,"column":66},"end":{"line":213,"column":5}}},"16":{"name":"(anonymous_17)","decl":{"start":{"line":215,"column":4},"end":{"line":215,"column":9}},"loc":{"start":{"line":215,"column":85},"end":{"line":225,"column":5}}},"17":{"name":"(anonymous_18)","decl":{"start":{"line":227,"column":4},"end":{"line":227,"column":9}},"loc":{"start":{"line":227,"column":64},"end":{"line":235,"column":5}}},"18":{"name":"(anonymous_19)","decl":{"start":{"line":237,"column":4},"end":{"line":237,"column":9}},"loc":{"start":{"line":237,"column":71},"end":{"line":251,"column":5}}},"19":{"name":"(anonymous_20)","decl":{"start":{"line":253,"column":4},"end":{"line":253,"column":9}},"loc":{"start":{"line":253,"column":46},"end":{"line":263,"column":5}}},"20":{"name":"(anonymous_21)","decl":{"start":{"line":265,"column":4},"end":{"line":265,"column":9}},"loc":{"start":{"line":265,"column":54},"end":{"line":276,"column":5}}},"21":{"name":"(anonymous_22)","decl":{"start":{"line":278,"column":4},"end":{"line":278,"column":9}},"loc":{"start":{"line":278,"column":38},"end":{"line":288,"column":5}}},"22":{"name":"(anonymous_23)","decl":{"start":{"line":290,"column":4},"end":{"line":290,"column":9}},"loc":{"start":{"line":290,"column":57},"end":{"line":298,"column":5}}},"23":{"name":"(anonymous_24)","decl":{"start":{"line":300,"column":4},"end":{"line":300,"column":9}},"loc":{"start":{"line":300,"column":40},"end":{"line":310,"column":5}}}},"branchMap":{"0":{"loc":{"start":{"line":240,"column":12},"end":{"line":242,"column":13}},"type":"if","locations":[{"start":{"line":240,"column":12},"end":{"line":242,"column":13}},{"start":{},"end":{}}]},"1":{"loc":{"start":{"line":240,"column":16},"end":{"line":240,"column":49}},"type":"binary-expr","locations":[{"start":{"line":240,"column":16},"end":{"line":240,"column":24}},{"start":{"line":240,"column":28},"end":{"line":240,"column":49}}]}},"s":{"0":5,"1":5,"2":5,"3":5,"4":5,"5":5,"6":5,"7":5,"8":5,"9":82,"10":82,"11":80,"12":80,"13":80,"14":2,"15":77,"16":77,"17":75,"18":75,"19":75,"20":2,"21":17,"22":17,"23":17,"24":17,"25":0,"26":0,"27":0,"28":0,"29":0,"30":0,"31":0,"32":0,"33":4,"34":4,"35":4,"36":0,"37":2,"38":2,"39":1,"40":1,"41":2,"42":2,"43":1,"44":3,"45":3,"46":1,"47":2,"48":17,"49":17,"50":15,"51":2,"52":0,"53":0,"54":0,"55":0,"56":0,"57":1,"58":1,"59":1,"60":1,"61":0,"62":1,"63":1,"64":1,"65":0,"66":1,"67":1,"68":1,"69":0,"70":4,"71":4,"72":3,"73":1,"74":3,"75":3,"76":1,"77":2,"78":3,"79":3,"80":1,"81":2,"82":1,"83":1,"84":1,"85":9,"86":9,"87":0,"88":9,"89":9,"90":0,"91":2,"92":2,"93":2,"94":0,"95":3,"96":3,"97":2,"98":1,"99":2,"100":2,"101":2,"102":0,"103":2,"104":2,"105":1,"106":3,"107":3,"108":3,"109":0,"110":5},"f":{"0":82,"1":77,"2":17,"3":0,"4":0,"5":4,"6":2,"7":2,"8":3,"9":17,"10":0,"11":1,"12":1,"13":1,"14":4,"15":3,"16":3,"17":1,"18":9,"19":2,"20":3,"21":2,"22":2,"23":3},"b":{"0":[0,9],"1":[9,9]}}
,"/home/cecilia/Documents/CTable/backend/src/utils/validationUser.ts": {"path":"/home/cecilia/Documents/CTable/backend/src/utils/validationUser.ts","statementMap":{"0":{"start":{"line":13,"column":0},"end":{"line":13,"column":16}},"1":{"start":{"line":1,"column":0},"end":{"line":1,"column":24}},"2":{"start":{"line":4,"column":19},"end":{"line":10,"column":2}},"3":{"start":{"line":14,"column":4},"end":{"line":14,"column":27}}},"fnMap":{"0":{"name":"userValidate","decl":{"start":{"line":13,"column":16},"end":{"line":13,"column":28}},"loc":{"start":{"line":13,"column":43},"end":{"line":15,"column":1}}}},"branchMap":{},"s":{"0":5,"1":5,"2":5,"3":82},"f":{"0":82},"b":{}}
}
