TN:
SF:src/app.ts
FN:8,(anonymous_1)
FN:14,(anonymous_2)
FN:19,(anonymous_3)
FNF:3
FNH:3
FNDA:1,(anonymous_1)
FNDA:1,(anonymous_2)
FNDA:1,(anonymous_3)
DA:1,1
DA:2,1
DA:3,1
DA:9,1
DA:10,1
DA:11,1
DA:15,1
DA:16,1
DA:20,1
DA:24,1
LF:10
LH:10
BRF:0
BRH:0
end_of_record
TN:
SF:src/routes.ts
FN:8,(anonymous_1)
FN:36,(anonymous_2)
FN:59,(anonymous_3)
FNF:3
FNH:2
FNDA:5,(anonymous_1)
FNDA:2,(anonymous_2)
FNDA:0,(anonymous_3)
DA:1,1
DA:2,1
DA:3,1
DA:5,1
DA:8,1
DA:9,5
DA:10,5
DA:11,5
DA:12,4
DA:15,1
DA:16,0
DA:17,0
DA:23,1
DA:24,1
DA:25,1
DA:26,1
DA:30,0
DA:31,0
DA:36,1
DA:37,2
DA:39,2
DA:41,1
DA:48,1
DA:49,1
DA:50,1
DA:51,1
DA:59,1
DA:60,0
DA:62,0
DA:70,1
LF:30
LH:24
BRDA:15,0,0,0
BRDA:15,0,1,1
BRDA:23,1,0,1
BRDA:23,1,1,0
BRDA:24,2,0,1
BRDA:24,2,1,0
BRDA:48,3,0,1
BRDA:48,3,1,0
BRDA:49,4,0,1
BRDA:49,4,1,0
BRF:10
BRH:5
end_of_record
TN:
SF:src/business/businessLogicAuth.ts
FN:11,(anonymous_1)
FN:45,(anonymous_2)
FNF:2
FNH:2
FNDA:5,(anonymous_1)
FNDA:2,(anonymous_2)
DA:3,1
DA:4,1
DA:5,1
DA:12,5
DA:14,5
DA:19,5
DA:20,1
DA:21,1
DA:23,0
DA:24,0
DA:28,4
DA:30,4
DA:32,4
DA:35,4
DA:46,2
DA:47,2
DA:51,2
DA:52,0
DA:55,2
DA:60,2
DA:61,1
DA:64,1
DA:66,1
DA:69,1
DA:70,1
DA:77,1
LF:26
LH:23
BRDA:19,0,0,1
BRDA:19,0,1,4
BRDA:20,1,0,1
BRDA:20,1,1,0
BRDA:23,2,0,0
BRDA:23,2,1,0
BRDA:51,3,0,0
BRDA:51,3,1,2
BRDA:60,4,0,1
BRDA:60,4,1,1
BRF:10
BRH:6
end_of_record
TN:
SF:src/business/businessLogicCommunity.ts
FN:8,(anonymous_0)
FN:12,(anonymous_1)
FN:16,(anonymous_2)
FNF:3
FNH:0
FNDA:0,(anonymous_0)
FNDA:0,(anonymous_1)
FNDA:0,(anonymous_2)
DA:9,0
DA:23,0
LF:2
LH:0
BRF:0
BRH:0
end_of_record
TN:
SF:src/business/businessLogicProfile.ts
FN:10,(anonymous_0)
FN:14,(anonymous_1)
FNF:2
FNH:0
FNDA:0,(anonymous_0)
FNDA:0,(anonymous_1)
DA:21,0
LF:1
LH:0
BRF:0
BRH:0
end_of_record
TN:
SF:src/business/businessLogicProject.ts
FN:9,(anonymous_0)
FN:13,(anonymous_1)
FN:17,(anonymous_2)
FNF:3
FNH:0
FNDA:0,(anonymous_0)
FNDA:0,(anonymous_1)
FNDA:0,(anonymous_2)
DA:10,0
DA:24,1
LF:2
LH:1
BRF:0
BRH:0
end_of_record
TN:
SF:src/controller/requestController.ts
FN:11,(anonymous_1)
FN:25,(anonymous_2)
FN:47,(anonymous_3)
FNF:3
FNH:2
FNDA:5,(anonymous_1)
FNDA:2,(anonymous_2)
FNDA:0,(anonymous_3)
DA:1,1
DA:2,1
DA:5,1
DA:7,1
DA:12,5
DA:14,5
DA:16,5
DA:20,1
DA:21,1
DA:26,2
DA:27,2
DA:29,2
DA:31,1
DA:33,1
DA:39,1
DA:42,1
DA:43,1
DA:48,0
DA:50,0
DA:52,0
DA:54,0
DA:59,1
LF:22
LH:18
BRF:0
BRH:0
end_of_record
TN:
SF:src/models/Comment.ts
FN:16,(anonymous_0)
FNF:1
FNH:0
FNDA:0,(anonymous_0)
DA:10,0
DA:17,0
DA:18,0
DA:19,0
DA:20,0
LF:5
LH:0
BRF:0
BRH:0
end_of_record
TN:
SF:src/models/Community.ts
FN:20,(anonymous_0)
FNF:1
FNH:0
FNDA:0,(anonymous_0)
DA:12,0
DA:21,0
DA:22,0
DA:23,0
DA:24,0
DA:25,0
DA:26,0
LF:7
LH:0
BRF:0
BRH:0
end_of_record
TN:
SF:src/models/Project.ts
FN:22,(anonymous_0)
FNF:1
FNH:0
FNDA:0,(anonymous_0)
DA:13,0
DA:23,0
DA:24,0
DA:26,0
DA:27,0
LF:5
LH:0
BRF:0
BRH:0
end_of_record
TN:
SF:src/models/User.ts
FN:24,(anonymous_0)
FN:31,(anonymous_1)
FN:35,(anonymous_2)
FN:39,(anonymous_3)
FN:43,(anonymous_4)
FN:47,(anonymous_5)
FN:51,(anonymous_6)
FN:55,(anonymous_7)
FN:59,(anonymous_8)
FN:63,(anonymous_9)
FN:67,(anonymous_10)
FNF:11
FNH:0
FNDA:0,(anonymous_0)
FNDA:0,(anonymous_1)
FNDA:0,(anonymous_2)
FNDA:0,(anonymous_3)
FNDA:0,(anonymous_4)
FNDA:0,(anonymous_5)
FNDA:0,(anonymous_6)
FNDA:0,(anonymous_7)
FNDA:0,(anonymous_8)
FNDA:0,(anonymous_9)
FNDA:0,(anonymous_10)
DA:15,0
DA:25,0
DA:26,0
DA:27,0
DA:68,0
LF:5
LH:0
BRF:0
BRH:0
end_of_record
TN:
SF:src/utils/validationUser.ts
FN:13,userValidate
FNF:1
FNH:1
FNDA:5,userValidate
DA:1,1
DA:4,1
DA:13,1
DA:14,5
LF:4
LH:4
BRF:0
BRH:0
end_of_record
